Mplus VERSION 8.6 (Mac)
MUTHEN & MUTHEN
01/08/2024   9:52 AM

INPUT INSTRUCTIONS

  TITLE:
  M3: Class3
  DATA:
  FILE = "/Users/agarber/github/Intro_to_LPA/m3_enum/c_lpa_m3.dat";

  VARIABLE:
  NAMES = rural gender fathed mothed mth_scor sci_scor phy_scor bio_scor;
   MISSING=.;
   usevar = mth_scor-bio_scor;
  classes = c(3);
  ANALYSIS:
  estimator = mlr;
      type = mixture;
      starts = 200 50;
      processors = 10;
  MODEL:
  %c#1%
      [mth_scor-bio_scor];          !!! means are freely estimated
      mth_scor-bio_scor(1-4);       !!! variances are fixed to equality
      mth_scor with sci_scor;       !!! covariances are freely estimated
      mth_scor with phy_scor;
      mth_scor with bio_scor;
      sci_scor with phy_scor;
      sci_scor with bio_scor;
      phy_scor with bio_scor;

   %c#2%
   [mth_scor-bio_scor];
   mth_scor-bio_scor(1-4);
   mth_scor with sci_scor;
   mth_scor with phy_scor;
   mth_scor with bio_scor;
   sci_scor with phy_scor;
   sci_scor with bio_scor;
   phy_scor with bio_scor;

   %c#3%
   [mth_scor-bio_scor];
   mth_scor-bio_scor(1-4);
   mth_scor with sci_scor;
   mth_scor with phy_scor;
   mth_scor with bio_scor;
   sci_scor with phy_scor;
   sci_scor with bio_scor;
   phy_scor with bio_scor;

  ! %c#4%
  ! [mth_scor-bio_scor];
  ! mth_scor-bio_scor(1-4);
  ! mth_scor with sci_scor;
  ! mth_scor with phy_scor;
  ! mth_scor with bio_scor;
  ! sci_scor with phy_scor;
  ! sci_scor with bio_scor;
  ! phy_scor with bio_scor;
  OUTPUT:
  sampstat residual tech11 tech14;
  PLOT:
  type = plot3;
       series = mth_scor-bio_scor(*);



*** WARNING in MODEL command
  All variables are uncorrelated with all other variables within class.
  Check that this is what is intended.
*** WARNING
  Data set contains cases with missing on all variables.
  These cases were not included in the analysis.
  Number of cases with missing on all variables:  2842
   2 WARNING(S) FOUND IN THE INPUT INSTRUCTIONS




M3: Class3

SUMMARY OF ANALYSIS

Number of groups                                                 1
Number of observations                                        3103

Number of dependent variables                                    4
Number of independent variables                                  0
Number of continuous latent variables                            0
Number of categorical latent variables                           1

Observed dependent variables

  Continuous
   MTH_SCOR    SCI_SCOR    PHY_SCOR    BIO_SCOR

Categorical latent variables
   C


Estimator                                                      MLR
Information matrix                                        OBSERVED
Optimization Specifications for the Quasi-Newton Algorithm for
Continuous Outcomes
  Maximum number of iterations                                 100
  Convergence criterion                                  0.100D-05
Optimization Specifications for the EM Algorithm
  Maximum number of iterations                                 500
  Convergence criteria
    Loglikelihood change                                 0.100D-06
    Relative loglikelihood change                        0.100D-06
    Derivative                                           0.100D-05
Optimization Specifications for the M step of the EM Algorithm for
Categorical Latent variables
  Number of M step iterations                                    1
  M step convergence criterion                           0.100D-05
  Basis for M step termination                           ITERATION
Optimization Specifications for the M step of the EM Algorithm for
Censored, Binary or Ordered Categorical (Ordinal), Unordered
Categorical (Nominal) and Count Outcomes
  Number of M step iterations                                    1
  M step convergence criterion                           0.100D-05
  Basis for M step termination                           ITERATION
  Maximum value for logit thresholds                            15
  Minimum value for logit thresholds                           -15
  Minimum expected cell size for chi-square              0.100D-01
Maximum number of iterations for H1                           2000
Convergence criterion for H1                             0.100D-03
Optimization algorithm                                         EMA
Random Starts Specifications
  Number of initial stage random starts                        200
  Number of final stage optimizations                           50
  Number of initial stage iterations                            10
  Initial stage convergence criterion                    0.100D+01
  Random starts scale                                    0.500D+01
  Random seed for generating random starts                       0

Input data file(s)
  /Users/agarber/github/Intro_to_LPA/m3_enum/c_lpa_m3.dat
Input data format  FREE


SUMMARY OF DATA

     Number of missing data patterns             3
     Number of y missing data patterns           3
     Number of u missing data patterns           0


COVARIANCE COVERAGE OF DATA

Minimum covariance coverage value   0.100


     PROPORTION OF DATA PRESENT FOR Y


           Covariance Coverage
              MTH_SCOR      SCI_SCOR      PHY_SCOR      BIO_SCOR
              ________      ________      ________      ________
 MTH_SCOR       0.995
 SCI_SCOR       0.994         0.998
 PHY_SCOR       0.994         0.998         0.998
 BIO_SCOR       0.994         0.998         0.998         0.998


SAMPLE STATISTICS


     ESTIMATED SAMPLE STATISTICS


           Means
              MTH_SCOR      SCI_SCOR      PHY_SCOR      BIO_SCOR
              ________      ________      ________      ________
               50.368        50.358        50.347        50.325


           Covariances
              MTH_SCOR      SCI_SCOR      PHY_SCOR      BIO_SCOR
              ________      ________      ________      ________
 MTH_SCOR     103.638
 SCI_SCOR      74.304       104.230
 PHY_SCOR      70.074        98.602       104.378
 BIO_SCOR      58.375        81.622        68.856       101.347


           Correlations
              MTH_SCOR      SCI_SCOR      PHY_SCOR      BIO_SCOR
              ________      ________      ________      ________
 MTH_SCOR       1.000
 SCI_SCOR       0.715         1.000
 PHY_SCOR       0.674         0.945         1.000
 BIO_SCOR       0.570         0.794         0.669         1.000


     MAXIMUM LOG-LIKELIHOOD VALUE FOR THE UNRESTRICTED (H1) MODEL IS -39883.582


UNIVARIATE SAMPLE STATISTICS


     UNIVARIATE HIGHER-ORDER MOMENT DESCRIPTIVE STATISTICS

         Variable/         Mean/     Skewness/   Minimum/ % with                Percentiles
        Sample Size      Variance    Kurtosis    Maximum  Min/Max      20%/60%    40%/80%    Median

     MTH_SCOR             50.381       0.205      27.360    0.03%      40.870     46.940     50.045
            3088.000     103.684      -0.572      85.070    0.03%      53.150     59.660
     SCI_SCOR             50.366       0.193      26.140    0.03%      40.910     47.150     50.020
            3098.000     104.263      -0.460      88.030    0.03%      52.940     59.270
     PHY_SCOR             50.354       0.246      25.500    0.03%      40.880     47.290     50.165
            3098.000     104.408      -0.238      87.290    0.06%      52.960     58.770
     BIO_SCOR             50.330      -0.036      24.750    0.16%      41.170     47.910     50.240
            3098.000     101.367      -0.358      70.580    5.75%      53.010     58.650

RANDOM STARTS RESULTS RANKED FROM THE BEST TO THE WORST LOGLIKELIHOOD VALUES


6 perturbed starting value run(s) did not converge or were rejected in the third stage.
Final stage loglikelihood values at local maxima, seeds, and initial stage start numbers:

          -39724.246  292884           103
          -39724.246  313407           132
          -39724.246  165853           105
          -39724.246  259507           53
          -39724.246  268217           83
          -39724.246  383986           159
          -39724.246  264081           186
          -39724.246  863094           147
          -39724.246  782200           84
          -39724.246  207896           25
          -39724.246  928287           197
          -39724.246  783165           170
          -39724.246  726035           191
          -39724.246  476498           179
          -39724.246  603842           61
          -39724.246  648555           113
          -39724.246  unperturbed      0
          -39724.246  168762           200
          -39724.246  967902           52
          -39724.246  370466           41
          -39724.246  696773           80
          -39724.246  192071           142
          -39724.246  569131           26
          -39724.246  848969           173
          -39724.246  723775           97
          -39724.246  784664           75
          -39724.246  848331           137
          -39724.246  544048           87
          -39738.107  509733           130
          -39738.107  354208           196
          -39755.130  263268           165
          -39769.436  987090           70

18 perturbed starting value run(s) did not converge or were rejected in the third stage.



THE BEST LOGLIKELIHOOD VALUE HAS BEEN REPLICATED.  RERUN WITH AT LEAST TWICE THE
RANDOM STARTS TO CHECK THAT THE BEST LOGLIKELIHOOD IS STILL OBTAINED AND REPLICATED.


THE MODEL ESTIMATION TERMINATED NORMALLY



MODEL FIT INFORMATION

Number of Free Parameters                       36

Loglikelihood

          H0 Value                      -39724.246
          H0 Scaling Correction Factor      1.1938
            for MLR

Information Criteria

          Akaike (AIC)                   79520.491
          Bayesian (BIC)                 79737.936
          Sample-Size Adjusted BIC       79623.549
            (n* = (n + 2) / 24)



FINAL CLASS COUNTS AND PROPORTIONS FOR THE LATENT CLASSES
BASED ON THE ESTIMATED MODEL

    Latent
   Classes

       1        989.35916          0.31884
       2       1262.35718          0.40682
       3        851.28366          0.27434


FINAL CLASS COUNTS AND PROPORTIONS FOR THE LATENT CLASSES
BASED ON ESTIMATED POSTERIOR PROBABILITIES

    Latent
   Classes

       1        989.35916          0.31884
       2       1262.35718          0.40682
       3        851.28366          0.27434


FINAL CLASS COUNTS AND PROPORTIONS FOR THE LATENT CLASSES
BASED ON THEIR MOST LIKELY LATENT CLASS MEMBERSHIP

Class Counts and Proportions

    Latent
   Classes

       1             1009          0.32517
       2             1271          0.40960
       3              823          0.26523


CLASSIFICATION QUALITY

     Entropy                         0.575


Average Latent Class Probabilities for Most Likely Latent Class Membership (Row)
by Latent Class (Column)

           1        2        3

    1   0.680    0.170    0.151
    2   0.140    0.855    0.005
    3   0.152    0.006    0.842


Classification Probabilities for the Most Likely Latent Class Membership (Column)
by Latent Class (Row)

           1        2        3

    1   0.693    0.180    0.127
    2   0.136    0.861    0.004
    3   0.178    0.008    0.814


Logits for the Classification Probabilities for the Most Likely Latent Class Membership (Column)
by Latent Class (Row)

              1        2        3

    1      1.698    0.350    0.000
    2      3.599    5.446    0.000
    3     -1.518   -4.658    0.000


MODEL RESULTS

                                                    Two-Tailed
                    Estimate       S.E.  Est./S.E.    P-Value

Latent Class 1

 MTH_SCOR WITH
    SCI_SCOR           3.116      4.041      0.771      0.441
    PHY_SCOR           6.497      3.483      1.865      0.062
    BIO_SCOR           1.448      5.799      0.250      0.803

 SCI_SCOR WITH
    PHY_SCOR          42.390      3.722     11.388      0.000
    BIO_SCOR          33.671      9.160      3.676      0.000

 PHY_SCOR WITH
    BIO_SCOR          29.430      8.023      3.668      0.000

 Means
    MTH_SCOR          51.593      1.560     33.069      0.000
    SCI_SCOR          51.826      0.881     58.835      0.000
    PHY_SCOR          51.657      0.878     58.830      0.000
    BIO_SCOR          52.191      0.571     91.394      0.000

 Variances
    MTH_SCOR          44.764      6.501      6.886      0.000
    SCI_SCOR          41.046      4.667      8.795      0.000
    PHY_SCOR          54.598      3.630     15.041      0.000
    BIO_SCOR          60.684      9.602      6.320      0.000

Latent Class 2

 MTH_SCOR WITH
    SCI_SCOR          15.283      3.764      4.060      0.000
    PHY_SCOR          18.019      5.082      3.546      0.000
    BIO_SCOR          11.119      2.475      4.493      0.000

 SCI_SCOR WITH
    PHY_SCOR          41.398      4.245      9.753      0.000
    BIO_SCOR          28.900      7.415      3.897      0.000

 PHY_SCOR WITH
    BIO_SCOR          19.272      7.049      2.734      0.006

 Means
    MTH_SCOR          42.219      0.424     99.501      0.000
    SCI_SCOR          41.825      0.970     43.105      0.000
    PHY_SCOR          42.745      0.769     55.600      0.000
    BIO_SCOR          43.238      1.541     28.061      0.000

 Variances
    MTH_SCOR          44.764      6.501      6.886      0.000
    SCI_SCOR          41.046      4.667      8.795      0.000
    PHY_SCOR          54.598      3.630     15.041      0.000
    BIO_SCOR          60.684      9.602      6.320      0.000

Latent Class 3

 MTH_SCOR WITH
    SCI_SCOR          22.726      1.998     11.373      0.000
    PHY_SCOR          23.516      2.328     10.101      0.000
    BIO_SCOR          17.722      3.528      5.023      0.000

 SCI_SCOR WITH
    PHY_SCOR          44.185      4.017     10.999      0.000
    BIO_SCOR          31.352      6.837      4.586      0.000

 PHY_SCOR WITH
    BIO_SCOR          24.646      5.795      4.253      0.000

 Means
    MTH_SCOR          61.029      0.686     89.009      0.000
    SCI_SCOR          61.304      0.753     81.448      0.000
    PHY_SCOR          60.096      0.792     75.891      0.000
    BIO_SCOR          58.662      0.812     72.264      0.000

 Variances
    MTH_SCOR          44.764      6.501      6.886      0.000
    SCI_SCOR          41.046      4.667      8.795      0.000
    PHY_SCOR          54.598      3.630     15.041      0.000
    BIO_SCOR          60.684      9.602      6.320      0.000

Categorical Latent Variables

 Means
    C#1                0.150      0.239      0.628      0.530
    C#2                0.394      0.188      2.094      0.036


QUALITY OF NUMERICAL RESULTS

     Condition Number for the Information Matrix              0.197E-06
       (ratio of smallest to largest eigenvalue)


RESIDUAL OUTPUT


     ESTIMATED MODEL AND RESIDUALS (OBSERVED - ESTIMATED) FOR CLASS 1


           Model Estimated Means
              MTH_SCOR      SCI_SCOR      PHY_SCOR      BIO_SCOR
              ________      ________      ________      ________
               51.593        51.826        51.657        52.191


           Residuals for Means
              MTH_SCOR      SCI_SCOR      PHY_SCOR      BIO_SCOR
              ________      ________      ________      ________
                0.001         0.001         0.001         0.000


           Model Estimated Covariances
              MTH_SCOR      SCI_SCOR      PHY_SCOR      BIO_SCOR
              ________      ________      ________      ________
 MTH_SCOR      44.764
 SCI_SCOR       3.116        41.046
 PHY_SCOR       6.497        42.390        54.598
 BIO_SCOR       1.448        33.671        29.430        60.684


           Residuals for Covariances
              MTH_SCOR      SCI_SCOR      PHY_SCOR      BIO_SCOR
              ________      ________      ________      ________
 MTH_SCOR       4.069
 SCI_SCOR       0.885        -1.655
 PHY_SCOR       1.300        -1.726        -1.813
 BIO_SCOR       0.333        -1.700        -1.703        -2.055


     ESTIMATED MODEL AND RESIDUALS (OBSERVED - ESTIMATED) FOR CLASS 2


           Model Estimated Means
              MTH_SCOR      SCI_SCOR      PHY_SCOR      BIO_SCOR
              ________      ________      ________      ________
               42.219        41.825        42.745        43.238


           Residuals for Means
              MTH_SCOR      SCI_SCOR      PHY_SCOR      BIO_SCOR
              ________      ________      ________      ________
                0.002         0.000         0.000         0.000


           Model Estimated Covariances
              MTH_SCOR      SCI_SCOR      PHY_SCOR      BIO_SCOR
              ________      ________      ________      ________
 MTH_SCOR      44.764
 SCI_SCOR      15.283        41.046
 PHY_SCOR      18.019        41.398        54.598
 BIO_SCOR      11.119        28.900        19.272        60.684


           Residuals for Covariances
              MTH_SCOR      SCI_SCOR      PHY_SCOR      BIO_SCOR
              ________      ________      ________      ________
 MTH_SCOR      -3.985
 SCI_SCOR      -1.663        -1.936
 PHY_SCOR      -2.674        -3.509        -5.356
 BIO_SCOR      -0.027         0.927        -0.378         4.044


     ESTIMATED MODEL AND RESIDUALS (OBSERVED - ESTIMATED) FOR CLASS 3


           Model Estimated Means
              MTH_SCOR      SCI_SCOR      PHY_SCOR      BIO_SCOR
              ________      ________      ________      ________
               61.029        61.304        60.096        58.662


           Residuals for Means
              MTH_SCOR      SCI_SCOR      PHY_SCOR      BIO_SCOR
              ________      ________      ________      ________
                0.006         0.002         0.002         0.001


           Model Estimated Covariances
              MTH_SCOR      SCI_SCOR      PHY_SCOR      BIO_SCOR
              ________      ________      ________      ________
 MTH_SCOR      44.764
 SCI_SCOR      22.726        41.046
 PHY_SCOR      23.516        44.185        54.598
 BIO_SCOR      17.722        31.352        24.646        60.684


           Residuals for Covariances
              MTH_SCOR      SCI_SCOR      PHY_SCOR      BIO_SCOR
              ________      ________      ________      ________
 MTH_SCOR       1.859
 SCI_SCOR       3.656         4.817
 PHY_SCOR       4.808         6.643         8.773
 BIO_SCOR       1.057         0.685         2.103        -3.380


TECHNICAL 11 OUTPUT

     Random Starts Specifications for the k-1 Class Analysis Model
        Number of initial stage random starts                 200
        Number of final stage optimizations                    50



     VUONG-LO-MENDELL-RUBIN LIKELIHOOD RATIO TEST FOR 2 (H0) VERSUS 3 CLASSES

          H0 Loglikelihood Value                       -39769.436
          2 Times the Loglikelihood Difference             90.380
          Difference in the Number of Parameters               11
          Mean                                             55.807
          Standard Deviation                               71.410
          P-Value                                          0.1976

     LO-MENDELL-RUBIN ADJUSTED LRT TEST

          Value                                            89.369
          P-Value                                          0.2004


TECHNICAL 14 OUTPUT

     Random Starts Specifications for the k-1 Class Analysis Model
        Number of initial stage random starts                 200
        Number of final stage optimizations                    50

     Random Starts Specification for the k-1 Class Model for Generated Data
        Number of initial stage random starts                   0
        Number of final stage optimizations for the
           initial stage random starts                          0
     Random Starts Specification for the k Class Model for Generated Data
        Number of initial stage random starts                  40
        Number of final stage optimizations                     8
     Number of bootstrap draws requested                   Varies


     PARAMETRIC BOOTSTRAPPED LIKELIHOOD RATIO TEST FOR 2 (H0) VERSUS 3 CLASSES

          H0 Loglikelihood Value                       -39769.436
          2 Times the Loglikelihood Difference             90.380
          Difference in the Number of Parameters               11
          Approximate P-Value                              0.0000
          Successful Bootstrap Draws                           10

     WARNING:  OF THE 10 BOOTSTRAP DRAWS, 10 DRAWS HAD BOTH A SMALLER LRT VALUE THAN THE
     OBSERVED LRT VALUE AND NOT A REPLICATED BEST LOGLIKELIHOOD VALUE FOR THE 3-CLASS MODEL.
     THIS MEANS THAT THE P-VALUE MAY NOT BE TRUSTWORTHY DUE TO LOCAL MAXIMA.
     INCREASE THE NUMBER OF RANDOM STARTS USING THE LRTSTARTS OPTION.



PLOT INFORMATION

The following plots are available:

  Histograms (sample values)
  Scatterplots (sample values)
  Sample means
  Estimated means, medians, modes, and percentiles
  Sample and estimated means
  Observed individual values
  Estimated means and observed individual values
  Estimated overall and class-specific distributions

     Beginning Time:  09:52:38
        Ending Time:  09:53:03
       Elapsed Time:  00:00:25



MUTHEN & MUTHEN
3463 Stoner Ave.
Los Angeles, CA  90066

Tel: (310) 391-9971
Fax: (310) 391-8971
Web: www.StatModel.com
Support: Support@StatModel.com

Copyright (c) 1998-2021 Muthen & Muthen
