Mplus VERSION 8.6 (Mac)
MUTHEN & MUTHEN
01/30/2024   9:48 AM

INPUT INSTRUCTIONS

  TITLE:
  M1: Class5
  DATA:
  FILE = "/Users/agarber/github/Intro_to_LPA/m1_enum/c_lpa_m1.dat";

  VARIABLE:
  NAMES = rural gender fathed mothed mth_scor sci_scor phy_scor bio_scor;
   MISSING=.;
   usevar = mth_scor-bio_scor;
  classes = c(5);
  ANALYSIS:
  estimator = mlr;
      type = mixture;
      starts = 200 50;
      processors = 10;
  MODEL:
  !!!!!!!!!!!!!!!!!!!!!!!!!!!!!!!!!!!!!!!!!!!!!!!!!!!!!!!!!!!!!!!!!!!!!!!!!
       !!!          Syntax replicates default Mplus specification            !!!
       !!!!!!!!!!!!!!!!!!!!!!!!!!!!!!!!!!!!!!!!!!!!!!!!!!!!!!!!!!!!!!!!!!!!!!!!!

       %c#1%
       [mth_scor-bio_scor];     !!! means are are freely estimated  (default)
       mth_scor-bio_scor(1-4);  !!! variances are fixed to equality (default)
                                !!! covariances are fixed to zero   (default)
   %c#2%
   [mth_scor-bio_scor];
   mth_scor-bio_scor(1-4);

   %c#3%
   [mth_scor-bio_scor];
   mth_scor-bio_scor(1-4);

   %c#4%
   [mth_scor-bio_scor];
   mth_scor-bio_scor(1-4);

   %c#5%
   [mth_scor-bio_scor];
   mth_scor-bio_scor(1-4);

  ! %c#6%
  ! [mth_scor-bio_scor];
  ! mth_scor-bio_scor(1-4);
  OUTPUT:
  sampstat residual tech11 tech14;
  PLOT:
  type = plot3;
       series = mth_scor-bio_scor(*);



*** WARNING in MODEL command
  All variables are uncorrelated with all other variables within class.
  Check that this is what is intended.
*** WARNING
  Data set contains cases with missing on all variables.
  These cases were not included in the analysis.
  Number of cases with missing on all variables:  2842
   2 WARNING(S) FOUND IN THE INPUT INSTRUCTIONS




M1: Class5

SUMMARY OF ANALYSIS

Number of groups                                                 1
Number of observations                                        3103

Number of dependent variables                                    4
Number of independent variables                                  0
Number of continuous latent variables                            0
Number of categorical latent variables                           1

Observed dependent variables

  Continuous
   MTH_SCOR    SCI_SCOR    PHY_SCOR    BIO_SCOR

Categorical latent variables
   C


Estimator                                                      MLR
Information matrix                                        OBSERVED
Optimization Specifications for the Quasi-Newton Algorithm for
Continuous Outcomes
  Maximum number of iterations                                 100
  Convergence criterion                                  0.100D-05
Optimization Specifications for the EM Algorithm
  Maximum number of iterations                                 500
  Convergence criteria
    Loglikelihood change                                 0.100D-06
    Relative loglikelihood change                        0.100D-06
    Derivative                                           0.100D-05
Optimization Specifications for the M step of the EM Algorithm for
Categorical Latent variables
  Number of M step iterations                                    1
  M step convergence criterion                           0.100D-05
  Basis for M step termination                           ITERATION
Optimization Specifications for the M step of the EM Algorithm for
Censored, Binary or Ordered Categorical (Ordinal), Unordered
Categorical (Nominal) and Count Outcomes
  Number of M step iterations                                    1
  M step convergence criterion                           0.100D-05
  Basis for M step termination                           ITERATION
  Maximum value for logit thresholds                            15
  Minimum value for logit thresholds                           -15
  Minimum expected cell size for chi-square              0.100D-01
Maximum number of iterations for H1                           2000
Convergence criterion for H1                             0.100D-03
Optimization algorithm                                         EMA
Random Starts Specifications
  Number of initial stage random starts                        200
  Number of final stage optimizations                           50
  Number of initial stage iterations                            10
  Initial stage convergence criterion                    0.100D+01
  Random starts scale                                    0.500D+01
  Random seed for generating random starts                       0

Input data file(s)
  /Users/agarber/github/Intro_to_LPA/m1_enum/c_lpa_m1.dat
Input data format  FREE


SUMMARY OF DATA

     Number of missing data patterns             3
     Number of y missing data patterns           3
     Number of u missing data patterns           0


COVARIANCE COVERAGE OF DATA

Minimum covariance coverage value   0.100


     PROPORTION OF DATA PRESENT FOR Y


           Covariance Coverage
              MTH_SCOR      SCI_SCOR      PHY_SCOR      BIO_SCOR
              ________      ________      ________      ________
 MTH_SCOR       0.995
 SCI_SCOR       0.994         0.998
 PHY_SCOR       0.994         0.998         0.998
 BIO_SCOR       0.994         0.998         0.998         0.998


SAMPLE STATISTICS


     ESTIMATED SAMPLE STATISTICS


           Means
              MTH_SCOR      SCI_SCOR      PHY_SCOR      BIO_SCOR
              ________      ________      ________      ________
               50.368        50.358        50.347        50.325


           Covariances
              MTH_SCOR      SCI_SCOR      PHY_SCOR      BIO_SCOR
              ________      ________      ________      ________
 MTH_SCOR     103.638
 SCI_SCOR      74.304       104.230
 PHY_SCOR      70.074        98.602       104.378
 BIO_SCOR      58.375        81.622        68.856       101.347


           Correlations
              MTH_SCOR      SCI_SCOR      PHY_SCOR      BIO_SCOR
              ________      ________      ________      ________
 MTH_SCOR       1.000
 SCI_SCOR       0.715         1.000
 PHY_SCOR       0.674         0.945         1.000
 BIO_SCOR       0.570         0.794         0.669         1.000


     MAXIMUM LOG-LIKELIHOOD VALUE FOR THE UNRESTRICTED (H1) MODEL IS -39883.582


UNIVARIATE SAMPLE STATISTICS


     UNIVARIATE HIGHER-ORDER MOMENT DESCRIPTIVE STATISTICS

         Variable/         Mean/     Skewness/   Minimum/ % with                Percentiles
        Sample Size      Variance    Kurtosis    Maximum  Min/Max      20%/60%    40%/80%    Median

     MTH_SCOR             50.381       0.205      27.360    0.03%      40.870     46.940     50.045
            3088.000     103.684      -0.572      85.070    0.03%      53.150     59.660
     SCI_SCOR             50.366       0.193      26.140    0.03%      40.910     47.150     50.020
            3098.000     104.263      -0.460      88.030    0.03%      52.940     59.270
     PHY_SCOR             50.354       0.246      25.500    0.03%      40.880     47.290     50.165
            3098.000     104.408      -0.238      87.290    0.06%      52.960     58.770
     BIO_SCOR             50.330      -0.036      24.750    0.16%      41.170     47.910     50.240
            3098.000     101.367      -0.358      70.580    5.75%      53.010     58.650

RANDOM STARTS RESULTS RANKED FROM THE BEST TO THE WORST LOGLIKELIHOOD VALUES

Final stage loglikelihood values at local maxima, seeds, and initial stage start numbers:

          -41051.507  569833           85
          -41051.507  168762           200
          -41051.507  848163           47
          -41051.507  723775           97
          -41051.507  804561           59
          -41051.507  468036           131
          -41051.507  303634           169
          -41051.507  51375            148
          -41051.507  579995           183
          -41051.507  783165           170
          -41051.507  931874           141
          -41051.507  618000           190
          -41051.507  741888           138
          -41051.507  967902           52
          -41051.507  364676           27
          -41051.507  85462            51
          -41051.507  950604           172
          -41051.507  443917           60
          -41051.507  436460           89
          -41051.507  unperturbed      0
          -41051.507  311214           64
          -41051.507  887676           22
          -41051.507  902278           21
          -41051.507  76974            16
          -41051.507  415502           194
          -41051.507  856536           144
          -41051.507  960438           116
          -41051.507  405079           68
          -41051.507  268217           83
          -41051.507  321390           133
          -41051.507  25127            107
          -41051.507  903420           5
          -41051.507  821011           161

17 perturbed starting value run(s) did not converge or were rejected in the third stage.



THE BEST LOGLIKELIHOOD VALUE HAS BEEN REPLICATED.  RERUN WITH AT LEAST TWICE THE
RANDOM STARTS TO CHECK THAT THE BEST LOGLIKELIHOOD IS STILL OBTAINED AND REPLICATED.


THE MODEL ESTIMATION TERMINATED NORMALLY



MODEL FIT INFORMATION

Number of Free Parameters                       28

Loglikelihood

          H0 Value                      -41051.507
          H0 Scaling Correction Factor      1.8296
            for MLR

Information Criteria

          Akaike (AIC)                   82159.013
          Bayesian (BIC)                 82328.137
          Sample-Size Adjusted BIC       82239.169
            (n* = (n + 2) / 24)



FINAL CLASS COUNTS AND PROPORTIONS FOR THE LATENT CLASSES
BASED ON THE ESTIMATED MODEL

    Latent
   Classes

       1        884.03616          0.28490
       2        500.07510          0.16116
       3        781.44729          0.25184
       4        224.33703          0.07230
       5        713.10441          0.22981


FINAL CLASS COUNTS AND PROPORTIONS FOR THE LATENT CLASSES
BASED ON ESTIMATED POSTERIOR PROBABILITIES

    Latent
   Classes

       1        884.03616          0.28490
       2        500.07510          0.16116
       3        781.44729          0.25184
       4        224.33703          0.07230
       5        713.10441          0.22981


FINAL CLASS COUNTS AND PROPORTIONS FOR THE LATENT CLASSES
BASED ON THEIR MOST LIKELY LATENT CLASS MEMBERSHIP

Class Counts and Proportions

    Latent
   Classes

       1              894          0.28811
       2              499          0.16081
       3              769          0.24782
       4              223          0.07187
       5              718          0.23139


CLASSIFICATION QUALITY

     Entropy                         0.865


Average Latent Class Probabilities for Most Likely Latent Class Membership (Row)
by Latent Class (Column)

           1        2        3        4        5

    1   0.892    0.000    0.063    0.000    0.045
    2   0.000    0.926    0.074    0.000    0.000
    3   0.056    0.049    0.895    0.000    0.000
    4   0.000    0.000    0.000    0.942    0.058
    5   0.061    0.000    0.000    0.020    0.919


Classification Probabilities for the Most Likely Latent Class Membership (Column)
by Latent Class (Row)

           1        2        3        4        5

    1   0.902    0.000    0.049    0.000    0.050
    2   0.000    0.924    0.076    0.000    0.000
    3   0.072    0.047    0.881    0.000    0.000
    4   0.000    0.000    0.000    0.936    0.064
    5   0.056    0.000    0.000    0.018    0.925


Logits for the Classification Probabilities for the Most Likely Latent Class Membership (Column)
by Latent Class (Row)

              1        2        3        4        5

    1      2.900  -10.812   -0.020  -10.812    0.000
    2      5.979   13.736   11.234    0.000    0.000
    3     11.187   10.764   13.688    0.000    0.000
    4     -6.463  -11.059   -9.646    2.691    0.000
    5     -2.798  -13.738   -9.185   -3.932    0.000


MODEL RESULTS

                                                    Two-Tailed
                    Estimate       S.E.  Est./S.E.    P-Value

Latent Class 1

 Means
    MTH_SCOR          51.086      0.795     64.244      0.000
    SCI_SCOR          51.639      1.219     42.360      0.000
    PHY_SCOR          51.584      1.157     44.567      0.000
    BIO_SCOR          51.501      1.000     51.478      0.000

 Variances
    MTH_SCOR          49.891      1.545     32.287      0.000
    SCI_SCOR           9.376      0.400     23.460      0.000
    PHY_SCOR          14.600      0.563     25.948      0.000
    BIO_SCOR          41.285      1.261     32.739      0.000

Latent Class 2

 Means
    MTH_SCOR          40.014      0.363    110.368      0.000
    SCI_SCOR          35.804      0.642     55.761      0.000
    PHY_SCOR          36.285      0.588     61.672      0.000
    BIO_SCOR          38.522      0.618     62.325      0.000

 Variances
    MTH_SCOR          49.891      1.545     32.287      0.000
    SCI_SCOR           9.376      0.400     23.460      0.000
    PHY_SCOR          14.600      0.563     25.948      0.000
    BIO_SCOR          41.285      1.261     32.739      0.000

Latent Class 3

 Means
    MTH_SCOR          45.031      0.945     47.644      0.000
    SCI_SCOR          43.769      1.098     39.848      0.000
    PHY_SCOR          44.012      1.119     39.343      0.000
    BIO_SCOR          44.964      0.921     48.839      0.000

 Variances
    MTH_SCOR          49.891      1.545     32.287      0.000
    SCI_SCOR           9.376      0.400     23.460      0.000
    PHY_SCOR          14.600      0.563     25.948      0.000
    BIO_SCOR          41.285      1.261     32.739      0.000

Latent Class 4

 Means
    MTH_SCOR          65.300      0.846     77.154      0.000
    SCI_SCOR          69.994      1.055     66.372      0.000
    PHY_SCOR          70.310      1.220     57.609      0.000
    BIO_SCOR          64.368      0.837     76.882      0.000

 Variances
    MTH_SCOR          49.891      1.545     32.287      0.000
    SCI_SCOR           9.376      0.400     23.460      0.000
    PHY_SCOR          14.600      0.563     25.948      0.000
    BIO_SCOR          41.285      1.261     32.739      0.000

Latent Class 5

 Means
    MTH_SCOR          57.894      1.115     51.934      0.000
    SCI_SCOR          60.019      1.026     58.523      0.000
    PHY_SCOR          59.334      0.973     61.010      0.000
    BIO_SCOR          58.598      0.839     69.881      0.000

 Variances
    MTH_SCOR          49.891      1.545     32.287      0.000
    SCI_SCOR           9.376      0.400     23.460      0.000
    PHY_SCOR          14.600      0.563     25.948      0.000
    BIO_SCOR          41.285      1.261     32.739      0.000

Categorical Latent Variables

 Means
    C#1                0.215      0.110      1.957      0.050
    C#2               -0.355      0.265     -1.339      0.181
    C#3                0.092      0.191      0.480      0.631
    C#4               -1.156      0.140     -8.251      0.000


QUALITY OF NUMERICAL RESULTS

     Condition Number for the Information Matrix              0.122E-02
       (ratio of smallest to largest eigenvalue)


RESIDUAL OUTPUT


     ESTIMATED MODEL AND RESIDUALS (OBSERVED - ESTIMATED) FOR CLASS 1


           Model Estimated Means
              MTH_SCOR      SCI_SCOR      PHY_SCOR      BIO_SCOR
              ________      ________      ________      ________
               51.086        51.639        51.584        51.501


           Residuals for Means
              MTH_SCOR      SCI_SCOR      PHY_SCOR      BIO_SCOR
              ________      ________      ________      ________
                0.000         0.000         0.000         0.000


           Model Estimated Covariances
              MTH_SCOR      SCI_SCOR      PHY_SCOR      BIO_SCOR
              ________      ________      ________      ________
 MTH_SCOR      49.891
 SCI_SCOR       0.000         9.376
 PHY_SCOR       0.000         0.000        14.600
 BIO_SCOR       0.000         0.000         0.000        41.285


           Residuals for Covariances
              MTH_SCOR      SCI_SCOR      PHY_SCOR      BIO_SCOR
              ________      ________      ________      ________
 MTH_SCOR       5.527
 SCI_SCOR       1.997        -0.744
 PHY_SCOR      -0.552         5.366        -1.195
 BIO_SCOR      -0.234         5.493        -3.798        -4.276


     ESTIMATED MODEL AND RESIDUALS (OBSERVED - ESTIMATED) FOR CLASS 2


           Model Estimated Means
              MTH_SCOR      SCI_SCOR      PHY_SCOR      BIO_SCOR
              ________      ________      ________      ________
               40.014        35.804        36.285        38.522


           Residuals for Means
              MTH_SCOR      SCI_SCOR      PHY_SCOR      BIO_SCOR
              ________      ________      ________      ________
                0.000         0.000         0.000         0.000


           Model Estimated Covariances
              MTH_SCOR      SCI_SCOR      PHY_SCOR      BIO_SCOR
              ________      ________      ________      ________
 MTH_SCOR      49.891
 SCI_SCOR       0.000         9.376
 PHY_SCOR       0.000         0.000        14.600
 BIO_SCOR       0.000         0.000         0.000        41.285


           Residuals for Covariances
              MTH_SCOR      SCI_SCOR      PHY_SCOR      BIO_SCOR
              ________      ________      ________      ________
 MTH_SCOR     -14.066
 SCI_SCOR       1.350         1.243
 PHY_SCOR       1.454         6.522         0.003
 BIO_SCOR       3.032         8.060        -4.680         5.000


     ESTIMATED MODEL AND RESIDUALS (OBSERVED - ESTIMATED) FOR CLASS 3


           Model Estimated Means
              MTH_SCOR      SCI_SCOR      PHY_SCOR      BIO_SCOR
              ________      ________      ________      ________
               45.031        43.769        44.012        44.964


           Residuals for Means
              MTH_SCOR      SCI_SCOR      PHY_SCOR      BIO_SCOR
              ________      ________      ________      ________
                0.000         0.000         0.000         0.000


           Model Estimated Covariances
              MTH_SCOR      SCI_SCOR      PHY_SCOR      BIO_SCOR
              ________      ________      ________      ________
 MTH_SCOR      49.891
 SCI_SCOR       0.000         9.376
 PHY_SCOR       0.000         0.000        14.600
 BIO_SCOR       0.000         0.000         0.000        41.285


           Residuals for Covariances
              MTH_SCOR      SCI_SCOR      PHY_SCOR      BIO_SCOR
              ________      ________      ________      ________
 MTH_SCOR      -2.746
 SCI_SCOR       2.770        -1.194
 PHY_SCOR       0.891         4.538         0.182
 BIO_SCOR       2.582         5.589        -7.047         4.069


     ESTIMATED MODEL AND RESIDUALS (OBSERVED - ESTIMATED) FOR CLASS 4


           Model Estimated Means
              MTH_SCOR      SCI_SCOR      PHY_SCOR      BIO_SCOR
              ________      ________      ________      ________
               65.300        69.994        70.310        64.368


           Residuals for Means
              MTH_SCOR      SCI_SCOR      PHY_SCOR      BIO_SCOR
              ________      ________      ________      ________
                0.000         0.000         0.000         0.000


           Model Estimated Covariances
              MTH_SCOR      SCI_SCOR      PHY_SCOR      BIO_SCOR
              ________      ________      ________      ________
 MTH_SCOR      49.891
 SCI_SCOR       0.000         9.376
 PHY_SCOR       0.000         0.000        14.600
 BIO_SCOR       0.000         0.000         0.000        41.285


           Residuals for Covariances
              MTH_SCOR      SCI_SCOR      PHY_SCOR      BIO_SCOR
              ________      ________      ________      ________
 MTH_SCOR       5.148
 SCI_SCOR       9.172         5.383
 PHY_SCOR       8.500        15.401         8.841
 BIO_SCOR       3.825         8.376         0.893        -5.548


     ESTIMATED MODEL AND RESIDUALS (OBSERVED - ESTIMATED) FOR CLASS 5


           Model Estimated Means
              MTH_SCOR      SCI_SCOR      PHY_SCOR      BIO_SCOR
              ________      ________      ________      ________
               57.894        60.019        59.334        58.598


           Residuals for Means
              MTH_SCOR      SCI_SCOR      PHY_SCOR      BIO_SCOR
              ________      ________      ________      ________
                0.000         0.000         0.000         0.000


           Model Estimated Covariances
              MTH_SCOR      SCI_SCOR      PHY_SCOR      BIO_SCOR
              ________      ________      ________      ________
 MTH_SCOR      49.891
 SCI_SCOR       0.000         9.376
 PHY_SCOR       0.000         0.000        14.600
 BIO_SCOR       0.000         0.000         0.000        41.285


           Residuals for Covariances
              MTH_SCOR      SCI_SCOR      PHY_SCOR      BIO_SCOR
              ________      ________      ________      ________
 MTH_SCOR       4.370
 SCI_SCOR       5.289        -0.337
 PHY_SCOR       0.780         6.668        -1.504
 BIO_SCOR       3.025         6.273        -2.877        -0.909


TECHNICAL 11 OUTPUT

     Random Starts Specifications for the k-1 Class Analysis Model
        Number of initial stage random starts                 200
        Number of final stage optimizations                    50



     VUONG-LO-MENDELL-RUBIN LIKELIHOOD RATIO TEST FOR 4 (H0) VERSUS 5 CLASSES

          H0 Loglikelihood Value                       -41433.724
          2 Times the Loglikelihood Difference            764.435
          Difference in the Number of Parameters                5
          Mean                                            345.860
          Standard Deviation                              574.882
          P-Value                                          0.1547

     LO-MENDELL-RUBIN ADJUSTED LRT TEST

          Value                                           745.881
          P-Value                                          0.1595


TECHNICAL 14 OUTPUT

     Random Starts Specifications for the k-1 Class Analysis Model
        Number of initial stage random starts                 200
        Number of final stage optimizations                    50

     Random Starts Specification for the k-1 Class Model for Generated Data
        Number of initial stage random starts                   0
        Number of final stage optimizations for the
           initial stage random starts                          0
     Random Starts Specification for the k Class Model for Generated Data
        Number of initial stage random starts                  40
        Number of final stage optimizations                     8
     Number of bootstrap draws requested                   Varies


     PARAMETRIC BOOTSTRAPPED LIKELIHOOD RATIO TEST FOR 4 (H0) VERSUS 5 CLASSES

          H0 Loglikelihood Value                       -41433.724
          2 Times the Loglikelihood Difference            764.435
          Difference in the Number of Parameters                5
          Approximate P-Value                              0.0000
          Successful Bootstrap Draws                            5

     WARNING:  OF THE 5 BOOTSTRAP DRAWS, 4 DRAWS HAD BOTH A SMALLER LRT VALUE THAN THE
     OBSERVED LRT VALUE AND NOT A REPLICATED BEST LOGLIKELIHOOD VALUE FOR THE 5-CLASS MODEL.
     THIS MEANS THAT THE P-VALUE MAY NOT BE TRUSTWORTHY DUE TO LOCAL MAXIMA.
     INCREASE THE NUMBER OF RANDOM STARTS USING THE LRTSTARTS OPTION.



PLOT INFORMATION

The following plots are available:

  Histograms (sample values)
  Scatterplots (sample values)
  Sample means
  Estimated means, medians, modes, and percentiles
  Sample and estimated means
  Observed individual values
  Estimated means and observed individual values
  Estimated overall and class-specific distributions

     Beginning Time:  09:48:56
        Ending Time:  09:49:12
       Elapsed Time:  00:00:16



MUTHEN & MUTHEN
3463 Stoner Ave.
Los Angeles, CA  90066

Tel: (310) 391-9971
Fax: (310) 391-8971
Web: www.StatModel.com
Support: Support@StatModel.com

Copyright (c) 1998-2021 Muthen & Muthen
