Mplus VERSION 8.6 (Mac)
MUTHEN & MUTHEN
01/30/2024   9:49 AM

INPUT INSTRUCTIONS

  TITLE:
  M1: Class6
  DATA:
  FILE = "/Users/agarber/github/Intro_to_LPA/m1_enum/c_lpa_m1.dat";

  VARIABLE:
  NAMES = rural gender fathed mothed mth_scor sci_scor phy_scor bio_scor;
   MISSING=.;
   usevar = mth_scor-bio_scor;
  classes = c(6);
  ANALYSIS:
  estimator = mlr;
      type = mixture;
      starts = 200 50;
      processors = 10;
  MODEL:
  !!!!!!!!!!!!!!!!!!!!!!!!!!!!!!!!!!!!!!!!!!!!!!!!!!!!!!!!!!!!!!!!!!!!!!!!!
       !!!          Syntax replicates default Mplus specification            !!!
       !!!!!!!!!!!!!!!!!!!!!!!!!!!!!!!!!!!!!!!!!!!!!!!!!!!!!!!!!!!!!!!!!!!!!!!!!

       %c#1%
       [mth_scor-bio_scor];     !!! means are are freely estimated  (default)
       mth_scor-bio_scor(1-4);  !!! variances are fixed to equality (default)
                                !!! covariances are fixed to zero   (default)
   %c#2%
   [mth_scor-bio_scor];
   mth_scor-bio_scor(1-4);

   %c#3%
   [mth_scor-bio_scor];
   mth_scor-bio_scor(1-4);

   %c#4%
   [mth_scor-bio_scor];
   mth_scor-bio_scor(1-4);

   %c#5%
   [mth_scor-bio_scor];
   mth_scor-bio_scor(1-4);

   %c#6%
   [mth_scor-bio_scor];
   mth_scor-bio_scor(1-4);
  OUTPUT:
  sampstat residual tech11 tech14;
  PLOT:
  type = plot3;
       series = mth_scor-bio_scor(*);



*** WARNING in MODEL command
  All variables are uncorrelated with all other variables within class.
  Check that this is what is intended.
*** WARNING
  Data set contains cases with missing on all variables.
  These cases were not included in the analysis.
  Number of cases with missing on all variables:  2842
   2 WARNING(S) FOUND IN THE INPUT INSTRUCTIONS




M1: Class6

SUMMARY OF ANALYSIS

Number of groups                                                 1
Number of observations                                        3103

Number of dependent variables                                    4
Number of independent variables                                  0
Number of continuous latent variables                            0
Number of categorical latent variables                           1

Observed dependent variables

  Continuous
   MTH_SCOR    SCI_SCOR    PHY_SCOR    BIO_SCOR

Categorical latent variables
   C


Estimator                                                      MLR
Information matrix                                        OBSERVED
Optimization Specifications for the Quasi-Newton Algorithm for
Continuous Outcomes
  Maximum number of iterations                                 100
  Convergence criterion                                  0.100D-05
Optimization Specifications for the EM Algorithm
  Maximum number of iterations                                 500
  Convergence criteria
    Loglikelihood change                                 0.100D-06
    Relative loglikelihood change                        0.100D-06
    Derivative                                           0.100D-05
Optimization Specifications for the M step of the EM Algorithm for
Categorical Latent variables
  Number of M step iterations                                    1
  M step convergence criterion                           0.100D-05
  Basis for M step termination                           ITERATION
Optimization Specifications for the M step of the EM Algorithm for
Censored, Binary or Ordered Categorical (Ordinal), Unordered
Categorical (Nominal) and Count Outcomes
  Number of M step iterations                                    1
  M step convergence criterion                           0.100D-05
  Basis for M step termination                           ITERATION
  Maximum value for logit thresholds                            15
  Minimum value for logit thresholds                           -15
  Minimum expected cell size for chi-square              0.100D-01
Maximum number of iterations for H1                           2000
Convergence criterion for H1                             0.100D-03
Optimization algorithm                                         EMA
Random Starts Specifications
  Number of initial stage random starts                        200
  Number of final stage optimizations                           50
  Number of initial stage iterations                            10
  Initial stage convergence criterion                    0.100D+01
  Random starts scale                                    0.500D+01
  Random seed for generating random starts                       0

Input data file(s)
  /Users/agarber/github/Intro_to_LPA/m1_enum/c_lpa_m1.dat
Input data format  FREE


SUMMARY OF DATA

     Number of missing data patterns             3
     Number of y missing data patterns           3
     Number of u missing data patterns           0


COVARIANCE COVERAGE OF DATA

Minimum covariance coverage value   0.100


     PROPORTION OF DATA PRESENT FOR Y


           Covariance Coverage
              MTH_SCOR      SCI_SCOR      PHY_SCOR      BIO_SCOR
              ________      ________      ________      ________
 MTH_SCOR       0.995
 SCI_SCOR       0.994         0.998
 PHY_SCOR       0.994         0.998         0.998
 BIO_SCOR       0.994         0.998         0.998         0.998


SAMPLE STATISTICS


     ESTIMATED SAMPLE STATISTICS


           Means
              MTH_SCOR      SCI_SCOR      PHY_SCOR      BIO_SCOR
              ________      ________      ________      ________
               50.368        50.358        50.347        50.325


           Covariances
              MTH_SCOR      SCI_SCOR      PHY_SCOR      BIO_SCOR
              ________      ________      ________      ________
 MTH_SCOR     103.638
 SCI_SCOR      74.304       104.230
 PHY_SCOR      70.074        98.602       104.378
 BIO_SCOR      58.375        81.622        68.856       101.347


           Correlations
              MTH_SCOR      SCI_SCOR      PHY_SCOR      BIO_SCOR
              ________      ________      ________      ________
 MTH_SCOR       1.000
 SCI_SCOR       0.715         1.000
 PHY_SCOR       0.674         0.945         1.000
 BIO_SCOR       0.570         0.794         0.669         1.000


     MAXIMUM LOG-LIKELIHOOD VALUE FOR THE UNRESTRICTED (H1) MODEL IS -39883.582


UNIVARIATE SAMPLE STATISTICS


     UNIVARIATE HIGHER-ORDER MOMENT DESCRIPTIVE STATISTICS

         Variable/         Mean/     Skewness/   Minimum/ % with                Percentiles
        Sample Size      Variance    Kurtosis    Maximum  Min/Max      20%/60%    40%/80%    Median

     MTH_SCOR             50.381       0.205      27.360    0.03%      40.870     46.940     50.045
            3088.000     103.684      -0.572      85.070    0.03%      53.150     59.660
     SCI_SCOR             50.366       0.193      26.140    0.03%      40.910     47.150     50.020
            3098.000     104.263      -0.460      88.030    0.03%      52.940     59.270
     PHY_SCOR             50.354       0.246      25.500    0.03%      40.880     47.290     50.165
            3098.000     104.408      -0.238      87.290    0.06%      52.960     58.770
     BIO_SCOR             50.330      -0.036      24.750    0.16%      41.170     47.910     50.240
            3098.000     101.367      -0.358      70.580    5.75%      53.010     58.650

RANDOM STARTS RESULTS RANKED FROM THE BEST TO THE WORST LOGLIKELIHOOD VALUES

Final stage loglikelihood values at local maxima, seeds, and initial stage start numbers:

          -40755.994  68985            17
          -40755.994  645664           39
          -40755.994  93468            3
          -40755.994  587946           120
          -40755.994  281558           184
          -40755.994  496881           192
          -40755.994  535804           111
          -40755.994  848890           95
          -40755.994  635245           121
          -40755.994  462953           7
          -40755.994  286735           175
          -40755.994  263268           165
          -40755.994  608496           4
          -40755.994  85462            51
          -40755.994  195873           6
          -40755.994  391179           78
          -40755.994  783110           72
          -40755.994  814975           129
          -40755.994  468036           131
          -40755.994  569131           26
          -40755.994  321390           133
          -40755.994  695155           150
          -40755.994  215353           164
          -40755.994  794236           127
          -40755.994  466971           109
          -40755.994  475420           71
          -40755.994  804561           59
          -40755.994  165853           105
          -40755.994  314084           81
          -40755.994  579995           183
          -40755.994  227563           63
          -40755.994  726035           191
          -40755.994  751153           110
          -40755.994  848969           173
          -40755.994  830392           35
          -40755.994  860772           174
          -40755.994  479273           156
          -40755.994  415502           194
          -40755.994  966014           37
          -40755.994  761633           50
          -40755.994  268217           83

9 perturbed starting value run(s) did not converge or were rejected in the third stage.



THE BEST LOGLIKELIHOOD VALUE HAS BEEN REPLICATED.  RERUN WITH AT LEAST TWICE THE
RANDOM STARTS TO CHECK THAT THE BEST LOGLIKELIHOOD IS STILL OBTAINED AND REPLICATED.


THE MODEL ESTIMATION TERMINATED NORMALLY



MODEL FIT INFORMATION

Number of Free Parameters                       33

Loglikelihood

          H0 Value                      -40755.994
          H0 Scaling Correction Factor      1.4629
            for MLR

Information Criteria

          Akaike (AIC)                   81577.988
          Bayesian (BIC)                 81777.312
          Sample-Size Adjusted BIC       81672.457
            (n* = (n + 2) / 24)



FINAL CLASS COUNTS AND PROPORTIONS FOR THE LATENT CLASSES
BASED ON THE ESTIMATED MODEL

    Latent
   Classes

       1        389.61964          0.12556
       2        678.98483          0.21882
       3        800.70311          0.25804
       4        714.72568          0.23033
       5        130.21079          0.04196
       6        388.75594          0.12528


FINAL CLASS COUNTS AND PROPORTIONS FOR THE LATENT CLASSES
BASED ON ESTIMATED POSTERIOR PROBABILITIES

    Latent
   Classes

       1        389.61964          0.12556
       2        678.98483          0.21882
       3        800.70311          0.25804
       4        714.72568          0.23033
       5        130.21079          0.04196
       6        388.75594          0.12528


FINAL CLASS COUNTS AND PROPORTIONS FOR THE LATENT CLASSES
BASED ON THEIR MOST LIKELY LATENT CLASS MEMBERSHIP

Class Counts and Proportions

    Latent
   Classes

       1              387          0.12472
       2              685          0.22075
       3              798          0.25717
       4              716          0.23074
       5              133          0.04286
       6              384          0.12375


CLASSIFICATION QUALITY

     Entropy                         0.873


Average Latent Class Probabilities for Most Likely Latent Class Membership (Row)
by Latent Class (Column)

           1        2        3        4        5        6

    1   0.920    0.080    0.000    0.000    0.000    0.000
    2   0.049    0.890    0.061    0.000    0.000    0.000
    3   0.000    0.048    0.903    0.049    0.000    0.000
    4   0.000    0.000    0.054    0.903    0.000    0.043
    5   0.000    0.000    0.000    0.000    0.931    0.069
    6   0.000    0.000    0.000    0.076    0.017    0.908


Classification Probabilities for the Most Likely Latent Class Membership (Column)
by Latent Class (Row)

           1        2        3        4        5        6

    1   0.913    0.086    0.000    0.000    0.000    0.000
    2   0.046    0.898    0.057    0.000    0.000    0.000
    3   0.000    0.052    0.900    0.048    0.000    0.000
    4   0.000    0.000    0.054    0.905    0.000    0.041
    5   0.000    0.000    0.000    0.000    0.951    0.049
    6   0.000    0.000    0.000    0.079    0.024    0.896


Logits for the Classification Probabilities for the Most Likely Latent Class Membership (Column)
by Latent Class (Row)

              1        2        3        4        5        6

    1     13.725   11.364    5.923    0.000    0.000    0.000
    2     10.732   13.707   10.943    0.000    0.000    0.000
    3      0.000   10.862   13.710   10.780    0.000    0.000
    4    -10.614   -5.118    0.289    3.102  -10.614    0.000
    5    -10.805  -10.546   -6.910  -10.805    2.960    0.000
    6    -13.706  -10.095   -7.924   -2.423   -3.633    0.000


MODEL RESULTS

                                                    Two-Tailed
                    Estimate       S.E.  Est./S.E.    P-Value

Latent Class 1

 Means
    MTH_SCOR          39.756      0.350    113.496      0.000
    SCI_SCOR          34.852      0.434     80.226      0.000
    PHY_SCOR          35.417      0.416     85.152      0.000
    BIO_SCOR          37.872      0.536     70.705      0.000

 Variances
    MTH_SCOR          49.903      1.331     37.484      0.000
    SCI_SCOR           7.122      0.259     27.467      0.000
    PHY_SCOR          12.164      0.386     31.486      0.000
    BIO_SCOR          40.943      1.217     33.652      0.000

Latent Class 2

 Means
    MTH_SCOR          43.788      0.435    100.563      0.000
    SCI_SCOR          42.086      0.526     80.081      0.000
    PHY_SCOR          42.300      0.536     78.924      0.000
    BIO_SCOR          43.619      0.499     87.485      0.000

 Variances
    MTH_SCOR          49.903      1.331     37.484      0.000
    SCI_SCOR           7.122      0.259     27.467      0.000
    PHY_SCOR          12.164      0.386     31.486      0.000
    BIO_SCOR          40.943      1.217     33.652      0.000

Latent Class 3

 Means
    MTH_SCOR          49.347      0.518     95.182      0.000
    SCI_SCOR          49.256      0.502     98.052      0.000
    PHY_SCOR          49.327      0.498     98.967      0.000
    BIO_SCOR          49.594      0.479    103.568      0.000

 Variances
    MTH_SCOR          49.903      1.331     37.484      0.000
    SCI_SCOR           7.122      0.259     27.467      0.000
    PHY_SCOR          12.164      0.386     31.486      0.000
    BIO_SCOR          40.943      1.217     33.652      0.000

Latent Class 4

 Means
    MTH_SCOR          54.962      0.618     88.941      0.000
    SCI_SCOR          56.627      0.603     93.954      0.000
    PHY_SCOR          56.204      0.538    104.480      0.000
    BIO_SCOR          55.629      0.611     91.100      0.000

 Variances
    MTH_SCOR          49.903      1.331     37.484      0.000
    SCI_SCOR           7.122      0.259     27.467      0.000
    PHY_SCOR          12.164      0.386     31.486      0.000
    BIO_SCOR          40.943      1.217     33.652      0.000

Latent Class 5

 Means
    MTH_SCOR          67.524      0.921     73.310      0.000
    SCI_SCOR          72.222      0.827     87.372      0.000
    PHY_SCOR          72.954      1.069     68.229      0.000
    BIO_SCOR          65.640      0.537    122.154      0.000

 Variances
    MTH_SCOR          49.903      1.331     37.484      0.000
    SCI_SCOR           7.122      0.259     27.467      0.000
    PHY_SCOR          12.164      0.386     31.486      0.000
    BIO_SCOR          40.943      1.217     33.652      0.000

Latent Class 6

 Means
    MTH_SCOR          60.404      0.609     99.116      0.000
    SCI_SCOR          63.766      0.812     78.573      0.000
    PHY_SCOR          63.121      0.881     71.643      0.000
    BIO_SCOR          61.135      0.575    106.348      0.000

 Variances
    MTH_SCOR          49.903      1.331     37.484      0.000
    SCI_SCOR           7.122      0.259     27.467      0.000
    PHY_SCOR          12.164      0.386     31.486      0.000
    BIO_SCOR          40.943      1.217     33.652      0.000

Categorical Latent Variables

 Means
    C#1                0.002      0.197      0.011      0.991
    C#2                0.558      0.139      4.003      0.000
    C#3                0.723      0.131      5.533      0.000
    C#4                0.609      0.128      4.765      0.000
    C#5               -1.094      0.150     -7.271      0.000


QUALITY OF NUMERICAL RESULTS

     Condition Number for the Information Matrix              0.394E-05
       (ratio of smallest to largest eigenvalue)


RESIDUAL OUTPUT


     ESTIMATED MODEL AND RESIDUALS (OBSERVED - ESTIMATED) FOR CLASS 1


           Model Estimated Means
              MTH_SCOR      SCI_SCOR      PHY_SCOR      BIO_SCOR
              ________      ________      ________      ________
               39.756        34.852        35.417        37.872


           Residuals for Means
              MTH_SCOR      SCI_SCOR      PHY_SCOR      BIO_SCOR
              ________      ________      ________      ________
                0.000         0.000         0.000         0.000


           Model Estimated Covariances
              MTH_SCOR      SCI_SCOR      PHY_SCOR      BIO_SCOR
              ________      ________      ________      ________
 MTH_SCOR      49.903
 SCI_SCOR       0.000         7.122
 PHY_SCOR       0.000         0.000        12.164
 BIO_SCOR       0.000         0.000         0.000        40.943


           Residuals for Covariances
              MTH_SCOR      SCI_SCOR      PHY_SCOR      BIO_SCOR
              ________      ________      ________      ________
 MTH_SCOR     -14.521
 SCI_SCOR       1.334         1.592
 PHY_SCOR       1.333         4.863         0.842
 BIO_SCOR       3.136         7.163        -5.283         3.494


     ESTIMATED MODEL AND RESIDUALS (OBSERVED - ESTIMATED) FOR CLASS 2


           Model Estimated Means
              MTH_SCOR      SCI_SCOR      PHY_SCOR      BIO_SCOR
              ________      ________      ________      ________
               43.788        42.086        42.300        43.619


           Residuals for Means
              MTH_SCOR      SCI_SCOR      PHY_SCOR      BIO_SCOR
              ________      ________      ________      ________
                0.000         0.000         0.000         0.000


           Model Estimated Covariances
              MTH_SCOR      SCI_SCOR      PHY_SCOR      BIO_SCOR
              ________      ________      ________      ________
 MTH_SCOR      49.903
 SCI_SCOR       0.000         7.122
 PHY_SCOR       0.000         0.000        12.164
 BIO_SCOR       0.000         0.000         0.000        40.943


           Residuals for Covariances
              MTH_SCOR      SCI_SCOR      PHY_SCOR      BIO_SCOR
              ________      ________      ________      ________
 MTH_SCOR      -6.043
 SCI_SCOR       2.305        -0.376
 PHY_SCOR       1.259         3.127         0.709
 BIO_SCOR       3.332         4.812        -7.676         4.997


     ESTIMATED MODEL AND RESIDUALS (OBSERVED - ESTIMATED) FOR CLASS 3


           Model Estimated Means
              MTH_SCOR      SCI_SCOR      PHY_SCOR      BIO_SCOR
              ________      ________      ________      ________
               49.347        49.256        49.327        49.594


           Residuals for Means
              MTH_SCOR      SCI_SCOR      PHY_SCOR      BIO_SCOR
              ________      ________      ________      ________
                0.000         0.000         0.000         0.000


           Model Estimated Covariances
              MTH_SCOR      SCI_SCOR      PHY_SCOR      BIO_SCOR
              ________      ________      ________      ________
 MTH_SCOR      49.903
 SCI_SCOR       0.000         7.122
 PHY_SCOR       0.000         0.000        12.164
 BIO_SCOR       0.000         0.000         0.000        40.943


           Residuals for Covariances
              MTH_SCOR      SCI_SCOR      PHY_SCOR      BIO_SCOR
              ________      ________      ________      ________
 MTH_SCOR       6.575
 SCI_SCOR       1.748        -0.423
 PHY_SCOR      -0.962         2.945        -0.139
 BIO_SCOR       0.637         5.196        -5.827        -0.828


     ESTIMATED MODEL AND RESIDUALS (OBSERVED - ESTIMATED) FOR CLASS 4


           Model Estimated Means
              MTH_SCOR      SCI_SCOR      PHY_SCOR      BIO_SCOR
              ________      ________      ________      ________
               54.962        56.627        56.204        55.629


           Residuals for Means
              MTH_SCOR      SCI_SCOR      PHY_SCOR      BIO_SCOR
              ________      ________      ________      ________
                0.000         0.000         0.000         0.000


           Model Estimated Covariances
              MTH_SCOR      SCI_SCOR      PHY_SCOR      BIO_SCOR
              ________      ________      ________      ________
 MTH_SCOR      49.903
 SCI_SCOR       0.000         7.122
 PHY_SCOR       0.000         0.000        12.164
 BIO_SCOR       0.000         0.000         0.000        40.943


           Residuals for Covariances
              MTH_SCOR      SCI_SCOR      PHY_SCOR      BIO_SCOR
              ________      ________      ________      ________
 MTH_SCOR       7.912
 SCI_SCOR       3.365        -0.660
 PHY_SCOR      -1.097         3.428        -1.970
 BIO_SCOR       2.939         5.214        -3.984        -2.334


     ESTIMATED MODEL AND RESIDUALS (OBSERVED - ESTIMATED) FOR CLASS 5


           Model Estimated Means
              MTH_SCOR      SCI_SCOR      PHY_SCOR      BIO_SCOR
              ________      ________      ________      ________
               67.524        72.222        72.954        65.640


           Residuals for Means
              MTH_SCOR      SCI_SCOR      PHY_SCOR      BIO_SCOR
              ________      ________      ________      ________
                0.000         0.000         0.000         0.000


           Model Estimated Covariances
              MTH_SCOR      SCI_SCOR      PHY_SCOR      BIO_SCOR
              ________      ________      ________      ________
 MTH_SCOR      49.903
 SCI_SCOR       0.000         7.122
 PHY_SCOR       0.000         0.000        12.164
 BIO_SCOR       0.000         0.000         0.000        40.943


           Residuals for Covariances
              MTH_SCOR      SCI_SCOR      PHY_SCOR      BIO_SCOR
              ________      ________      ________      ________
 MTH_SCOR      -8.672
 SCI_SCOR       4.881         4.729
 PHY_SCOR       5.773        12.197         7.140
 BIO_SCOR       1.071         5.068        -1.915        -9.725


     ESTIMATED MODEL AND RESIDUALS (OBSERVED - ESTIMATED) FOR CLASS 6


           Model Estimated Means
              MTH_SCOR      SCI_SCOR      PHY_SCOR      BIO_SCOR
              ________      ________      ________      ________
               60.404        63.766        63.121        61.135


           Residuals for Means
              MTH_SCOR      SCI_SCOR      PHY_SCOR      BIO_SCOR
              ________      ________      ________      ________
                0.000         0.000         0.000         0.000


           Model Estimated Covariances
              MTH_SCOR      SCI_SCOR      PHY_SCOR      BIO_SCOR
              ________      ________      ________      ________
 MTH_SCOR      49.903
 SCI_SCOR       0.000         7.122
 PHY_SCOR       0.000         0.000        12.164
 BIO_SCOR       0.000         0.000         0.000        40.943


           Residuals for Covariances
              MTH_SCOR      SCI_SCOR      PHY_SCOR      BIO_SCOR
              ________      ________      ________      ________
 MTH_SCOR      -0.104
 SCI_SCOR       3.028        -0.438
 PHY_SCOR      -1.095         5.328        -0.564
 BIO_SCOR      -0.800         3.694        -4.969        -2.954


TECHNICAL 11 OUTPUT

     Random Starts Specifications for the k-1 Class Analysis Model
        Number of initial stage random starts                 200
        Number of final stage optimizations                    50



     VUONG-LO-MENDELL-RUBIN LIKELIHOOD RATIO TEST FOR 5 (H0) VERSUS 6 CLASSES

          H0 Loglikelihood Value                       -41051.507
          2 Times the Loglikelihood Difference            591.026
          Difference in the Number of Parameters                5
          Mean                                           -266.788
          Standard Deviation                              590.337
          P-Value                                          0.0149

     LO-MENDELL-RUBIN ADJUSTED LRT TEST

          Value                                           576.681
          P-Value                                          0.0159


TECHNICAL 14 OUTPUT

     Random Starts Specifications for the k-1 Class Analysis Model
        Number of initial stage random starts                 200
        Number of final stage optimizations                    50

     Random Starts Specification for the k-1 Class Model for Generated Data
        Number of initial stage random starts                   0
        Number of final stage optimizations for the
           initial stage random starts                          0
     Random Starts Specification for the k Class Model for Generated Data
        Number of initial stage random starts                  40
        Number of final stage optimizations                     8
     Number of bootstrap draws requested                   Varies


     PARAMETRIC BOOTSTRAPPED LIKELIHOOD RATIO TEST FOR 5 (H0) VERSUS 6 CLASSES

          H0 Loglikelihood Value                       -41051.507
          2 Times the Loglikelihood Difference            591.026
          Difference in the Number of Parameters                5
          Approximate P-Value                              0.0000
          Successful Bootstrap Draws                            5

     WARNING:  OF THE 5 BOOTSTRAP DRAWS, 3 DRAWS HAD BOTH A SMALLER LRT VALUE THAN THE
     OBSERVED LRT VALUE AND NOT A REPLICATED BEST LOGLIKELIHOOD VALUE FOR THE 6-CLASS MODEL.
     THIS MEANS THAT THE P-VALUE MAY NOT BE TRUSTWORTHY DUE TO LOCAL MAXIMA.
     INCREASE THE NUMBER OF RANDOM STARTS USING THE LRTSTARTS OPTION.



PLOT INFORMATION

The following plots are available:

  Histograms (sample values)
  Scatterplots (sample values)
  Sample means
  Estimated means, medians, modes, and percentiles
  Sample and estimated means
  Observed individual values
  Estimated means and observed individual values
  Estimated overall and class-specific distributions

     Beginning Time:  09:49:13
        Ending Time:  09:49:35
       Elapsed Time:  00:00:22



MUTHEN & MUTHEN
3463 Stoner Ave.
Los Angeles, CA  90066

Tel: (310) 391-9971
Fax: (310) 391-8971
Web: www.StatModel.com
Support: Support@StatModel.com

Copyright (c) 1998-2021 Muthen & Muthen
