Mplus VERSION 8.6 (Mac)
MUTHEN & MUTHEN
01/30/2024   9:57 AM

INPUT INSTRUCTIONS

  TITLE:
  M2: Class2
  DATA:
  FILE = "/Users/agarber/github/Intro_to_LPA/m2_enum/c_lpa_m2.dat";

  VARIABLE:
  NAMES = rural gender fathed mothed mth_scor sci_scor phy_scor bio_scor;
   MISSING=.;
   usevar = mth_scor-bio_scor;
  classes = c(2);
  ANALYSIS:
  estimator = mlr;
      type = mixture;
      starts = 200 50;
      processors = 10;
  MODEL:
  %c#1%
      [mth_scor-bio_scor];   !!! means are are freely estimated
      mth_scor-bio_scor;     !!! variances are freely estimated
                             !!! covariances are fixed to zero (default)
   %c#2%
   [mth_scor-bio_scor];
   mth_scor-bio_scor;

  ! %c#3%
  ! [mth_scor-bio_scor];
  ! mth_scor-bio_scor;

  ! %c#4%
  ! [mth_scor-bio_scor];
  ! mth_scor-bio_scor;

  ! %c#5%
  ! [mth_scor-bio_scor];
  ! mth_scor-bio_scor;

  ! %c#6%
  ! [mth_scor-bio_scor];
  ! mth_scor-bio_scor;

  OUTPUT:
  sampstat residual tech11 tech14;
  PLOT:
  type = plot3;
       series = mth_scor-bio_scor(*);



*** WARNING in MODEL command
  All variables are uncorrelated with all other variables within class.
  Check that this is what is intended.
*** WARNING
  Data set contains cases with missing on all variables.
  These cases were not included in the analysis.
  Number of cases with missing on all variables:  2842
   2 WARNING(S) FOUND IN THE INPUT INSTRUCTIONS




M2: Class2

SUMMARY OF ANALYSIS

Number of groups                                                 1
Number of observations                                        3103

Number of dependent variables                                    4
Number of independent variables                                  0
Number of continuous latent variables                            0
Number of categorical latent variables                           1

Observed dependent variables

  Continuous
   MTH_SCOR    SCI_SCOR    PHY_SCOR    BIO_SCOR

Categorical latent variables
   C


Estimator                                                      MLR
Information matrix                                        OBSERVED
Optimization Specifications for the Quasi-Newton Algorithm for
Continuous Outcomes
  Maximum number of iterations                                 100
  Convergence criterion                                  0.100D-05
Optimization Specifications for the EM Algorithm
  Maximum number of iterations                                 500
  Convergence criteria
    Loglikelihood change                                 0.100D-06
    Relative loglikelihood change                        0.100D-06
    Derivative                                           0.100D-05
Optimization Specifications for the M step of the EM Algorithm for
Categorical Latent variables
  Number of M step iterations                                    1
  M step convergence criterion                           0.100D-05
  Basis for M step termination                           ITERATION
Optimization Specifications for the M step of the EM Algorithm for
Censored, Binary or Ordered Categorical (Ordinal), Unordered
Categorical (Nominal) and Count Outcomes
  Number of M step iterations                                    1
  M step convergence criterion                           0.100D-05
  Basis for M step termination                           ITERATION
  Maximum value for logit thresholds                            15
  Minimum value for logit thresholds                           -15
  Minimum expected cell size for chi-square              0.100D-01
Maximum number of iterations for H1                           2000
Convergence criterion for H1                             0.100D-03
Optimization algorithm                                         EMA
Random Starts Specifications
  Number of initial stage random starts                        200
  Number of final stage optimizations                           50
  Number of initial stage iterations                            10
  Initial stage convergence criterion                    0.100D+01
  Random starts scale                                    0.500D+01
  Random seed for generating random starts                       0

Input data file(s)
  /Users/agarber/github/Intro_to_LPA/m2_enum/c_lpa_m2.dat
Input data format  FREE


SUMMARY OF DATA

     Number of missing data patterns             3
     Number of y missing data patterns           3
     Number of u missing data patterns           0


COVARIANCE COVERAGE OF DATA

Minimum covariance coverage value   0.100


     PROPORTION OF DATA PRESENT FOR Y


           Covariance Coverage
              MTH_SCOR      SCI_SCOR      PHY_SCOR      BIO_SCOR
              ________      ________      ________      ________
 MTH_SCOR       0.995
 SCI_SCOR       0.994         0.998
 PHY_SCOR       0.994         0.998         0.998
 BIO_SCOR       0.994         0.998         0.998         0.998


SAMPLE STATISTICS


     ESTIMATED SAMPLE STATISTICS


           Means
              MTH_SCOR      SCI_SCOR      PHY_SCOR      BIO_SCOR
              ________      ________      ________      ________
               50.368        50.358        50.347        50.325


           Covariances
              MTH_SCOR      SCI_SCOR      PHY_SCOR      BIO_SCOR
              ________      ________      ________      ________
 MTH_SCOR     103.638
 SCI_SCOR      74.304       104.230
 PHY_SCOR      70.074        98.602       104.378
 BIO_SCOR      58.375        81.622        68.856       101.347


           Correlations
              MTH_SCOR      SCI_SCOR      PHY_SCOR      BIO_SCOR
              ________      ________      ________      ________
 MTH_SCOR       1.000
 SCI_SCOR       0.715         1.000
 PHY_SCOR       0.674         0.945         1.000
 BIO_SCOR       0.570         0.794         0.669         1.000


     MAXIMUM LOG-LIKELIHOOD VALUE FOR THE UNRESTRICTED (H1) MODEL IS -39883.582


UNIVARIATE SAMPLE STATISTICS


     UNIVARIATE HIGHER-ORDER MOMENT DESCRIPTIVE STATISTICS

         Variable/         Mean/     Skewness/   Minimum/ % with                Percentiles
        Sample Size      Variance    Kurtosis    Maximum  Min/Max      20%/60%    40%/80%    Median

     MTH_SCOR             50.381       0.205      27.360    0.03%      40.870     46.940     50.045
            3088.000     103.684      -0.572      85.070    0.03%      53.150     59.660
     SCI_SCOR             50.366       0.193      26.140    0.03%      40.910     47.150     50.020
            3098.000     104.263      -0.460      88.030    0.03%      52.940     59.270
     PHY_SCOR             50.354       0.246      25.500    0.03%      40.880     47.290     50.165
            3098.000     104.408      -0.238      87.290    0.06%      52.960     58.770
     BIO_SCOR             50.330      -0.036      24.750    0.16%      41.170     47.910     50.240
            3098.000     101.367      -0.358      70.580    5.75%      53.010     58.650

RANDOM STARTS RESULTS RANKED FROM THE BEST TO THE WORST LOGLIKELIHOOD VALUES

Final stage loglikelihood values at local maxima, seeds, and initial stage start numbers:

          -43313.358  830392           35
          -43313.358  813779           92
          -43313.358  352277           42
          -43313.358  533738           11
          -43313.358  618000           190
          -43313.358  391179           78
          -43313.358  573096           20
          -43313.358  466971           109
          -43313.358  860772           174
          -43313.358  51375            148
          -43313.358  417035           149
          -43313.358  27071            15
          -43313.358  939709           112
          -43313.358  551639           55
          -43313.358  264081           186
          -43313.358  575700           100
          -43313.358  286735           175
          -43313.358  848969           173
          -43313.358  931874           141
          -43313.358  311214           64
          -43313.358  794236           127
          -43313.358  728038           177
          -43313.358  948615           140
          -43313.358  268896           124
          -43313.358  569833           85
          -43313.358  749453           33
          -43313.358  509733           130
          -43313.358  484501           163
          -43313.358  960438           116
          -43313.358  120506           45
          -43313.358  793035           187
          -43313.358  570782           193
          -43313.358  372176           23
          -43313.358  475420           71
          -43313.358  648555           113
          -43313.358  784664           75
          -43313.358  440841           118
          -43313.358  268217           83
          -43313.358  569131           26
          -43313.358  unperturbed      0
          -43313.358  754100           56
          -43313.358  76337            76
          -43313.358  76974            16
          -43313.358  347515           24
          -43313.358  436460           89
          -43313.358  354208           196
          -43313.358  568859           49
          -43313.358  814975           129
          -43313.358  414284           158
          -43313.358  150531           154



THE BEST LOGLIKELIHOOD VALUE HAS BEEN REPLICATED.  RERUN WITH AT LEAST TWICE THE
RANDOM STARTS TO CHECK THAT THE BEST LOGLIKELIHOOD IS STILL OBTAINED AND REPLICATED.


THE MODEL ESTIMATION TERMINATED NORMALLY



MODEL FIT INFORMATION

Number of Free Parameters                       17

Loglikelihood

          H0 Value                      -43313.358
          H0 Scaling Correction Factor      1.1324
            for MLR

Information Criteria

          Akaike (AIC)                   86660.715
          Bayesian (BIC)                 86763.397
          Sample-Size Adjusted BIC       86709.381
            (n* = (n + 2) / 24)



FINAL CLASS COUNTS AND PROPORTIONS FOR THE LATENT CLASSES
BASED ON THE ESTIMATED MODEL

    Latent
   Classes

       1       1563.31368          0.50381
       2       1539.68632          0.49619


FINAL CLASS COUNTS AND PROPORTIONS FOR THE LATENT CLASSES
BASED ON ESTIMATED POSTERIOR PROBABILITIES

    Latent
   Classes

       1       1563.31368          0.50381
       2       1539.68632          0.49619


FINAL CLASS COUNTS AND PROPORTIONS FOR THE LATENT CLASSES
BASED ON THEIR MOST LIKELY LATENT CLASS MEMBERSHIP

Class Counts and Proportions

    Latent
   Classes

       1             1573          0.50693
       2             1530          0.49307


CLASSIFICATION QUALITY

     Entropy                         0.858


Average Latent Class Probabilities for Most Likely Latent Class Membership (Row)
by Latent Class (Column)

           1        2

    1   0.956    0.044
    2   0.039    0.961


Classification Probabilities for the Most Likely Latent Class Membership (Column)
by Latent Class (Row)

           1        2

    1   0.962    0.038
    2   0.045    0.955


Logits for the Classification Probabilities for the Most Likely Latent Class Membership (Column)
by Latent Class (Row)

              1        2

    1      3.231    0.000
    2     -3.058    0.000


MODEL RESULTS

                                                    Two-Tailed
                    Estimate       S.E.  Est./S.E.    P-Value

Latent Class 1

 Means
    MTH_SCOR          43.782      0.291    150.458      0.000
    SCI_SCOR          42.253      0.308    137.339      0.000
    PHY_SCOR          42.608      0.301    141.430      0.000
    BIO_SCOR          43.499      0.314    138.381      0.000

 Variances
    MTH_SCOR          50.210      2.059     24.391      0.000
    SCI_SCOR          32.179      1.248     25.779      0.000
    PHY_SCOR          37.316      1.397     26.707      0.000
    BIO_SCOR          57.179      2.059     27.765      0.000

Latent Class 2

 Means
    MTH_SCOR          57.071      0.327    174.630      0.000
    SCI_SCOR          58.590      0.340    172.416      0.000
    PHY_SCOR          58.206      0.337    172.551      0.000
    BIO_SCOR          57.256      0.295    194.034      0.000

 Variances
    MTH_SCOR          69.001      2.751     25.084      0.000
    SCI_SCOR          42.985      1.734     24.783      0.000
    PHY_SCOR          49.939      2.131     23.434      0.000
    BIO_SCOR          50.894      1.712     29.728      0.000

Categorical Latent Variables

 Means
    C#1                0.015      0.066      0.231      0.817


QUALITY OF NUMERICAL RESULTS

     Condition Number for the Information Matrix              0.364E-03
       (ratio of smallest to largest eigenvalue)


RESIDUAL OUTPUT


     ESTIMATED MODEL AND RESIDUALS (OBSERVED - ESTIMATED) FOR CLASS 1


           Model Estimated Means
              MTH_SCOR      SCI_SCOR      PHY_SCOR      BIO_SCOR
              ________      ________      ________      ________
               43.782        42.253        42.608        43.499


           Residuals for Means
              MTH_SCOR      SCI_SCOR      PHY_SCOR      BIO_SCOR
              ________      ________      ________      ________
                0.000         0.000         0.000         0.000


           Model Estimated Covariances
              MTH_SCOR      SCI_SCOR      PHY_SCOR      BIO_SCOR
              ________      ________      ________      ________
 MTH_SCOR      50.210
 SCI_SCOR       0.000        32.179
 PHY_SCOR       0.000         0.000        37.316
 BIO_SCOR       0.000         0.000         0.000        57.179


           Residuals for Covariances
              MTH_SCOR      SCI_SCOR      PHY_SCOR      BIO_SCOR
              ________      ________      ________      ________
 MTH_SCOR       0.000
 SCI_SCOR      14.582         0.000
 PHY_SCOR      13.364        28.166         0.000
 BIO_SCOR      10.653        23.378        10.891         0.000


     ESTIMATED MODEL AND RESIDUALS (OBSERVED - ESTIMATED) FOR CLASS 2


           Model Estimated Means
              MTH_SCOR      SCI_SCOR      PHY_SCOR      BIO_SCOR
              ________      ________      ________      ________
               57.071        58.590        58.206        57.256


           Residuals for Means
              MTH_SCOR      SCI_SCOR      PHY_SCOR      BIO_SCOR
              ________      ________      ________      ________
                0.000         0.000         0.000         0.000


           Model Estimated Covariances
              MTH_SCOR      SCI_SCOR      PHY_SCOR      BIO_SCOR
              ________      ________      ________      ________
 MTH_SCOR      69.001
 SCI_SCOR       0.000        42.985
 PHY_SCOR       0.000         0.000        49.939
 BIO_SCOR       0.000         0.000         0.000        50.894


           Residuals for Covariances
              MTH_SCOR      SCI_SCOR      PHY_SCOR      BIO_SCOR
              ________      ________      ________      ________
 MTH_SCOR       0.000
 SCI_SCOR      27.548         0.000
 PHY_SCOR      25.154        41.788         0.000
 BIO_SCOR      16.210        27.584        19.646         0.000


TECHNICAL 11 OUTPUT

     Random Starts Specifications for the k-1 Class Analysis Model
        Number of initial stage random starts                 200
        Number of final stage optimizations                    50



     VUONG-LO-MENDELL-RUBIN LIKELIHOOD RATIO TEST FOR 1 (H0) VERSUS 2 CLASSES

          H0 Loglikelihood Value                       -46288.286
          2 Times the Loglikelihood Difference           5949.856
          Difference in the Number of Parameters                9
          Mean                                             36.182
          Standard Deviation                               44.596
          P-Value                                          0.0000

     LO-MENDELL-RUBIN ADJUSTED LRT TEST

          Value                                          5868.752
          P-Value                                          0.0000


TECHNICAL 14 OUTPUT

     Random Starts Specifications for the k-1 Class Analysis Model
        Number of initial stage random starts                 200
        Number of final stage optimizations                    50

     Random Starts Specification for the k-1 Class Model for Generated Data
        Number of initial stage random starts                   0
        Number of final stage optimizations for the
           initial stage random starts                          0
     Random Starts Specification for the k Class Model for Generated Data
        Number of initial stage random starts                  40
        Number of final stage optimizations                     8
     Number of bootstrap draws requested                   Varies


     PARAMETRIC BOOTSTRAPPED LIKELIHOOD RATIO TEST FOR 1 (H0) VERSUS 2 CLASSES

          H0 Loglikelihood Value                       -46288.286
          2 Times the Loglikelihood Difference           5949.856
          Difference in the Number of Parameters                9
          Approximate P-Value                              0.0000
          Successful Bootstrap Draws                            5

     WARNING:  OF THE 5 BOOTSTRAP DRAWS, 3 DRAWS HAD BOTH A SMALLER LRT VALUE THAN THE
     OBSERVED LRT VALUE AND NOT A REPLICATED BEST LOGLIKELIHOOD VALUE FOR THE 2-CLASS MODEL.
     THIS MEANS THAT THE P-VALUE MAY NOT BE TRUSTWORTHY DUE TO LOCAL MAXIMA.
     INCREASE THE NUMBER OF RANDOM STARTS USING THE LRTSTARTS OPTION.



PLOT INFORMATION

The following plots are available:

  Histograms (sample values)
  Scatterplots (sample values)
  Sample means
  Estimated means, medians, modes, and percentiles
  Sample and estimated means
  Observed individual values
  Estimated means and observed individual values
  Estimated overall and class-specific distributions

     Beginning Time:  09:57:01
        Ending Time:  09:57:05
       Elapsed Time:  00:00:04



MUTHEN & MUTHEN
3463 Stoner Ave.
Los Angeles, CA  90066

Tel: (310) 391-9971
Fax: (310) 391-8971
Web: www.StatModel.com
Support: Support@StatModel.com

Copyright (c) 1998-2021 Muthen & Muthen
