Mplus VERSION 8.6 (Mac)
MUTHEN & MUTHEN
10/24/2023   2:43 PM

INPUT INSTRUCTIONS

  TITLE:
  M2: Class3
  DATA:
  FILE = "/Users/agarber/github/Intro_to_LPA/m2_enum/c_lpa_m2.dat";

  VARIABLE:
  NAMES = rural gender fathed mothed mth_scor sci_scor phy_scor bio_scor;
   MISSING=.;
   usevar = mth_scor-bio_scor;
  classes = c(3);
  ANALYSIS:
  estimator = mlr;
      type = mixture;
      starts = 200 50;
      processors = 10;
  MODEL:
  %c#1%
      [mth_scor-bio_scor];   !!! means are are freely estimated
      mth_scor-bio_scor;     !!! variances are freely estimated
                             !!! covariances are fixed to zero (default)
   %c#2%
   [mth_scor-bio_scor];
   mth_scor-bio_scor;

   %c#3%
   [mth_scor-bio_scor];
   mth_scor-bio_scor;

  ! %c#4%
  ! [mth_scor-bio_scor];
  ! mth_scor-bio_scor;
  OUTPUT:
  sampstat residual tech11 tech14;
  PLOT:
  type = plot3;
       series = mth_scor-bio_scor(*);



*** WARNING in MODEL command
  All variables are uncorrelated with all other variables within class.
  Check that this is what is intended.
*** WARNING
  Data set contains cases with missing on all variables.
  These cases were not included in the analysis.
  Number of cases with missing on all variables:  2842
   2 WARNING(S) FOUND IN THE INPUT INSTRUCTIONS




M2: Class3

SUMMARY OF ANALYSIS

Number of groups                                                 1
Number of observations                                        3103

Number of dependent variables                                    4
Number of independent variables                                  0
Number of continuous latent variables                            0
Number of categorical latent variables                           1

Observed dependent variables

  Continuous
   MTH_SCOR    SCI_SCOR    PHY_SCOR    BIO_SCOR

Categorical latent variables
   C


Estimator                                                      MLR
Information matrix                                        OBSERVED
Optimization Specifications for the Quasi-Newton Algorithm for
Continuous Outcomes
  Maximum number of iterations                                 100
  Convergence criterion                                  0.100D-05
Optimization Specifications for the EM Algorithm
  Maximum number of iterations                                 500
  Convergence criteria
    Loglikelihood change                                 0.100D-06
    Relative loglikelihood change                        0.100D-06
    Derivative                                           0.100D-05
Optimization Specifications for the M step of the EM Algorithm for
Categorical Latent variables
  Number of M step iterations                                    1
  M step convergence criterion                           0.100D-05
  Basis for M step termination                           ITERATION
Optimization Specifications for the M step of the EM Algorithm for
Censored, Binary or Ordered Categorical (Ordinal), Unordered
Categorical (Nominal) and Count Outcomes
  Number of M step iterations                                    1
  M step convergence criterion                           0.100D-05
  Basis for M step termination                           ITERATION
  Maximum value for logit thresholds                            15
  Minimum value for logit thresholds                           -15
  Minimum expected cell size for chi-square              0.100D-01
Maximum number of iterations for H1                           2000
Convergence criterion for H1                             0.100D-03
Optimization algorithm                                         EMA
Random Starts Specifications
  Number of initial stage random starts                        200
  Number of final stage optimizations                           50
  Number of initial stage iterations                            10
  Initial stage convergence criterion                    0.100D+01
  Random starts scale                                    0.500D+01
  Random seed for generating random starts                       0

Input data file(s)
  /Users/agarber/github/Intro_to_LPA/m2_enum/c_lpa_m2.dat
Input data format  FREE


SUMMARY OF DATA

     Number of missing data patterns             3
     Number of y missing data patterns           3
     Number of u missing data patterns           0


COVARIANCE COVERAGE OF DATA

Minimum covariance coverage value   0.100


     PROPORTION OF DATA PRESENT FOR Y


           Covariance Coverage
              MTH_SCOR      SCI_SCOR      PHY_SCOR      BIO_SCOR
              ________      ________      ________      ________
 MTH_SCOR       0.995
 SCI_SCOR       0.994         0.998
 PHY_SCOR       0.994         0.998         0.998
 BIO_SCOR       0.994         0.998         0.998         0.998


SAMPLE STATISTICS


     ESTIMATED SAMPLE STATISTICS


           Means
              MTH_SCOR      SCI_SCOR      PHY_SCOR      BIO_SCOR
              ________      ________      ________      ________
               50.368        50.358        50.347        50.325


           Covariances
              MTH_SCOR      SCI_SCOR      PHY_SCOR      BIO_SCOR
              ________      ________      ________      ________
 MTH_SCOR     103.638
 SCI_SCOR      74.304       104.230
 PHY_SCOR      70.074        98.602       104.378
 BIO_SCOR      58.375        81.622        68.856       101.347


           Correlations
              MTH_SCOR      SCI_SCOR      PHY_SCOR      BIO_SCOR
              ________      ________      ________      ________
 MTH_SCOR       1.000
 SCI_SCOR       0.715         1.000
 PHY_SCOR       0.674         0.945         1.000
 BIO_SCOR       0.570         0.794         0.669         1.000


     MAXIMUM LOG-LIKELIHOOD VALUE FOR THE UNRESTRICTED (H1) MODEL IS -39883.582


UNIVARIATE SAMPLE STATISTICS


     UNIVARIATE HIGHER-ORDER MOMENT DESCRIPTIVE STATISTICS

         Variable/         Mean/     Skewness/   Minimum/ % with                Percentiles
        Sample Size      Variance    Kurtosis    Maximum  Min/Max      20%/60%    40%/80%    Median

     MTH_SCOR             50.381       0.205      27.360    0.03%      40.870     46.940     50.045
            3088.000     103.684      -0.572      85.070    0.03%      53.150     59.660
     SCI_SCOR             50.366       0.193      26.140    0.03%      40.910     47.150     50.020
            3098.000     104.263      -0.460      88.030    0.03%      52.940     59.270
     PHY_SCOR             50.354       0.246      25.500    0.03%      40.880     47.290     50.165
            3098.000     104.408      -0.238      87.290    0.06%      52.960     58.770
     BIO_SCOR             50.330      -0.036      24.750    0.16%      41.170     47.910     50.240
            3098.000     101.367      -0.358      70.580    5.75%      53.010     58.650

RANDOM STARTS RESULTS RANKED FROM THE BEST TO THE WORST LOGLIKELIHOOD VALUES


12 perturbed starting value run(s) did not converge or were rejected in the third stage.
Final stage loglikelihood values at local maxima, seeds, and initial stage start numbers:

          -42030.920  476498           179
          -42030.920  960438           116
          -42030.920  195873           6
          -42030.920  268896           124
          -42030.920  319144           176
          -42030.920  85462            51
          -42030.920  573096           20
          -42030.920  966014           37
          -42030.920  202790           198
          -42030.920  794236           127
          -42030.920  723775           97
          -42030.920  311214           64
          -42030.920  371246           101
          -42030.920  913639           162
          -42030.920  unperturbed      0
          -42030.920  535804           111
          -42030.920  569131           26
          -42030.920  479273           156
          -42030.920  475420           71
          -42030.920  118421           139
          -42030.920  354559           73
          -42030.920  902278           21
          -42030.920  456213           160
          -42030.920  443917           60
          -42030.920  373505           88
          -42030.920  466971           109
          -42030.920  715561           125
          -42030.920  227563           63
          -42030.920  848163           47
          -42030.920  436460           89
          -42030.920  314084           81
          -42030.920  131856           90
          -42030.920  286735           175
          -42030.920  754100           56
          -42030.920  928287           197
          -42030.920  369602           146
          -42030.920  440841           118
          -42030.920  127215           9
          -42030.920  22089            143
          -42030.920  635245           121
          -42030.920  347515           24
          -42030.920  570782           193
          -42030.920  804561           59

7 perturbed starting value run(s) did not converge or were rejected in the third stage.



THE BEST LOGLIKELIHOOD VALUE HAS BEEN REPLICATED.  RERUN WITH AT LEAST TWICE THE
RANDOM STARTS TO CHECK THAT THE BEST LOGLIKELIHOOD IS STILL OBTAINED AND REPLICATED.


THE MODEL ESTIMATION TERMINATED NORMALLY



MODEL FIT INFORMATION

Number of Free Parameters                       26

Loglikelihood

          H0 Value                      -42030.920
          H0 Scaling Correction Factor      1.2725
            for MLR

Information Criteria

          Akaike (AIC)                   84113.839
          Bayesian (BIC)                 84270.883
          Sample-Size Adjusted BIC       84188.270
            (n* = (n + 2) / 24)



FINAL CLASS COUNTS AND PROPORTIONS FOR THE LATENT CLASSES
BASED ON THE ESTIMATED MODEL

    Latent
   Classes

       1       1224.42762          0.39459
       2       1061.82087          0.34219
       3        816.75151          0.26321


FINAL CLASS COUNTS AND PROPORTIONS FOR THE LATENT CLASSES
BASED ON ESTIMATED POSTERIOR PROBABILITIES

    Latent
   Classes

       1       1224.42762          0.39459
       2       1061.82087          0.34219
       3        816.75151          0.26321


FINAL CLASS COUNTS AND PROPORTIONS FOR THE LATENT CLASSES
BASED ON THEIR MOST LIKELY LATENT CLASS MEMBERSHIP

Class Counts and Proportions

    Latent
   Classes

       1             1223          0.39413
       2             1070          0.34483
       3              810          0.26104


CLASSIFICATION QUALITY

     Entropy                         0.868


Average Latent Class Probabilities for Most Likely Latent Class Membership (Row)
by Latent Class (Column)

           1        2        3

    1   0.923    0.035    0.041
    2   0.048    0.952    0.000
    3   0.054    0.000    0.946


Classification Probabilities for the Most Likely Latent Class Membership (Column)
by Latent Class (Row)

           1        2        3

    1   0.922    0.042    0.036
    2   0.041    0.959    0.000
    3   0.062    0.000    0.938


Logits for the Classification Probabilities for the Most Likely Latent Class Membership (Column)
by Latent Class (Row)

              1        2        3

    1      3.245    0.158    0.000
    2     10.617   13.774    0.000
    3     -2.716   -9.778    0.000


MODEL RESULTS

                                                    Two-Tailed
                    Estimate       S.E.  Est./S.E.    P-Value

Latent Class 1

 Means
    MTH_SCOR          50.726      0.490    103.517      0.000
    SCI_SCOR          51.242      0.579     88.453      0.000
    PHY_SCOR          51.241      0.547     93.671      0.000
    BIO_SCOR          51.073      0.520     98.201      0.000

 Variances
    MTH_SCOR          56.818      2.152     26.398      0.000
    SCI_SCOR          14.829      0.721     20.569      0.000
    PHY_SCOR          19.429      0.948     20.501      0.000
    BIO_SCOR          38.442      2.242     17.148      0.000

Latent Class 2

 Means
    MTH_SCOR          42.059      0.312    134.904      0.000
    SCI_SCOR          39.472      0.374    105.466      0.000
    PHY_SCOR          39.838      0.383    104.029      0.000
    BIO_SCOR          41.333      0.358    115.377      0.000

 Variances
    MTH_SCOR          41.822      2.149     19.465      0.000
    SCI_SCOR          20.231      1.202     16.838      0.000
    PHY_SCOR          25.013      1.618     15.456      0.000
    BIO_SCOR          52.197      2.506     20.829      0.000

Latent Class 3

 Means
    MTH_SCOR          60.632      0.548    110.572      0.000
    SCI_SCOR          63.186      0.524    120.526      0.000
    PHY_SCOR          62.669      0.530    118.346      0.000
    BIO_SCOR          60.891      0.453    134.348      0.000

 Variances
    MTH_SCOR          58.851      4.014     14.661      0.000
    SCI_SCOR          27.710      1.576     17.582      0.000
    PHY_SCOR          38.357      2.174     17.640      0.000
    BIO_SCOR          41.997      1.880     22.334      0.000

Categorical Latent Variables

 Means
    C#1                0.405      0.095      4.284      0.000
    C#2                0.262      0.128      2.053      0.040


QUALITY OF NUMERICAL RESULTS

     Condition Number for the Information Matrix              0.269E-03
       (ratio of smallest to largest eigenvalue)


RESIDUAL OUTPUT


     ESTIMATED MODEL AND RESIDUALS (OBSERVED - ESTIMATED) FOR CLASS 1


           Model Estimated Means
              MTH_SCOR      SCI_SCOR      PHY_SCOR      BIO_SCOR
              ________      ________      ________      ________
               50.726        51.242        51.241        51.073


           Residuals for Means
              MTH_SCOR      SCI_SCOR      PHY_SCOR      BIO_SCOR
              ________      ________      ________      ________
                0.000         0.000         0.000         0.000


           Model Estimated Covariances
              MTH_SCOR      SCI_SCOR      PHY_SCOR      BIO_SCOR
              ________      ________      ________      ________
 MTH_SCOR      56.818
 SCI_SCOR       0.000        14.829
 PHY_SCOR       0.000         0.000        19.429
 BIO_SCOR       0.000         0.000         0.000        38.442


           Residuals for Covariances
              MTH_SCOR      SCI_SCOR      PHY_SCOR      BIO_SCOR
              ________      ________      ________      ________
 MTH_SCOR       0.000
 SCI_SCOR       4.678         0.000
 PHY_SCOR       2.172        11.412         0.000
 BIO_SCOR       0.275         9.005        -0.491         0.000


     ESTIMATED MODEL AND RESIDUALS (OBSERVED - ESTIMATED) FOR CLASS 2


           Model Estimated Means
              MTH_SCOR      SCI_SCOR      PHY_SCOR      BIO_SCOR
              ________      ________      ________      ________
               42.059        39.472        39.838        41.333


           Residuals for Means
              MTH_SCOR      SCI_SCOR      PHY_SCOR      BIO_SCOR
              ________      ________      ________      ________
                0.000         0.000         0.000         0.000


           Model Estimated Covariances
              MTH_SCOR      SCI_SCOR      PHY_SCOR      BIO_SCOR
              ________      ________      ________      ________
 MTH_SCOR      41.822
 SCI_SCOR       0.000        20.231
 PHY_SCOR       0.000         0.000        25.013
 BIO_SCOR       0.000         0.000         0.000        52.197


           Residuals for Covariances
              MTH_SCOR      SCI_SCOR      PHY_SCOR      BIO_SCOR
              ________      ________      ________      ________
 MTH_SCOR       0.000
 SCI_SCOR       7.517         0.000
 PHY_SCOR       6.436        16.071         0.000
 BIO_SCOR       7.173        14.467         1.375         0.000


     ESTIMATED MODEL AND RESIDUALS (OBSERVED - ESTIMATED) FOR CLASS 3


           Model Estimated Means
              MTH_SCOR      SCI_SCOR      PHY_SCOR      BIO_SCOR
              ________      ________      ________      ________
               60.632        63.186        62.669        60.891


           Residuals for Means
              MTH_SCOR      SCI_SCOR      PHY_SCOR      BIO_SCOR
              ________      ________      ________      ________
                0.000         0.000         0.000         0.000


           Model Estimated Covariances
              MTH_SCOR      SCI_SCOR      PHY_SCOR      BIO_SCOR
              ________      ________      ________      ________
 MTH_SCOR      58.851
 SCI_SCOR       0.000        27.710
 PHY_SCOR       0.000         0.000        38.357
 BIO_SCOR       0.000         0.000         0.000        41.997


           Residuals for Covariances
              MTH_SCOR      SCI_SCOR      PHY_SCOR      BIO_SCOR
              ________      ________      ________      ________
 MTH_SCOR       0.000
 SCI_SCOR      17.061         0.000
 PHY_SCOR      15.411        28.674         0.000
 BIO_SCOR       6.858        14.045         6.544         0.000


TECHNICAL 11 OUTPUT

     Random Starts Specifications for the k-1 Class Analysis Model
        Number of initial stage random starts                 200
        Number of final stage optimizations                    50



     VUONG-LO-MENDELL-RUBIN LIKELIHOOD RATIO TEST FOR 2 (H0) VERSUS 3 CLASSES

          H0 Loglikelihood Value                       -43313.358
          2 Times the Loglikelihood Difference           2564.876
          Difference in the Number of Parameters                9
          Mean                                             69.082
          Standard Deviation                              124.021
          P-Value                                          0.0000

     LO-MENDELL-RUBIN ADJUSTED LRT TEST

          Value                                          2529.913
          P-Value                                          0.0000


TECHNICAL 14 OUTPUT

     Random Starts Specifications for the k-1 Class Analysis Model
        Number of initial stage random starts                 200
        Number of final stage optimizations                    50

     Random Starts Specification for the k-1 Class Model for Generated Data
        Number of initial stage random starts                   0
        Number of final stage optimizations for the
           initial stage random starts                          0
     Random Starts Specification for the k Class Model for Generated Data
        Number of initial stage random starts                  40
        Number of final stage optimizations                     8
     Number of bootstrap draws requested                   Varies


     PARAMETRIC BOOTSTRAPPED LIKELIHOOD RATIO TEST FOR 2 (H0) VERSUS 3 CLASSES

          H0 Loglikelihood Value                       -43313.358
          2 Times the Loglikelihood Difference           2564.876
          Difference in the Number of Parameters                9
          Approximate P-Value                              0.0000
          Successful Bootstrap Draws                            5

     WARNING:  OF THE 5 BOOTSTRAP DRAWS, 3 DRAWS HAD BOTH A SMALLER LRT VALUE THAN THE
     OBSERVED LRT VALUE AND NOT A REPLICATED BEST LOGLIKELIHOOD VALUE FOR THE 3-CLASS MODEL.
     THIS MEANS THAT THE P-VALUE MAY NOT BE TRUSTWORTHY DUE TO LOCAL MAXIMA.
     INCREASE THE NUMBER OF RANDOM STARTS USING THE LRTSTARTS OPTION.



PLOT INFORMATION

The following plots are available:

  Histograms (sample values)
  Scatterplots (sample values)
  Sample means
  Estimated means, medians, modes, and percentiles
  Sample and estimated means
  Observed individual values
  Estimated means and observed individual values
  Estimated overall and class-specific distributions

     Beginning Time:  14:43:28
        Ending Time:  14:43:39
       Elapsed Time:  00:00:11



MUTHEN & MUTHEN
3463 Stoner Ave.
Los Angeles, CA  90066

Tel: (310) 391-9971
Fax: (310) 391-8971
Web: www.StatModel.com
Support: Support@StatModel.com

Copyright (c) 1998-2021 Muthen & Muthen
