Mplus VERSION 8.6 (Mac)
MUTHEN & MUTHEN
10/24/2023   2:43 PM

INPUT INSTRUCTIONS

  TITLE:
  M2: Class4
  DATA:
  FILE = "/Users/agarber/github/Intro_to_LPA/m2_enum/c_lpa_m2.dat";

  VARIABLE:
  NAMES = rural gender fathed mothed mth_scor sci_scor phy_scor bio_scor;
   MISSING=.;
   usevar = mth_scor-bio_scor;
  classes = c(4);
  ANALYSIS:
  estimator = mlr;
      type = mixture;
      starts = 200 50;
      processors = 10;
  MODEL:
  %c#1%
      [mth_scor-bio_scor];   !!! means are are freely estimated
      mth_scor-bio_scor;     !!! variances are freely estimated
                             !!! covariances are fixed to zero (default)
   %c#2%
   [mth_scor-bio_scor];
   mth_scor-bio_scor;

   %c#3%
   [mth_scor-bio_scor];
   mth_scor-bio_scor;

   %c#4%
   [mth_scor-bio_scor];
   mth_scor-bio_scor;
  OUTPUT:
  sampstat residual tech11 tech14;
  PLOT:
  type = plot3;
       series = mth_scor-bio_scor(*);



*** WARNING in MODEL command
  All variables are uncorrelated with all other variables within class.
  Check that this is what is intended.
*** WARNING
  Data set contains cases with missing on all variables.
  These cases were not included in the analysis.
  Number of cases with missing on all variables:  2842
   2 WARNING(S) FOUND IN THE INPUT INSTRUCTIONS




M2: Class4

SUMMARY OF ANALYSIS

Number of groups                                                 1
Number of observations                                        3103

Number of dependent variables                                    4
Number of independent variables                                  0
Number of continuous latent variables                            0
Number of categorical latent variables                           1

Observed dependent variables

  Continuous
   MTH_SCOR    SCI_SCOR    PHY_SCOR    BIO_SCOR

Categorical latent variables
   C


Estimator                                                      MLR
Information matrix                                        OBSERVED
Optimization Specifications for the Quasi-Newton Algorithm for
Continuous Outcomes
  Maximum number of iterations                                 100
  Convergence criterion                                  0.100D-05
Optimization Specifications for the EM Algorithm
  Maximum number of iterations                                 500
  Convergence criteria
    Loglikelihood change                                 0.100D-06
    Relative loglikelihood change                        0.100D-06
    Derivative                                           0.100D-05
Optimization Specifications for the M step of the EM Algorithm for
Categorical Latent variables
  Number of M step iterations                                    1
  M step convergence criterion                           0.100D-05
  Basis for M step termination                           ITERATION
Optimization Specifications for the M step of the EM Algorithm for
Censored, Binary or Ordered Categorical (Ordinal), Unordered
Categorical (Nominal) and Count Outcomes
  Number of M step iterations                                    1
  M step convergence criterion                           0.100D-05
  Basis for M step termination                           ITERATION
  Maximum value for logit thresholds                            15
  Minimum value for logit thresholds                           -15
  Minimum expected cell size for chi-square              0.100D-01
Maximum number of iterations for H1                           2000
Convergence criterion for H1                             0.100D-03
Optimization algorithm                                         EMA
Random Starts Specifications
  Number of initial stage random starts                        200
  Number of final stage optimizations                           50
  Number of initial stage iterations                            10
  Initial stage convergence criterion                    0.100D+01
  Random starts scale                                    0.500D+01
  Random seed for generating random starts                       0

Input data file(s)
  /Users/agarber/github/Intro_to_LPA/m2_enum/c_lpa_m2.dat
Input data format  FREE


SUMMARY OF DATA

     Number of missing data patterns             3
     Number of y missing data patterns           3
     Number of u missing data patterns           0


COVARIANCE COVERAGE OF DATA

Minimum covariance coverage value   0.100


     PROPORTION OF DATA PRESENT FOR Y


           Covariance Coverage
              MTH_SCOR      SCI_SCOR      PHY_SCOR      BIO_SCOR
              ________      ________      ________      ________
 MTH_SCOR       0.995
 SCI_SCOR       0.994         0.998
 PHY_SCOR       0.994         0.998         0.998
 BIO_SCOR       0.994         0.998         0.998         0.998


SAMPLE STATISTICS


     ESTIMATED SAMPLE STATISTICS


           Means
              MTH_SCOR      SCI_SCOR      PHY_SCOR      BIO_SCOR
              ________      ________      ________      ________
               50.368        50.358        50.347        50.325


           Covariances
              MTH_SCOR      SCI_SCOR      PHY_SCOR      BIO_SCOR
              ________      ________      ________      ________
 MTH_SCOR     103.638
 SCI_SCOR      74.304       104.230
 PHY_SCOR      70.074        98.602       104.378
 BIO_SCOR      58.375        81.622        68.856       101.347


           Correlations
              MTH_SCOR      SCI_SCOR      PHY_SCOR      BIO_SCOR
              ________      ________      ________      ________
 MTH_SCOR       1.000
 SCI_SCOR       0.715         1.000
 PHY_SCOR       0.674         0.945         1.000
 BIO_SCOR       0.570         0.794         0.669         1.000


     MAXIMUM LOG-LIKELIHOOD VALUE FOR THE UNRESTRICTED (H1) MODEL IS -39883.582


UNIVARIATE SAMPLE STATISTICS


     UNIVARIATE HIGHER-ORDER MOMENT DESCRIPTIVE STATISTICS

         Variable/         Mean/     Skewness/   Minimum/ % with                Percentiles
        Sample Size      Variance    Kurtosis    Maximum  Min/Max      20%/60%    40%/80%    Median

     MTH_SCOR             50.381       0.205      27.360    0.03%      40.870     46.940     50.045
            3088.000     103.684      -0.572      85.070    0.03%      53.150     59.660
     SCI_SCOR             50.366       0.193      26.140    0.03%      40.910     47.150     50.020
            3098.000     104.263      -0.460      88.030    0.03%      52.940     59.270
     PHY_SCOR             50.354       0.246      25.500    0.03%      40.880     47.290     50.165
            3098.000     104.408      -0.238      87.290    0.06%      52.960     58.770
     BIO_SCOR             50.330      -0.036      24.750    0.16%      41.170     47.910     50.240
            3098.000     101.367      -0.358      70.580    5.75%      53.010     58.650

RANDOM STARTS RESULTS RANKED FROM THE BEST TO THE WORST LOGLIKELIHOOD VALUES


27 perturbed starting value run(s) did not converge or were rejected in the third stage.
Final stage loglikelihood values at local maxima, seeds, and initial stage start numbers:

          -41324.697  268217           83
          -41324.697  863094           147
          -41324.697  793035           187
          -41324.697  535804           111
          -41324.697  215353           164
          -41324.697  366706           29
          -41324.697  319144           176
          -41324.697  107446           12
          -41324.697  313407           132
          -41324.697  192071           142
          -41324.697  991329           182
          -41324.697  635245           121
          -41324.697  422103           62
          -41324.697  311214           64
          -41324.697  648555           113
          -41324.697  848163           47
          -41324.697  411615           171
          -41324.697  569833           85
          -41324.697  321390           133
          -41324.697  579995           183
          -41324.697  609185           181
          -41324.697  202790           198
          -41324.697  569131           26
          -41324.697  966014           37
          -41324.697  603842           61
          -41324.697  587946           120
          -41324.697  626891           32
          -41324.697  576596           99
          -41324.697  856536           144
          -41324.697  466971           109
          -41324.697  484501           163
          -41324.697  150531           154
          -41324.697  568859           49
          -41324.697  804561           59
          -41324.697  207896           25
          -41324.697  967902           52
          -41324.697  127215           9
          -41324.697  227563           63
          -41324.697  903369           134
          -41324.697  292884           103

10 perturbed starting value run(s) did not converge or were rejected in the third stage.



THE BEST LOGLIKELIHOOD VALUE HAS BEEN REPLICATED.  RERUN WITH AT LEAST TWICE THE
RANDOM STARTS TO CHECK THAT THE BEST LOGLIKELIHOOD IS STILL OBTAINED AND REPLICATED.


THE MODEL ESTIMATION TERMINATED NORMALLY



MODEL FIT INFORMATION

Number of Free Parameters                       35

Loglikelihood

          H0 Value                      -41324.697
          H0 Scaling Correction Factor      1.2776
            for MLR

Information Criteria

          Akaike (AIC)                   82719.393
          Bayesian (BIC)                 82930.798
          Sample-Size Adjusted BIC       82819.588
            (n* = (n + 2) / 24)



FINAL CLASS COUNTS AND PROPORTIONS FOR THE LATENT CLASSES
BASED ON THE ESTIMATED MODEL

    Latent
   Classes

       1        863.90672          0.27841
       2        986.69615          0.31798
       3        420.40500          0.13548
       4        831.99213          0.26813


FINAL CLASS COUNTS AND PROPORTIONS FOR THE LATENT CLASSES
BASED ON ESTIMATED POSTERIOR PROBABILITIES

    Latent
   Classes

       1        863.90672          0.27841
       2        986.69615          0.31798
       3        420.40500          0.13548
       4        831.99213          0.26813


FINAL CLASS COUNTS AND PROPORTIONS FOR THE LATENT CLASSES
BASED ON THEIR MOST LIKELY LATENT CLASS MEMBERSHIP

Class Counts and Proportions

    Latent
   Classes

       1              863          0.27812
       2              994          0.32034
       3              405          0.13052
       4              841          0.27103


CLASSIFICATION QUALITY

     Entropy                         0.877


Average Latent Class Probabilities for Most Likely Latent Class Membership (Row)
by Latent Class (Column)

           1        2        3        4

    1   0.952    0.048    0.000    0.000
    2   0.043    0.915    0.000    0.042
    3   0.000    0.000    0.946    0.054
    4   0.000    0.042    0.044    0.914


Classification Probabilities for the Most Likely Latent Class Membership (Column)
by Latent Class (Row)

           1        2        3        4

    1   0.951    0.049    0.000    0.000
    2   0.042    0.922    0.000    0.036
    3   0.000    0.000    0.912    0.088
    4   0.000    0.050    0.026    0.924


Logits for the Classification Probabilities for the Most Likely Latent Class Membership (Column)
by Latent Class (Row)

              1        2        3        4

    1     13.765   10.801    0.000    0.000
    2      0.151    3.244  -10.490    0.000
    3     -8.708   -6.075    2.338    0.000
    4     -8.185   -2.917   -3.567    0.000


MODEL RESULTS

                                                    Two-Tailed
                    Estimate       S.E.  Est./S.E.    P-Value

Latent Class 1

 Means
    MTH_SCOR          41.360      0.339    122.049      0.000
    SCI_SCOR          38.279      0.375    101.985      0.000
    PHY_SCOR          38.656      0.384    100.693      0.000
    BIO_SCOR          40.465      0.366    110.682      0.000

 Variances
    MTH_SCOR          39.158      2.107     18.586      0.000
    SCI_SCOR          16.346      1.003     16.297      0.000
    PHY_SCOR          20.794      1.378     15.091      0.000
    BIO_SCOR          50.661      2.725     18.590      0.000

Latent Class 2

 Means
    MTH_SCOR          48.673      0.488     99.715      0.000
    SCI_SCOR          48.188      0.560     86.116      0.000
    PHY_SCOR          48.258      0.540     89.350      0.000
    BIO_SCOR          48.767      0.539     90.555      0.000

 Variances
    MTH_SCOR          55.606      2.355     23.613      0.000
    SCI_SCOR           9.674      0.550     17.580      0.000
    PHY_SCOR          14.662      0.810     18.112      0.000
    BIO_SCOR          41.764      2.690     15.525      0.000

Latent Class 3

 Means
    MTH_SCOR          63.238      0.684     92.387      0.000
    SCI_SCOR          66.948      0.718     93.231      0.000
    PHY_SCOR          66.708      0.852     78.265      0.000
    BIO_SCOR          63.057      0.418    150.967      0.000

 Variances
    MTH_SCOR          54.222      4.576     11.849      0.000
    SCI_SCOR          20.031      1.843     10.870      0.000
    PHY_SCOR          31.332      2.819     11.114      0.000
    BIO_SCOR          37.963      2.234     16.994      0.000

Latent Class 4

 Means
    MTH_SCOR          55.219      0.574     96.268      0.000
    SCI_SCOR          57.091      0.635     89.864      0.000
    PHY_SCOR          56.695      0.562    100.858      0.000
    BIO_SCOR          55.974      0.656     85.378      0.000

 Variances
    MTH_SCOR          57.600      3.175     18.142      0.000
    SCI_SCOR           8.723      0.615     14.182      0.000
    PHY_SCOR          11.876      0.761     15.611      0.000
    BIO_SCOR          39.077      3.052     12.804      0.000

Categorical Latent Variables

 Means
    C#1                0.038      0.101      0.373      0.709
    C#2                0.171      0.066      2.566      0.010
    C#3               -0.683      0.137     -4.994      0.000


QUALITY OF NUMERICAL RESULTS

     Condition Number for the Information Matrix              0.127E-03
       (ratio of smallest to largest eigenvalue)


RESIDUAL OUTPUT


     ESTIMATED MODEL AND RESIDUALS (OBSERVED - ESTIMATED) FOR CLASS 1


           Model Estimated Means
              MTH_SCOR      SCI_SCOR      PHY_SCOR      BIO_SCOR
              ________      ________      ________      ________
               41.360        38.279        38.656        40.465


           Residuals for Means
              MTH_SCOR      SCI_SCOR      PHY_SCOR      BIO_SCOR
              ________      ________      ________      ________
                0.000         0.000         0.000         0.000


           Model Estimated Covariances
              MTH_SCOR      SCI_SCOR      PHY_SCOR      BIO_SCOR
              ________      ________      ________      ________
 MTH_SCOR      39.158
 SCI_SCOR       0.000        16.346
 PHY_SCOR       0.000         0.000        20.794
 BIO_SCOR       0.000         0.000         0.000        50.661


           Residuals for Covariances
              MTH_SCOR      SCI_SCOR      PHY_SCOR      BIO_SCOR
              ________      ________      ________      ________
 MTH_SCOR       0.000
 SCI_SCOR       5.038         0.000
 PHY_SCOR       4.402        12.122         0.000
 BIO_SCOR       6.054        11.944        -1.192         0.000


     ESTIMATED MODEL AND RESIDUALS (OBSERVED - ESTIMATED) FOR CLASS 2


           Model Estimated Means
              MTH_SCOR      SCI_SCOR      PHY_SCOR      BIO_SCOR
              ________      ________      ________      ________
               48.673        48.188        48.258        48.767


           Residuals for Means
              MTH_SCOR      SCI_SCOR      PHY_SCOR      BIO_SCOR
              ________      ________      ________      ________
                0.000         0.000         0.000         0.000


           Model Estimated Covariances
              MTH_SCOR      SCI_SCOR      PHY_SCOR      BIO_SCOR
              ________      ________      ________      ________
 MTH_SCOR      55.606
 SCI_SCOR       0.000         9.674
 PHY_SCOR       0.000         0.000        14.662
 BIO_SCOR       0.000         0.000         0.000        41.764


           Residuals for Covariances
              MTH_SCOR      SCI_SCOR      PHY_SCOR      BIO_SCOR
              ________      ________      ________      ________
 MTH_SCOR       0.000
 SCI_SCOR       3.110         0.000
 PHY_SCOR       0.395         5.702         0.000
 BIO_SCOR       1.160         7.187        -4.200         0.000


     ESTIMATED MODEL AND RESIDUALS (OBSERVED - ESTIMATED) FOR CLASS 3


           Model Estimated Means
              MTH_SCOR      SCI_SCOR      PHY_SCOR      BIO_SCOR
              ________      ________      ________      ________
               63.238        66.948        66.708        63.057


           Residuals for Means
              MTH_SCOR      SCI_SCOR      PHY_SCOR      BIO_SCOR
              ________      ________      ________      ________
                0.000         0.000         0.000         0.000


           Model Estimated Covariances
              MTH_SCOR      SCI_SCOR      PHY_SCOR      BIO_SCOR
              ________      ________      ________      ________
 MTH_SCOR      54.222
 SCI_SCOR       0.000        20.031
 PHY_SCOR       0.000         0.000        31.332
 BIO_SCOR       0.000         0.000         0.000        37.963


           Residuals for Covariances
              MTH_SCOR      SCI_SCOR      PHY_SCOR      BIO_SCOR
              ________      ________      ________      ________
 MTH_SCOR       0.000
 SCI_SCOR      12.462         0.000
 PHY_SCOR      11.528        21.729         0.000
 BIO_SCOR       4.077         9.080         1.827         0.000


     ESTIMATED MODEL AND RESIDUALS (OBSERVED - ESTIMATED) FOR CLASS 4


           Model Estimated Means
              MTH_SCOR      SCI_SCOR      PHY_SCOR      BIO_SCOR
              ________      ________      ________      ________
               55.219        57.091        56.695        55.974


           Residuals for Means
              MTH_SCOR      SCI_SCOR      PHY_SCOR      BIO_SCOR
              ________      ________      ________      ________
                0.000         0.000         0.000         0.000


           Model Estimated Covariances
              MTH_SCOR      SCI_SCOR      PHY_SCOR      BIO_SCOR
              ________      ________      ________      ________
 MTH_SCOR      57.600
 SCI_SCOR       0.000         8.723
 PHY_SCOR       0.000         0.000        11.876
 BIO_SCOR       0.000         0.000         0.000        39.077


           Residuals for Covariances
              MTH_SCOR      SCI_SCOR      PHY_SCOR      BIO_SCOR
              ________      ________      ________      ________
 MTH_SCOR       0.000
 SCI_SCOR       4.580         0.000
 PHY_SCOR       0.267         5.558         0.000
 BIO_SCOR       2.799         6.513        -2.521         0.000


TECHNICAL 11 OUTPUT

     Random Starts Specifications for the k-1 Class Analysis Model
        Number of initial stage random starts                 200
        Number of final stage optimizations                    50



     VUONG-LO-MENDELL-RUBIN LIKELIHOOD RATIO TEST FOR 3 (H0) VERSUS 4 CLASSES

          H0 Loglikelihood Value                       -42030.920
          2 Times the Loglikelihood Difference           1412.446
          Difference in the Number of Parameters                9
          Mean                                             41.782
          Standard Deviation                              185.991
          P-Value                                          0.0002

     LO-MENDELL-RUBIN ADJUSTED LRT TEST

          Value                                          1393.193
          P-Value                                          0.0002


TECHNICAL 14 OUTPUT

     Random Starts Specifications for the k-1 Class Analysis Model
        Number of initial stage random starts                 200
        Number of final stage optimizations                    50

     Random Starts Specification for the k-1 Class Model for Generated Data
        Number of initial stage random starts                   0
        Number of final stage optimizations for the
           initial stage random starts                          0
     Random Starts Specification for the k Class Model for Generated Data
        Number of initial stage random starts                  40
        Number of final stage optimizations                     8
     Number of bootstrap draws requested                   Varies


     PARAMETRIC BOOTSTRAPPED LIKELIHOOD RATIO TEST FOR 3 (H0) VERSUS 4 CLASSES

          H0 Loglikelihood Value                       -42030.920
          2 Times the Loglikelihood Difference           1412.446
          Difference in the Number of Parameters                9
          Approximate P-Value                              0.0000
          Successful Bootstrap Draws                            5

     WARNING:  OF THE 5 BOOTSTRAP DRAWS, 4 DRAWS HAD BOTH A SMALLER LRT VALUE THAN THE
     OBSERVED LRT VALUE AND NOT A REPLICATED BEST LOGLIKELIHOOD VALUE FOR THE 4-CLASS MODEL.
     THIS MEANS THAT THE P-VALUE MAY NOT BE TRUSTWORTHY DUE TO LOCAL MAXIMA.
     INCREASE THE NUMBER OF RANDOM STARTS USING THE LRTSTARTS OPTION.



PLOT INFORMATION

The following plots are available:

  Histograms (sample values)
  Scatterplots (sample values)
  Sample means
  Estimated means, medians, modes, and percentiles
  Sample and estimated means
  Observed individual values
  Estimated means and observed individual values
  Estimated overall and class-specific distributions

     Beginning Time:  14:43:40
        Ending Time:  14:43:56
       Elapsed Time:  00:00:16



MUTHEN & MUTHEN
3463 Stoner Ave.
Los Angeles, CA  90066

Tel: (310) 391-9971
Fax: (310) 391-8971
Web: www.StatModel.com
Support: Support@StatModel.com

Copyright (c) 1998-2021 Muthen & Muthen
