Mplus VERSION 8.6 (Mac)
MUTHEN & MUTHEN
01/30/2024   9:57 AM

INPUT INSTRUCTIONS

  TITLE:
  M2: Class5
  DATA:
  FILE = "/Users/agarber/github/Intro_to_LPA/m2_enum/c_lpa_m2.dat";

  VARIABLE:
  NAMES = rural gender fathed mothed mth_scor sci_scor phy_scor bio_scor;
   MISSING=.;
   usevar = mth_scor-bio_scor;
  classes = c(5);
  ANALYSIS:
  estimator = mlr;
      type = mixture;
      starts = 200 50;
      processors = 10;
  MODEL:
  %c#1%
      [mth_scor-bio_scor];   !!! means are are freely estimated
      mth_scor-bio_scor;     !!! variances are freely estimated
                             !!! covariances are fixed to zero (default)
   %c#2%
   [mth_scor-bio_scor];
   mth_scor-bio_scor;

   %c#3%
   [mth_scor-bio_scor];
   mth_scor-bio_scor;

   %c#4%
   [mth_scor-bio_scor];
   mth_scor-bio_scor;

   %c#5%
   [mth_scor-bio_scor];
   mth_scor-bio_scor;

  ! %c#6%
  ! [mth_scor-bio_scor];
  ! mth_scor-bio_scor;

  OUTPUT:
  sampstat residual tech11 tech14;
  PLOT:
  type = plot3;
       series = mth_scor-bio_scor(*);



*** WARNING in MODEL command
  All variables are uncorrelated with all other variables within class.
  Check that this is what is intended.
*** WARNING
  Data set contains cases with missing on all variables.
  These cases were not included in the analysis.
  Number of cases with missing on all variables:  2842
   2 WARNING(S) FOUND IN THE INPUT INSTRUCTIONS




M2: Class5

SUMMARY OF ANALYSIS

Number of groups                                                 1
Number of observations                                        3103

Number of dependent variables                                    4
Number of independent variables                                  0
Number of continuous latent variables                            0
Number of categorical latent variables                           1

Observed dependent variables

  Continuous
   MTH_SCOR    SCI_SCOR    PHY_SCOR    BIO_SCOR

Categorical latent variables
   C


Estimator                                                      MLR
Information matrix                                        OBSERVED
Optimization Specifications for the Quasi-Newton Algorithm for
Continuous Outcomes
  Maximum number of iterations                                 100
  Convergence criterion                                  0.100D-05
Optimization Specifications for the EM Algorithm
  Maximum number of iterations                                 500
  Convergence criteria
    Loglikelihood change                                 0.100D-06
    Relative loglikelihood change                        0.100D-06
    Derivative                                           0.100D-05
Optimization Specifications for the M step of the EM Algorithm for
Categorical Latent variables
  Number of M step iterations                                    1
  M step convergence criterion                           0.100D-05
  Basis for M step termination                           ITERATION
Optimization Specifications for the M step of the EM Algorithm for
Censored, Binary or Ordered Categorical (Ordinal), Unordered
Categorical (Nominal) and Count Outcomes
  Number of M step iterations                                    1
  M step convergence criterion                           0.100D-05
  Basis for M step termination                           ITERATION
  Maximum value for logit thresholds                            15
  Minimum value for logit thresholds                           -15
  Minimum expected cell size for chi-square              0.100D-01
Maximum number of iterations for H1                           2000
Convergence criterion for H1                             0.100D-03
Optimization algorithm                                         EMA
Random Starts Specifications
  Number of initial stage random starts                        200
  Number of final stage optimizations                           50
  Number of initial stage iterations                            10
  Initial stage convergence criterion                    0.100D+01
  Random starts scale                                    0.500D+01
  Random seed for generating random starts                       0

Input data file(s)
  /Users/agarber/github/Intro_to_LPA/m2_enum/c_lpa_m2.dat
Input data format  FREE


SUMMARY OF DATA

     Number of missing data patterns             3
     Number of y missing data patterns           3
     Number of u missing data patterns           0


COVARIANCE COVERAGE OF DATA

Minimum covariance coverage value   0.100


     PROPORTION OF DATA PRESENT FOR Y


           Covariance Coverage
              MTH_SCOR      SCI_SCOR      PHY_SCOR      BIO_SCOR
              ________      ________      ________      ________
 MTH_SCOR       0.995
 SCI_SCOR       0.994         0.998
 PHY_SCOR       0.994         0.998         0.998
 BIO_SCOR       0.994         0.998         0.998         0.998


SAMPLE STATISTICS


     ESTIMATED SAMPLE STATISTICS


           Means
              MTH_SCOR      SCI_SCOR      PHY_SCOR      BIO_SCOR
              ________      ________      ________      ________
               50.368        50.358        50.347        50.325


           Covariances
              MTH_SCOR      SCI_SCOR      PHY_SCOR      BIO_SCOR
              ________      ________      ________      ________
 MTH_SCOR     103.638
 SCI_SCOR      74.304       104.230
 PHY_SCOR      70.074        98.602       104.378
 BIO_SCOR      58.375        81.622        68.856       101.347


           Correlations
              MTH_SCOR      SCI_SCOR      PHY_SCOR      BIO_SCOR
              ________      ________      ________      ________
 MTH_SCOR       1.000
 SCI_SCOR       0.715         1.000
 PHY_SCOR       0.674         0.945         1.000
 BIO_SCOR       0.570         0.794         0.669         1.000


     MAXIMUM LOG-LIKELIHOOD VALUE FOR THE UNRESTRICTED (H1) MODEL IS -39883.582


UNIVARIATE SAMPLE STATISTICS


     UNIVARIATE HIGHER-ORDER MOMENT DESCRIPTIVE STATISTICS

         Variable/         Mean/     Skewness/   Minimum/ % with                Percentiles
        Sample Size      Variance    Kurtosis    Maximum  Min/Max      20%/60%    40%/80%    Median

     MTH_SCOR             50.381       0.205      27.360    0.03%      40.870     46.940     50.045
            3088.000     103.684      -0.572      85.070    0.03%      53.150     59.660
     SCI_SCOR             50.366       0.193      26.140    0.03%      40.910     47.150     50.020
            3098.000     104.263      -0.460      88.030    0.03%      52.940     59.270
     PHY_SCOR             50.354       0.246      25.500    0.03%      40.880     47.290     50.165
            3098.000     104.408      -0.238      87.290    0.06%      52.960     58.770
     BIO_SCOR             50.330      -0.036      24.750    0.16%      41.170     47.910     50.240
            3098.000     101.367      -0.358      70.580    5.75%      53.010     58.650

RANDOM STARTS RESULTS RANKED FROM THE BEST TO THE WORST LOGLIKELIHOOD VALUES


43 perturbed starting value run(s) did not converge or were rejected in the third stage.
Final stage loglikelihood values at local maxima, seeds, and initial stage start numbers:

          -40939.639  568859           49
          -40939.639  587946           120
          -40939.639  268217           83
          -40939.639  393232           152
          -40939.639  281558           184
          -40939.639  100874           108
          -40939.639  321390           133
          -40939.639  347515           24
          -40939.639  345070           114
          -40939.639  569833           85
          -40939.639  751153           110
          -40939.639  635245           121
          -40939.639  27071            15
          -40939.639  422103           62
          -40939.639  573096           20
          -40939.639  411615           171
          -40939.639  311214           64
          -40939.639  475420           71
          -40939.639  unperturbed      0
          -40939.639  40340            188
          -40939.639  371246           101
          -40939.639  391179           78
          -40939.639  479273           156
          -40939.639  462953           7
          -40939.639  85462            51
          -40939.639  227563           63
          -40939.639  192071           142
          -40939.639  928287           197
          -40939.639  626891           32
          -40939.639  950604           172
          -40939.639  263268           165
          -40939.639  373505           88
          -40939.639  93468            3
          -40939.639  369602           146
          -40939.639  246261           38
          -40939.639  609185           181
          -40939.639  848163           47
          -40939.639  804561           59
          -41317.221  741888           138
          -41324.697  232559           136

10 perturbed starting value run(s) did not converge or were rejected in the third stage.



THE BEST LOGLIKELIHOOD VALUE HAS BEEN REPLICATED.  RERUN WITH AT LEAST TWICE THE
RANDOM STARTS TO CHECK THAT THE BEST LOGLIKELIHOOD IS STILL OBTAINED AND REPLICATED.


THE MODEL ESTIMATION TERMINATED NORMALLY



MODEL FIT INFORMATION

Number of Free Parameters                       44

Loglikelihood

          H0 Value                      -40939.639
          H0 Scaling Correction Factor      1.3377
            for MLR

Information Criteria

          Akaike (AIC)                   81967.279
          Bayesian (BIC)                 82233.044
          Sample-Size Adjusted BIC       82093.238
            (n* = (n + 2) / 24)



FINAL CLASS COUNTS AND PROPORTIONS FOR THE LATENT CLASSES
BASED ON THE ESTIMATED MODEL

    Latent
   Classes

       1        520.02360          0.16759
       2        800.19784          0.25788
       3        714.84660          0.23037
       4        350.82278          0.11306
       5        717.10919          0.23110


FINAL CLASS COUNTS AND PROPORTIONS FOR THE LATENT CLASSES
BASED ON ESTIMATED POSTERIOR PROBABILITIES

    Latent
   Classes

       1        520.02360          0.16759
       2        800.19784          0.25788
       3        714.84660          0.23037
       4        350.82278          0.11306
       5        717.10919          0.23110


FINAL CLASS COUNTS AND PROPORTIONS FOR THE LATENT CLASSES
BASED ON THEIR MOST LIKELY LATENT CLASS MEMBERSHIP

Class Counts and Proportions

    Latent
   Classes

       1              518          0.16694
       2              815          0.26265
       3              711          0.22913
       4              342          0.11022
       5              717          0.23107


CLASSIFICATION QUALITY

     Entropy                         0.868


Average Latent Class Probabilities for Most Likely Latent Class Membership (Row)
by Latent Class (Column)

           1        2        3        4        5

    1   0.931    0.001    0.068    0.000    0.000
    2   0.000    0.895    0.054    0.000    0.051
    3   0.053    0.054    0.894    0.000    0.000
    4   0.000    0.000    0.000    0.946    0.054
    5   0.000    0.045    0.000    0.038    0.917


Classification Probabilities for the Most Likely Latent Class Membership (Column)
by Latent Class (Row)

           1        2        3        4        5

    1   0.928    0.000    0.072    0.000    0.000
    2   0.000    0.911    0.048    0.000    0.041
    3   0.049    0.062    0.889    0.000    0.000
    4   0.000    0.000    0.000    0.922    0.078
    5   0.000    0.058    0.000    0.026    0.916


Logits for the Classification Probabilities for the Most Likely Latent Class Membership (Column)
by Latent Class (Row)

              1        2        3        4        5

    1     13.740    5.824   11.184    0.000    0.000
    2     -4.518    3.108    0.155  -10.615    0.000
    3     10.803   11.033   13.698    0.000    0.000
    4     -9.469   -6.077   -9.713    2.475    0.000
    5     -8.966   -2.766   -9.402   -3.572    0.000


MODEL RESULTS

                                                    Two-Tailed
                    Estimate       S.E.  Est./S.E.    P-Value

Latent Class 1

 Means
    MTH_SCOR          39.985      0.356    112.340      0.000
    SCI_SCOR          35.954      0.509     70.690      0.000
    PHY_SCOR          36.408      0.479     76.024      0.000
    BIO_SCOR          38.757      0.508     76.263      0.000

 Variances
    MTH_SCOR          34.878      2.666     13.083      0.000
    SCI_SCOR          10.931      1.024     10.674      0.000
    PHY_SCOR          14.782      1.129     13.095      0.000
    BIO_SCOR          47.753      3.432     13.914      0.000

Latent Class 2

 Means
    MTH_SCOR          50.659      0.666     76.085      0.000
    SCI_SCOR          50.799      0.866     58.634      0.000
    PHY_SCOR          50.707      0.769     65.943      0.000
    BIO_SCOR          50.910      0.810     62.859      0.000

 Variances
    MTH_SCOR          57.044      2.892     19.726      0.000
    SCI_SCOR           6.774      0.574     11.812      0.000
    PHY_SCOR          11.740      0.785     14.951      0.000
    BIO_SCOR          36.385      4.569      7.963      0.000

Latent Class 3

 Means
    MTH_SCOR          45.077      0.790     57.063      0.000
    SCI_SCOR          43.593      0.863     50.542      0.000
    PHY_SCOR          43.903      0.942     46.625      0.000
    BIO_SCOR          44.762      0.681     65.755      0.000

 Variances
    MTH_SCOR          46.015      3.987     11.543      0.000
    SCI_SCOR           6.943      0.675     10.284      0.000
    PHY_SCOR          14.039      1.653      8.494      0.000
    BIO_SCOR          45.667      3.212     14.216      0.000

Latent Class 4

 Means
    MTH_SCOR          63.952      0.671     95.246      0.000
    SCI_SCOR          67.873      0.677    100.292      0.000
    PHY_SCOR          67.810      0.798     84.926      0.000
    BIO_SCOR          63.330      0.439    144.388      0.000

 Variances
    MTH_SCOR          54.127      5.053     10.711      0.000
    SCI_SCOR          18.321      1.854      9.884      0.000
    PHY_SCOR          28.568      2.655     10.761      0.000
    BIO_SCOR          37.208      2.137     17.413      0.000

Latent Class 5

 Means
    MTH_SCOR          56.204      0.646     86.958      0.000
    SCI_SCOR          58.485      0.677     86.358      0.000
    PHY_SCOR          57.930      0.618     93.806      0.000
    BIO_SCOR          57.240      0.701     81.701      0.000

 Variances
    MTH_SCOR          56.551      3.492     16.193      0.000
    SCI_SCOR           7.279      0.564     12.904      0.000
    PHY_SCOR          10.788      0.755     14.289      0.000
    BIO_SCOR          40.802      2.400     16.997      0.000

Categorical Latent Variables

 Means
    C#1               -0.321      0.178     -1.801      0.072
    C#2                0.110      0.076      1.442      0.149
    C#3               -0.003      0.143     -0.022      0.982
    C#4               -0.715      0.117     -6.135      0.000


QUALITY OF NUMERICAL RESULTS

     Condition Number for the Information Matrix              0.641E-05
       (ratio of smallest to largest eigenvalue)


RESIDUAL OUTPUT


     ESTIMATED MODEL AND RESIDUALS (OBSERVED - ESTIMATED) FOR CLASS 1


           Model Estimated Means
              MTH_SCOR      SCI_SCOR      PHY_SCOR      BIO_SCOR
              ________      ________      ________      ________
               39.985        35.954        36.408        38.757


           Residuals for Means
              MTH_SCOR      SCI_SCOR      PHY_SCOR      BIO_SCOR
              ________      ________      ________      ________
                0.000         0.000         0.000         0.000


           Model Estimated Covariances
              MTH_SCOR      SCI_SCOR      PHY_SCOR      BIO_SCOR
              ________      ________      ________      ________
 MTH_SCOR      34.878
 SCI_SCOR       0.000        10.931
 PHY_SCOR       0.000         0.000        14.782
 BIO_SCOR       0.000         0.000         0.000        47.753


           Residuals for Covariances
              MTH_SCOR      SCI_SCOR      PHY_SCOR      BIO_SCOR
              ________      ________      ________      ________
 MTH_SCOR       0.000
 SCI_SCOR       1.127         0.000
 PHY_SCOR       1.296         6.712         0.000
 BIO_SCOR       2.942         8.732        -4.286         0.000


     ESTIMATED MODEL AND RESIDUALS (OBSERVED - ESTIMATED) FOR CLASS 2


           Model Estimated Means
              MTH_SCOR      SCI_SCOR      PHY_SCOR      BIO_SCOR
              ________      ________      ________      ________
               50.659        50.799        50.707        50.910


           Residuals for Means
              MTH_SCOR      SCI_SCOR      PHY_SCOR      BIO_SCOR
              ________      ________      ________      ________
                0.000         0.000         0.000         0.000


           Model Estimated Covariances
              MTH_SCOR      SCI_SCOR      PHY_SCOR      BIO_SCOR
              ________      ________      ________      ________
 MTH_SCOR      57.044
 SCI_SCOR       0.000         6.774
 PHY_SCOR       0.000         0.000        11.740
 BIO_SCOR       0.000         0.000         0.000        36.385


           Residuals for Covariances
              MTH_SCOR      SCI_SCOR      PHY_SCOR      BIO_SCOR
              ________      ________      ________      ________
 MTH_SCOR       0.000
 SCI_SCOR       2.127         0.000
 PHY_SCOR      -0.374         3.468         0.000
 BIO_SCOR       0.316         4.553        -4.697         0.000


     ESTIMATED MODEL AND RESIDUALS (OBSERVED - ESTIMATED) FOR CLASS 3


           Model Estimated Means
              MTH_SCOR      SCI_SCOR      PHY_SCOR      BIO_SCOR
              ________      ________      ________      ________
               45.077        43.593        43.903        44.762


           Residuals for Means
              MTH_SCOR      SCI_SCOR      PHY_SCOR      BIO_SCOR
              ________      ________      ________      ________
                0.000         0.000         0.000         0.000


           Model Estimated Covariances
              MTH_SCOR      SCI_SCOR      PHY_SCOR      BIO_SCOR
              ________      ________      ________      ________
 MTH_SCOR      46.015
 SCI_SCOR       0.000         6.943
 PHY_SCOR       0.000         0.000        14.039
 BIO_SCOR       0.000         0.000         0.000        45.667


           Residuals for Covariances
              MTH_SCOR      SCI_SCOR      PHY_SCOR      BIO_SCOR
              ________      ________      ________      ________
 MTH_SCOR       0.000
 SCI_SCOR       1.946         0.000
 PHY_SCOR       0.228         3.467         0.000
 BIO_SCOR       2.379         5.000        -7.770         0.000


     ESTIMATED MODEL AND RESIDUALS (OBSERVED - ESTIMATED) FOR CLASS 4


           Model Estimated Means
              MTH_SCOR      SCI_SCOR      PHY_SCOR      BIO_SCOR
              ________      ________      ________      ________
               63.952        67.873        67.810        63.330


           Residuals for Means
              MTH_SCOR      SCI_SCOR      PHY_SCOR      BIO_SCOR
              ________      ________      ________      ________
                0.000         0.000         0.000         0.000


           Model Estimated Covariances
              MTH_SCOR      SCI_SCOR      PHY_SCOR      BIO_SCOR
              ________      ________      ________      ________
 MTH_SCOR      54.127
 SCI_SCOR       0.000        18.321
 PHY_SCOR       0.000         0.000        28.568
 BIO_SCOR       0.000         0.000         0.000        37.208


           Residuals for Covariances
              MTH_SCOR      SCI_SCOR      PHY_SCOR      BIO_SCOR
              ________      ________      ________      ________
 MTH_SCOR       0.000
 SCI_SCOR      11.031         0.000
 PHY_SCOR       9.936        19.658         0.000
 BIO_SCOR       4.043         9.364         2.351         0.000


     ESTIMATED MODEL AND RESIDUALS (OBSERVED - ESTIMATED) FOR CLASS 5


           Model Estimated Means
              MTH_SCOR      SCI_SCOR      PHY_SCOR      BIO_SCOR
              ________      ________      ________      ________
               56.204        58.485        57.930        57.240


           Residuals for Means
              MTH_SCOR      SCI_SCOR      PHY_SCOR      BIO_SCOR
              ________      ________      ________      ________
                0.000         0.000         0.000         0.000


           Model Estimated Covariances
              MTH_SCOR      SCI_SCOR      PHY_SCOR      BIO_SCOR
              ________      ________      ________      ________
 MTH_SCOR      56.551
 SCI_SCOR       0.000         7.279
 PHY_SCOR       0.000         0.000        10.788
 BIO_SCOR       0.000         0.000         0.000        40.802


           Residuals for Covariances
              MTH_SCOR      SCI_SCOR      PHY_SCOR      BIO_SCOR
              ________      ________      ________      ________
 MTH_SCOR       0.000
 SCI_SCOR       4.402         0.000
 PHY_SCOR      -0.348         4.407         0.000
 BIO_SCOR       3.527         5.991        -3.508         0.000


TECHNICAL 11 OUTPUT

     Random Starts Specifications for the k-1 Class Analysis Model
        Number of initial stage random starts                 200
        Number of final stage optimizations                    50



     VUONG-LO-MENDELL-RUBIN LIKELIHOOD RATIO TEST FOR 4 (H0) VERSUS 5 CLASSES

          H0 Loglikelihood Value                       -41324.697
          2 Times the Loglikelihood Difference            770.114
          Difference in the Number of Parameters                9
          Mean                                             90.479
          Standard Deviation                              280.079
          P-Value                                          0.0281

     LO-MENDELL-RUBIN ADJUSTED LRT TEST

          Value                                           759.617
          P-Value                                          0.0292


TECHNICAL 14 OUTPUT

     Random Starts Specifications for the k-1 Class Analysis Model
        Number of initial stage random starts                 200
        Number of final stage optimizations                    50

     Random Starts Specification for the k-1 Class Model for Generated Data
        Number of initial stage random starts                   0
        Number of final stage optimizations for the
           initial stage random starts                          0
     Random Starts Specification for the k Class Model for Generated Data
        Number of initial stage random starts                  40
        Number of final stage optimizations                     8
     Number of bootstrap draws requested                   Varies


     PARAMETRIC BOOTSTRAPPED LIKELIHOOD RATIO TEST FOR 4 (H0) VERSUS 5 CLASSES

          H0 Loglikelihood Value                       -41324.697
          2 Times the Loglikelihood Difference            770.114
          Difference in the Number of Parameters                9
          Approximate P-Value                              0.0000
          Successful Bootstrap Draws                            5

     WARNING:  OF THE 5 BOOTSTRAP DRAWS, 4 DRAWS HAD BOTH A SMALLER LRT VALUE THAN THE
     OBSERVED LRT VALUE AND NOT A REPLICATED BEST LOGLIKELIHOOD VALUE FOR THE 5-CLASS MODEL.
     THIS MEANS THAT THE P-VALUE MAY NOT BE TRUSTWORTHY DUE TO LOCAL MAXIMA.
     INCREASE THE NUMBER OF RANDOM STARTS USING THE LRTSTARTS OPTION.



PLOT INFORMATION

The following plots are available:

  Histograms (sample values)
  Scatterplots (sample values)
  Sample means
  Estimated means, medians, modes, and percentiles
  Sample and estimated means
  Observed individual values
  Estimated means and observed individual values
  Estimated overall and class-specific distributions

     Beginning Time:  09:57:31
        Ending Time:  09:57:54
       Elapsed Time:  00:00:23



MUTHEN & MUTHEN
3463 Stoner Ave.
Los Angeles, CA  90066

Tel: (310) 391-9971
Fax: (310) 391-8971
Web: www.StatModel.com
Support: Support@StatModel.com

Copyright (c) 1998-2021 Muthen & Muthen
