Mplus VERSION 8.6 (Mac)
MUTHEN & MUTHEN
01/30/2024   9:57 AM

INPUT INSTRUCTIONS

  TITLE:
  M2: Class6
  DATA:
  FILE = "/Users/agarber/github/Intro_to_LPA/m2_enum/c_lpa_m2.dat";

  VARIABLE:
  NAMES = rural gender fathed mothed mth_scor sci_scor phy_scor bio_scor;
   MISSING=.;
   usevar = mth_scor-bio_scor;
  classes = c(6);
  ANALYSIS:
  estimator = mlr;
      type = mixture;
      starts = 200 50;
      processors = 10;
  MODEL:
  %c#1%
      [mth_scor-bio_scor];   !!! means are are freely estimated
      mth_scor-bio_scor;     !!! variances are freely estimated
                             !!! covariances are fixed to zero (default)
   %c#2%
   [mth_scor-bio_scor];
   mth_scor-bio_scor;

   %c#3%
   [mth_scor-bio_scor];
   mth_scor-bio_scor;

   %c#4%
   [mth_scor-bio_scor];
   mth_scor-bio_scor;

   %c#5%
   [mth_scor-bio_scor];
   mth_scor-bio_scor;

   %c#6%
   [mth_scor-bio_scor];
   mth_scor-bio_scor;

  OUTPUT:
  sampstat residual tech11 tech14;
  PLOT:
  type = plot3;
       series = mth_scor-bio_scor(*);



*** WARNING in MODEL command
  All variables are uncorrelated with all other variables within class.
  Check that this is what is intended.
*** WARNING
  Data set contains cases with missing on all variables.
  These cases were not included in the analysis.
  Number of cases with missing on all variables:  2842
   2 WARNING(S) FOUND IN THE INPUT INSTRUCTIONS




M2: Class6

SUMMARY OF ANALYSIS

Number of groups                                                 1
Number of observations                                        3103

Number of dependent variables                                    4
Number of independent variables                                  0
Number of continuous latent variables                            0
Number of categorical latent variables                           1

Observed dependent variables

  Continuous
   MTH_SCOR    SCI_SCOR    PHY_SCOR    BIO_SCOR

Categorical latent variables
   C


Estimator                                                      MLR
Information matrix                                        OBSERVED
Optimization Specifications for the Quasi-Newton Algorithm for
Continuous Outcomes
  Maximum number of iterations                                 100
  Convergence criterion                                  0.100D-05
Optimization Specifications for the EM Algorithm
  Maximum number of iterations                                 500
  Convergence criteria
    Loglikelihood change                                 0.100D-06
    Relative loglikelihood change                        0.100D-06
    Derivative                                           0.100D-05
Optimization Specifications for the M step of the EM Algorithm for
Categorical Latent variables
  Number of M step iterations                                    1
  M step convergence criterion                           0.100D-05
  Basis for M step termination                           ITERATION
Optimization Specifications for the M step of the EM Algorithm for
Censored, Binary or Ordered Categorical (Ordinal), Unordered
Categorical (Nominal) and Count Outcomes
  Number of M step iterations                                    1
  M step convergence criterion                           0.100D-05
  Basis for M step termination                           ITERATION
  Maximum value for logit thresholds                            15
  Minimum value for logit thresholds                           -15
  Minimum expected cell size for chi-square              0.100D-01
Maximum number of iterations for H1                           2000
Convergence criterion for H1                             0.100D-03
Optimization algorithm                                         EMA
Random Starts Specifications
  Number of initial stage random starts                        200
  Number of final stage optimizations                           50
  Number of initial stage iterations                            10
  Initial stage convergence criterion                    0.100D+01
  Random starts scale                                    0.500D+01
  Random seed for generating random starts                       0

Input data file(s)
  /Users/agarber/github/Intro_to_LPA/m2_enum/c_lpa_m2.dat
Input data format  FREE


SUMMARY OF DATA

     Number of missing data patterns             3
     Number of y missing data patterns           3
     Number of u missing data patterns           0


COVARIANCE COVERAGE OF DATA

Minimum covariance coverage value   0.100


     PROPORTION OF DATA PRESENT FOR Y


           Covariance Coverage
              MTH_SCOR      SCI_SCOR      PHY_SCOR      BIO_SCOR
              ________      ________      ________      ________
 MTH_SCOR       0.995
 SCI_SCOR       0.994         0.998
 PHY_SCOR       0.994         0.998         0.998
 BIO_SCOR       0.994         0.998         0.998         0.998


SAMPLE STATISTICS


     ESTIMATED SAMPLE STATISTICS


           Means
              MTH_SCOR      SCI_SCOR      PHY_SCOR      BIO_SCOR
              ________      ________      ________      ________
               50.368        50.358        50.347        50.325


           Covariances
              MTH_SCOR      SCI_SCOR      PHY_SCOR      BIO_SCOR
              ________      ________      ________      ________
 MTH_SCOR     103.638
 SCI_SCOR      74.304       104.230
 PHY_SCOR      70.074        98.602       104.378
 BIO_SCOR      58.375        81.622        68.856       101.347


           Correlations
              MTH_SCOR      SCI_SCOR      PHY_SCOR      BIO_SCOR
              ________      ________      ________      ________
 MTH_SCOR       1.000
 SCI_SCOR       0.715         1.000
 PHY_SCOR       0.674         0.945         1.000
 BIO_SCOR       0.570         0.794         0.669         1.000


     MAXIMUM LOG-LIKELIHOOD VALUE FOR THE UNRESTRICTED (H1) MODEL IS -39883.582


UNIVARIATE SAMPLE STATISTICS


     UNIVARIATE HIGHER-ORDER MOMENT DESCRIPTIVE STATISTICS

         Variable/         Mean/     Skewness/   Minimum/ % with                Percentiles
        Sample Size      Variance    Kurtosis    Maximum  Min/Max      20%/60%    40%/80%    Median

     MTH_SCOR             50.381       0.205      27.360    0.03%      40.870     46.940     50.045
            3088.000     103.684      -0.572      85.070    0.03%      53.150     59.660
     SCI_SCOR             50.366       0.193      26.140    0.03%      40.910     47.150     50.020
            3098.000     104.263      -0.460      88.030    0.03%      52.940     59.270
     PHY_SCOR             50.354       0.246      25.500    0.03%      40.880     47.290     50.165
            3098.000     104.408      -0.238      87.290    0.06%      52.960     58.770
     BIO_SCOR             50.330      -0.036      24.750    0.16%      41.170     47.910     50.240
            3098.000     101.367      -0.358      70.580    5.75%      53.010     58.650

RANDOM STARTS RESULTS RANKED FROM THE BEST TO THE WORST LOGLIKELIHOOD VALUES


62 perturbed starting value run(s) did not converge or were rejected in the third stage.
Final stage loglikelihood values at local maxima, seeds, and initial stage start numbers:

          -40668.831  311214           64
          -40668.831  285380           1
          -40668.831  592219           119
          -40668.831  170954           86
          -40668.831  464179           106
          -40668.831  207896           25
          -40668.831  726035           191
          -40668.831  848163           47
          -40668.831  268217           83
          -40668.831  966014           37
          -40668.831  931874           141
          -40668.831  579995           183
          -40668.831  118421           139
          -40668.831  443917           60
          -40668.831  794236           127
          -40668.831  150531           154
          -40668.831  232559           136
          -40668.831  696773           80
          -40668.831  887676           22
          -40668.831  263268           165
          -40668.831  399671           13
          -40668.831  967902           52
          -40668.831  960438           116
          -40668.831  783110           72
          -40668.831  227563           63
          -40668.831  609185           181
          -40668.831  587946           120
          -40668.831  479273           156
          -40668.831  860772           174
          -40668.831  793035           187
          -40668.831  645664           39
          -40668.831  393232           152
          -40668.831  569833           85
          -40668.831  93468            3
          -40668.831  192071           142
          -40668.831  626891           32
          -40668.831  40340            188
          -40668.831  318230           46
          -40668.831  436460           89
          -40939.639  848969           173

10 perturbed starting value run(s) did not converge or were rejected in the third stage.



THE BEST LOGLIKELIHOOD VALUE HAS BEEN REPLICATED.  RERUN WITH AT LEAST TWICE THE
RANDOM STARTS TO CHECK THAT THE BEST LOGLIKELIHOOD IS STILL OBTAINED AND REPLICATED.


THE MODEL ESTIMATION TERMINATED NORMALLY



MODEL FIT INFORMATION

Number of Free Parameters                       53

Loglikelihood

          H0 Value                      -40668.831
          H0 Scaling Correction Factor      1.3879
            for MLR

Information Criteria

          Akaike (AIC)                   81443.661
          Bayesian (BIC)                 81763.788
          Sample-Size Adjusted BIC       81595.385
            (n* = (n + 2) / 24)



FINAL CLASS COUNTS AND PROPORTIONS FOR THE LATENT CLASSES
BASED ON THE ESTIMATED MODEL

    Latent
   Classes

       1        477.67433          0.15394
       2        665.44875          0.21445
       3        761.24378          0.24533
       4        176.83782          0.05699
       5        381.49441          0.12294
       6        640.30090          0.20635


FINAL CLASS COUNTS AND PROPORTIONS FOR THE LATENT CLASSES
BASED ON ESTIMATED POSTERIOR PROBABILITIES

    Latent
   Classes

       1        477.67433          0.15394
       2        665.44875          0.21445
       3        761.24378          0.24533
       4        176.83782          0.05699
       5        381.49441          0.12294
       6        640.30090          0.20635


FINAL CLASS COUNTS AND PROPORTIONS FOR THE LATENT CLASSES
BASED ON THEIR MOST LIKELY LATENT CLASS MEMBERSHIP

Class Counts and Proportions

    Latent
   Classes

       1              479          0.15437
       2              668          0.21528
       3              759          0.24460
       4              174          0.05607
       5              375          0.12085
       6              648          0.20883


CLASSIFICATION QUALITY

     Entropy                         0.872


Average Latent Class Probabilities for Most Likely Latent Class Membership (Row)
by Latent Class (Column)

           1        2        3        4        5        6

    1   0.922    0.077    0.000    0.000    0.000    0.000
    2   0.053    0.885    0.061    0.000    0.000    0.000
    3   0.000    0.049    0.905    0.000    0.000    0.045
    4   0.000    0.000    0.000    0.942    0.058    0.000
    5   0.000    0.000    0.000    0.034    0.904    0.061
    6   0.000    0.000    0.051    0.000    0.050    0.900


Classification Probabilities for the Most Likely Latent Class Membership (Column)
by Latent Class (Row)

           1        2        3        4        5        6

    1   0.925    0.075    0.000    0.000    0.000    0.000
    2   0.056    0.888    0.056    0.000    0.000    0.000
    3   0.000    0.054    0.903    0.000    0.000    0.043
    4   0.000    0.000    0.000    0.927    0.073    0.000
    5   0.000    0.000    0.000    0.026    0.889    0.084
    6   0.000    0.000    0.053    0.000    0.036    0.910


Logits for the Classification Probabilities for the Most Likely Latent Class Membership (Column)
by Latent Class (Row)

              1        2        3        4        5        6

    1     13.737   11.222    5.802    0.000    0.000    0.000
    2     10.924   13.697   10.937    0.000    0.000    0.000
    3     -5.175    0.221    3.038  -10.675  -10.675    0.000
    4     -3.142   -2.126    1.364   10.598    8.051    0.000
    5     -9.172   -8.004   -5.413   -1.165    2.356    0.000
    6     -9.297   -8.368   -2.836  -13.722   -3.233    0.000


MODEL RESULTS

                                                    Two-Tailed
                    Estimate       S.E.  Est./S.E.    P-Value

Latent Class 1

 Means
    MTH_SCOR          39.868      0.359    111.060      0.000
    SCI_SCOR          35.618      0.472     75.426      0.000
    PHY_SCOR          36.107      0.450     80.260      0.000
    BIO_SCOR          38.513      0.513     75.131      0.000

 Variances
    MTH_SCOR          34.648      2.857     12.126      0.000
    SCI_SCOR          10.257      0.882     11.635      0.000
    PHY_SCOR          14.275      1.081     13.200      0.000
    BIO_SCOR          47.129      3.680     12.807      0.000

Latent Class 2

 Means
    MTH_SCOR          44.542      0.587     75.905      0.000
    SCI_SCOR          42.906      0.673     63.767      0.000
    PHY_SCOR          43.185      0.729     59.238      0.000
    BIO_SCOR          44.251      0.571     77.467      0.000

 Variances
    MTH_SCOR          43.957      2.998     14.660      0.000
    SCI_SCOR           6.359      0.509     12.490      0.000
    PHY_SCOR          13.091      1.195     10.955      0.000
    BIO_SCOR          45.544      3.392     13.427      0.000

Latent Class 3

 Means
    MTH_SCOR          49.908      0.620     80.484      0.000
    SCI_SCOR          49.746      0.668     74.494      0.000
    PHY_SCOR          49.750      0.609     81.756      0.000
    BIO_SCOR          50.053      0.667     75.034      0.000

 Variances
    MTH_SCOR          57.984      2.653     21.857      0.000
    SCI_SCOR           5.987      0.493     12.139      0.000
    PHY_SCOR          11.441      0.752     15.206      0.000
    BIO_SCOR          38.529      3.201     12.036      0.000

Latent Class 4

 Means
    MTH_SCOR          66.121      1.837     35.993      0.000
    SCI_SCOR          71.020      1.084     65.494      0.000
    PHY_SCOR          71.443      1.238     57.731      0.000
    BIO_SCOR          65.159      0.828     78.741      0.000

 Variances
    MTH_SCOR          52.986     22.537      2.351      0.019
    SCI_SCOR          13.282      2.170      6.121      0.000
    PHY_SCOR          22.314      2.680      8.327      0.000
    BIO_SCOR          32.225      3.939      8.182      0.000

Latent Class 5

 Means
    MTH_SCOR          59.828      0.510    117.245      0.000
    SCI_SCOR          62.948      1.107     56.841      0.000
    PHY_SCOR          62.304      1.252     49.776      0.000
    BIO_SCOR          60.502      0.654     92.525      0.000

 Variances
    MTH_SCOR          47.900      6.874      6.969      0.000
    SCI_SCOR           5.360      0.888      6.036      0.000
    PHY_SCOR           9.925      1.461      6.792      0.000
    BIO_SCOR          38.049      2.696     14.112      0.000

Latent Class 6

 Means
    MTH_SCOR          54.816      0.856     64.008      0.000
    SCI_SCOR          56.618      0.780     72.568      0.000
    PHY_SCOR          56.170      0.686     81.937      0.000
    BIO_SCOR          55.607      0.778     71.458      0.000

 Variances
    MTH_SCOR          59.100      3.760     15.718      0.000
    SCI_SCOR           5.156      0.464     11.114      0.000
    PHY_SCOR           8.925      0.656     13.595      0.000
    BIO_SCOR          38.447      3.189     12.058      0.000

Categorical Latent Variables

 Means
    C#1               -0.293      0.144     -2.028      0.043
    C#2                0.039      0.094      0.408      0.683
    C#3                0.173      0.076      2.290      0.022
    C#4               -1.287      0.289     -4.459      0.000
    C#5               -0.518      0.164     -3.155      0.002


QUALITY OF NUMERICAL RESULTS

     Condition Number for the Information Matrix              0.654E-04
       (ratio of smallest to largest eigenvalue)


RESIDUAL OUTPUT


     ESTIMATED MODEL AND RESIDUALS (OBSERVED - ESTIMATED) FOR CLASS 1


           Model Estimated Means
              MTH_SCOR      SCI_SCOR      PHY_SCOR      BIO_SCOR
              ________      ________      ________      ________
               39.868        35.618        36.107        38.513


           Residuals for Means
              MTH_SCOR      SCI_SCOR      PHY_SCOR      BIO_SCOR
              ________      ________      ________      ________
                0.000         0.000         0.000         0.000


           Model Estimated Covariances
              MTH_SCOR      SCI_SCOR      PHY_SCOR      BIO_SCOR
              ________      ________      ________      ________
 MTH_SCOR      34.648
 SCI_SCOR       0.000        10.257
 PHY_SCOR       0.000         0.000        14.275
 BIO_SCOR       0.000         0.000         0.000        47.129


           Residuals for Covariances
              MTH_SCOR      SCI_SCOR      PHY_SCOR      BIO_SCOR
              ________      ________      ________      ________
 MTH_SCOR       0.000
 SCI_SCOR       1.018         0.000
 PHY_SCOR       1.162         6.125         0.000
 BIO_SCOR       2.899         8.364        -4.624         0.000


     ESTIMATED MODEL AND RESIDUALS (OBSERVED - ESTIMATED) FOR CLASS 2


           Model Estimated Means
              MTH_SCOR      SCI_SCOR      PHY_SCOR      BIO_SCOR
              ________      ________      ________      ________
               44.542        42.906        43.185        44.251


           Residuals for Means
              MTH_SCOR      SCI_SCOR      PHY_SCOR      BIO_SCOR
              ________      ________      ________      ________
                0.000         0.000         0.000         0.000


           Model Estimated Covariances
              MTH_SCOR      SCI_SCOR      PHY_SCOR      BIO_SCOR
              ________      ________      ________      ________
 MTH_SCOR      43.957
 SCI_SCOR       0.000         6.359
 PHY_SCOR       0.000         0.000        13.091
 BIO_SCOR       0.000         0.000         0.000        45.544


           Residuals for Covariances
              MTH_SCOR      SCI_SCOR      PHY_SCOR      BIO_SCOR
              ________      ________      ________      ________
 MTH_SCOR       0.000
 SCI_SCOR       1.659         0.000
 PHY_SCOR       0.297         2.912         0.000
 BIO_SCOR       2.647         4.675        -7.776         0.000


     ESTIMATED MODEL AND RESIDUALS (OBSERVED - ESTIMATED) FOR CLASS 3


           Model Estimated Means
              MTH_SCOR      SCI_SCOR      PHY_SCOR      BIO_SCOR
              ________      ________      ________      ________
               49.908        49.746        49.750        50.053


           Residuals for Means
              MTH_SCOR      SCI_SCOR      PHY_SCOR      BIO_SCOR
              ________      ________      ________      ________
                0.000         0.000         0.000         0.000


           Model Estimated Covariances
              MTH_SCOR      SCI_SCOR      PHY_SCOR      BIO_SCOR
              ________      ________      ________      ________
 MTH_SCOR      57.984
 SCI_SCOR       0.000         5.987
 PHY_SCOR       0.000         0.000        11.441
 BIO_SCOR       0.000         0.000         0.000        38.529


           Residuals for Covariances
              MTH_SCOR      SCI_SCOR      PHY_SCOR      BIO_SCOR
              ________      ________      ________      ________
 MTH_SCOR       0.000
 SCI_SCOR       1.640         0.000
 PHY_SCOR      -0.751         2.459         0.000
 BIO_SCOR       0.501         4.613        -5.638         0.000


     ESTIMATED MODEL AND RESIDUALS (OBSERVED - ESTIMATED) FOR CLASS 4


           Model Estimated Means
              MTH_SCOR      SCI_SCOR      PHY_SCOR      BIO_SCOR
              ________      ________      ________      ________
               66.121        71.020        71.443        65.159


           Residuals for Means
              MTH_SCOR      SCI_SCOR      PHY_SCOR      BIO_SCOR
              ________      ________      ________      ________
                0.000         0.000         0.000         0.000


           Model Estimated Covariances
              MTH_SCOR      SCI_SCOR      PHY_SCOR      BIO_SCOR
              ________      ________      ________      ________
 MTH_SCOR      52.986
 SCI_SCOR       0.000        13.282
 PHY_SCOR       0.000         0.000        22.314
 BIO_SCOR       0.000         0.000         0.000        32.225


           Residuals for Covariances
              MTH_SCOR      SCI_SCOR      PHY_SCOR      BIO_SCOR
              ________      ________      ________      ________
 MTH_SCOR       0.000
 SCI_SCOR       8.329         0.000
 PHY_SCOR       7.863        14.045         0.000
 BIO_SCOR       3.098         6.065        -1.156         0.000


     ESTIMATED MODEL AND RESIDUALS (OBSERVED - ESTIMATED) FOR CLASS 5


           Model Estimated Means
              MTH_SCOR      SCI_SCOR      PHY_SCOR      BIO_SCOR
              ________      ________      ________      ________
               59.828        62.948        62.304        60.502


           Residuals for Means
              MTH_SCOR      SCI_SCOR      PHY_SCOR      BIO_SCOR
              ________      ________      ________      ________
                0.000         0.000         0.000         0.000


           Model Estimated Covariances
              MTH_SCOR      SCI_SCOR      PHY_SCOR      BIO_SCOR
              ________      ________      ________      ________
 MTH_SCOR      47.900
 SCI_SCOR       0.000         5.360
 PHY_SCOR       0.000         0.000         9.925
 BIO_SCOR       0.000         0.000         0.000        38.049


           Residuals for Covariances
              MTH_SCOR      SCI_SCOR      PHY_SCOR      BIO_SCOR
              ________      ________      ________      ________
 MTH_SCOR       0.000
 SCI_SCOR       2.914         0.000
 PHY_SCOR      -0.752         3.786         0.000
 BIO_SCOR      -1.168         2.847        -5.961         0.000


     ESTIMATED MODEL AND RESIDUALS (OBSERVED - ESTIMATED) FOR CLASS 6


           Model Estimated Means
              MTH_SCOR      SCI_SCOR      PHY_SCOR      BIO_SCOR
              ________      ________      ________      ________
               54.816        56.618        56.170        55.607


           Residuals for Means
              MTH_SCOR      SCI_SCOR      PHY_SCOR      BIO_SCOR
              ________      ________      ________      ________
                0.000         0.000         0.000         0.000


           Model Estimated Covariances
              MTH_SCOR      SCI_SCOR      PHY_SCOR      BIO_SCOR
              ________      ________      ________      ________
 MTH_SCOR      59.100
 SCI_SCOR       0.000         5.156
 PHY_SCOR       0.000         0.000         8.925
 BIO_SCOR       0.000         0.000         0.000        38.447


           Residuals for Covariances
              MTH_SCOR      SCI_SCOR      PHY_SCOR      BIO_SCOR
              ________      ________      ________      ________
 MTH_SCOR       0.000
 SCI_SCOR       3.430         0.000
 PHY_SCOR      -1.395         2.211         0.000
 BIO_SCOR       3.469         4.480        -4.735         0.000


TECHNICAL 11 OUTPUT

     Random Starts Specifications for the k-1 Class Analysis Model
        Number of initial stage random starts                 200
        Number of final stage optimizations                    50



     VUONG-LO-MENDELL-RUBIN LIKELIHOOD RATIO TEST FOR 5 (H0) VERSUS 6 CLASSES

          H0 Loglikelihood Value                       -40939.639
          2 Times the Loglikelihood Difference            541.617
          Difference in the Number of Parameters                9
          Mean                                             77.397
          Standard Deviation                              374.158
          P-Value                                          0.0842

     LO-MENDELL-RUBIN ADJUSTED LRT TEST

          Value                                           534.235
          P-Value                                          0.0861


TECHNICAL 14 OUTPUT

     Random Starts Specifications for the k-1 Class Analysis Model
        Number of initial stage random starts                 200
        Number of final stage optimizations                    50

     Random Starts Specification for the k-1 Class Model for Generated Data
        Number of initial stage random starts                   0
        Number of final stage optimizations for the
           initial stage random starts                          0
     Random Starts Specification for the k Class Model for Generated Data
        Number of initial stage random starts                  40
        Number of final stage optimizations                     8
     Number of bootstrap draws requested                   Varies


     PARAMETRIC BOOTSTRAPPED LIKELIHOOD RATIO TEST FOR 5 (H0) VERSUS 6 CLASSES

          H0 Loglikelihood Value                       -40939.639
          2 Times the Loglikelihood Difference            541.617
          Difference in the Number of Parameters                9
          Approximate P-Value                              0.0000
          Successful Bootstrap Draws                            5

     WARNING:  OF THE 5 BOOTSTRAP DRAWS, 4 DRAWS HAD BOTH A SMALLER LRT VALUE THAN THE
     OBSERVED LRT VALUE AND NOT A REPLICATED BEST LOGLIKELIHOOD VALUE FOR THE 6-CLASS MODEL.
     THIS MEANS THAT THE P-VALUE MAY NOT BE TRUSTWORTHY DUE TO LOCAL MAXIMA.
     INCREASE THE NUMBER OF RANDOM STARTS USING THE LRTSTARTS OPTION.



PLOT INFORMATION

The following plots are available:

  Histograms (sample values)
  Scatterplots (sample values)
  Sample means
  Estimated means, medians, modes, and percentiles
  Sample and estimated means
  Observed individual values
  Estimated means and observed individual values
  Estimated overall and class-specific distributions

     Beginning Time:  09:57:55
        Ending Time:  09:58:27
       Elapsed Time:  00:00:32



MUTHEN & MUTHEN
3463 Stoner Ave.
Los Angeles, CA  90066

Tel: (310) 391-9971
Fax: (310) 391-8971
Web: www.StatModel.com
Support: Support@StatModel.com

Copyright (c) 1998-2021 Muthen & Muthen
