Mplus VERSION 8.6 (Mac)
MUTHEN & MUTHEN
01/17/2024   1:05 PM

INPUT INSTRUCTIONS

  TITLE:
  M3a: Class4
  DATA:
  FILE = "/Users/agarber/github/Intro_to_LPA/m3a_enum/c_lpa_m3a.dat";

  VARIABLE:
  NAMES = rural gender fathed mothed mth_scor sci_scor phy_scor bio_scor;
   MISSING=.;
   usevar = mth_scor-bio_scor;
  classes = c(4);
  ANALYSIS:
  estimator = mlr;
      type = mixture;
      starts = 200 50;
      processors = 10;
  MODEL:
  %c#1%
      [mth_scor-bio_scor];          !!! means are freely estimated
      mth_scor-bio_scor(1-4);       !!! variances are fixed to equality
      mth_scor with sci_scor(5);    !!! covariances are fixed to equality
      mth_scor with phy_scor(6);
      mth_scor with bio_scor(7);
      sci_scor with phy_scor(8);
      sci_scor with bio_scor(9);
      phy_scor with bio_scor(10);

   %c#2%
   [mth_scor-bio_scor];
   mth_scor-bio_scor(1-4);
   mth_scor with sci_scor(5);
   mth_scor with phy_scor(6);
   mth_scor with bio_scor(7);
   sci_scor with phy_scor(8);
   sci_scor with bio_scor(9);
   phy_scor with bio_scor(10);

   %c#3%
   [mth_scor-bio_scor];
   mth_scor-bio_scor(1-4);
   mth_scor with sci_scor(5);
   mth_scor with phy_scor(6);
   mth_scor with bio_scor(7);
   sci_scor with phy_scor(8);
   sci_scor with bio_scor(9);
   phy_scor with bio_scor(10);

   %c#4%
   [mth_scor-bio_scor];
   mth_scor-bio_scor(1-4);
   mth_scor with sci_scor(5);
   mth_scor with phy_scor(6);
   mth_scor with bio_scor(7);
   sci_scor with phy_scor(8);
   sci_scor with bio_scor(9);
   phy_scor with bio_scor(10);
  OUTPUT:
  sampstat residual tech11 tech14;
  PLOT:
  type = plot3;
       series = mth_scor-bio_scor(*);



*** WARNING in MODEL command
  All variables are uncorrelated with all other variables within class.
  Check that this is what is intended.
*** WARNING
  Data set contains cases with missing on all variables.
  These cases were not included in the analysis.
  Number of cases with missing on all variables:  2842
   2 WARNING(S) FOUND IN THE INPUT INSTRUCTIONS




M3a: Class4

SUMMARY OF ANALYSIS

Number of groups                                                 1
Number of observations                                        3103

Number of dependent variables                                    4
Number of independent variables                                  0
Number of continuous latent variables                            0
Number of categorical latent variables                           1

Observed dependent variables

  Continuous
   MTH_SCOR    SCI_SCOR    PHY_SCOR    BIO_SCOR

Categorical latent variables
   C


Estimator                                                      MLR
Information matrix                                        OBSERVED
Optimization Specifications for the Quasi-Newton Algorithm for
Continuous Outcomes
  Maximum number of iterations                                 100
  Convergence criterion                                  0.100D-05
Optimization Specifications for the EM Algorithm
  Maximum number of iterations                                 500
  Convergence criteria
    Loglikelihood change                                 0.100D-06
    Relative loglikelihood change                        0.100D-06
    Derivative                                           0.100D-05
Optimization Specifications for the M step of the EM Algorithm for
Categorical Latent variables
  Number of M step iterations                                    1
  M step convergence criterion                           0.100D-05
  Basis for M step termination                           ITERATION
Optimization Specifications for the M step of the EM Algorithm for
Censored, Binary or Ordered Categorical (Ordinal), Unordered
Categorical (Nominal) and Count Outcomes
  Number of M step iterations                                    1
  M step convergence criterion                           0.100D-05
  Basis for M step termination                           ITERATION
  Maximum value for logit thresholds                            15
  Minimum value for logit thresholds                           -15
  Minimum expected cell size for chi-square              0.100D-01
Maximum number of iterations for H1                           2000
Convergence criterion for H1                             0.100D-03
Optimization algorithm                                         EMA
Random Starts Specifications
  Number of initial stage random starts                        200
  Number of final stage optimizations                           50
  Number of initial stage iterations                            10
  Initial stage convergence criterion                    0.100D+01
  Random starts scale                                    0.500D+01
  Random seed for generating random starts                       0

Input data file(s)
  /Users/agarber/github/Intro_to_LPA/m3a_enum/c_lpa_m3a.dat
Input data format  FREE


SUMMARY OF DATA

     Number of missing data patterns             3
     Number of y missing data patterns           3
     Number of u missing data patterns           0


COVARIANCE COVERAGE OF DATA

Minimum covariance coverage value   0.100


     PROPORTION OF DATA PRESENT FOR Y


           Covariance Coverage
              MTH_SCOR      SCI_SCOR      PHY_SCOR      BIO_SCOR
              ________      ________      ________      ________
 MTH_SCOR       0.995
 SCI_SCOR       0.994         0.998
 PHY_SCOR       0.994         0.998         0.998
 BIO_SCOR       0.994         0.998         0.998         0.998


SAMPLE STATISTICS


     ESTIMATED SAMPLE STATISTICS


           Means
              MTH_SCOR      SCI_SCOR      PHY_SCOR      BIO_SCOR
              ________      ________      ________      ________
               50.368        50.358        50.347        50.325


           Covariances
              MTH_SCOR      SCI_SCOR      PHY_SCOR      BIO_SCOR
              ________      ________      ________      ________
 MTH_SCOR     103.638
 SCI_SCOR      74.304       104.230
 PHY_SCOR      70.074        98.602       104.378
 BIO_SCOR      58.375        81.622        68.856       101.347


           Correlations
              MTH_SCOR      SCI_SCOR      PHY_SCOR      BIO_SCOR
              ________      ________      ________      ________
 MTH_SCOR       1.000
 SCI_SCOR       0.715         1.000
 PHY_SCOR       0.674         0.945         1.000
 BIO_SCOR       0.570         0.794         0.669         1.000


     MAXIMUM LOG-LIKELIHOOD VALUE FOR THE UNRESTRICTED (H1) MODEL IS -39883.582


UNIVARIATE SAMPLE STATISTICS


     UNIVARIATE HIGHER-ORDER MOMENT DESCRIPTIVE STATISTICS

         Variable/         Mean/     Skewness/   Minimum/ % with                Percentiles
        Sample Size      Variance    Kurtosis    Maximum  Min/Max      20%/60%    40%/80%    Median

     MTH_SCOR             50.381       0.205      27.360    0.03%      40.870     46.940     50.045
            3088.000     103.684      -0.572      85.070    0.03%      53.150     59.660
     SCI_SCOR             50.366       0.193      26.140    0.03%      40.910     47.150     50.020
            3098.000     104.263      -0.460      88.030    0.03%      52.940     59.270
     PHY_SCOR             50.354       0.246      25.500    0.03%      40.880     47.290     50.165
            3098.000     104.408      -0.238      87.290    0.06%      52.960     58.770
     BIO_SCOR             50.330      -0.036      24.750    0.16%      41.170     47.910     50.240
            3098.000     101.367      -0.358      70.580    5.75%      53.010     58.650

RANDOM STARTS RESULTS RANKED FROM THE BEST TO THE WORST LOGLIKELIHOOD VALUES

Final stage loglikelihood values at local maxima, seeds, and initial stage start numbers:

          -39745.990  848969           173
          -39745.990  118421           139
          -39745.990  569131           26
          -39745.990  903369           134
          -39745.990  972873           157
          -39749.036  364676           27
          -39749.036  987090           70
          -39749.036  813779           92
          -39749.036  804561           59
          -39749.036  354208           196
          -39749.036  12477            155
          -39749.036  318230           46
          -39749.036  168762           200
          -39749.036  281558           184
          -39749.036  284109           82
          -39749.036  411615           171
          -39749.036  570782           193
          -39763.936  321390           133
          -39763.936  383986           159
          -39763.936  25127            107
          -39763.936  68985            17
          -39763.936  685657           69
          -39769.269  637345           19
          -39769.269  405079           68
          -39769.269  303634           169
          -39769.269  268217           83
          -39769.269  992389           77
          -39769.269  726035           191
          -39769.269  860772           174
          -39769.534  120506           45
          -39769.534  76974            16
          -39769.534  509733           130
          -39769.534  195873           6
          -39769.534  192071           142
          -39769.534  475420           71
          -39776.970  751153           110
          -39776.970  352277           42
          -39784.764  263268           165
          -39784.764  741888           138
          -39784.764  648555           113
          -39799.852  830392           35
          -39799.852  153942           31
          -39799.852  570908           98

7 perturbed starting value run(s) did not converge or were rejected in the third stage.



THE BEST LOGLIKELIHOOD VALUE HAS BEEN REPLICATED.  RERUN WITH AT LEAST TWICE THE
RANDOM STARTS TO CHECK THAT THE BEST LOGLIKELIHOOD IS STILL OBTAINED AND REPLICATED.


THE MODEL ESTIMATION TERMINATED NORMALLY



MODEL FIT INFORMATION

Number of Free Parameters                       29

Loglikelihood

          H0 Value                      -39745.990
          H0 Scaling Correction Factor      1.0828
            for MLR

Information Criteria

          Akaike (AIC)                   79549.980
          Bayesian (BIC)                 79725.143
          Sample-Size Adjusted BIC       79632.998
            (n* = (n + 2) / 24)



FINAL CLASS COUNTS AND PROPORTIONS FOR THE LATENT CLASSES
BASED ON THE ESTIMATED MODEL

    Latent
   Classes

       1       1024.83138          0.33027
       2       1172.67505          0.37792
       3        701.51691          0.22608
       4        203.97665          0.06574


FINAL CLASS COUNTS AND PROPORTIONS FOR THE LATENT CLASSES
BASED ON ESTIMATED POSTERIOR PROBABILITIES

    Latent
   Classes

       1       1024.83138          0.33027
       2       1172.67505          0.37792
       3        701.51691          0.22608
       4        203.97665          0.06574


FINAL CLASS COUNTS AND PROPORTIONS FOR THE LATENT CLASSES
BASED ON THEIR MOST LIKELY LATENT CLASS MEMBERSHIP

Class Counts and Proportions

    Latent
   Classes

       1             1093          0.35224
       2             1246          0.40155
       3              615          0.19820
       4              149          0.04802


CLASSIFICATION QUALITY

     Entropy                         0.596


Average Latent Class Probabilities for Most Likely Latent Class Membership (Row)
by Latent Class (Column)

           1        2        3        4

    1   0.756    0.057    0.128    0.059
    2   0.058    0.825    0.093    0.024
    3   0.161    0.114    0.724    0.001
    4   0.179    0.084    0.002    0.736


Classification Probabilities for the Most Likely Latent Class Membership (Column)
by Latent Class (Row)

           1        2        3        4

    1   0.806    0.071    0.097    0.026
    2   0.054    0.876    0.060    0.011
    3   0.199    0.165    0.635    0.000
    4   0.315    0.146    0.002    0.537


Logits for the Classification Probabilities for the Most Likely Latent Class Membership (Column)
by Latent Class (Row)

              1        2        3        4

    1      3.434    1.004    1.312    0.000
    2      1.616    4.411    1.723    0.000
    3      6.283    6.098    7.443    0.000
    4     -0.535   -1.306   -5.443    0.000


MODEL RESULTS

                                                    Two-Tailed
                    Estimate       S.E.  Est./S.E.    P-Value

Latent Class 1

 MTH_SCOR WITH
    SCI_SCOR          28.736      1.800     15.961      0.000
    PHY_SCOR          27.975      2.063     13.562      0.000
    BIO_SCOR          23.487      1.957     12.001      0.000

 SCI_SCOR WITH
    PHY_SCOR          60.247      2.771     21.745      0.000
    BIO_SCOR          47.884      2.995     15.989      0.000

 PHY_SCOR WITH
    BIO_SCOR          40.120      2.476     16.203      0.000

 Means
    MTH_SCOR          43.591      0.419    104.085      0.000
    SCI_SCOR          42.989      0.623     68.954      0.000
    PHY_SCOR          44.621      0.506     88.216      0.000
    BIO_SCOR          45.374      0.948     47.849      0.000

 Variances
    MTH_SCOR          46.727      2.406     19.423      0.000
    SCI_SCOR          58.197      2.815     20.671      0.000
    PHY_SCOR          70.906      2.982     23.782      0.000
    BIO_SCOR          76.254      3.007     25.358      0.000

Latent Class 2

 MTH_SCOR WITH
    SCI_SCOR          28.736      1.800     15.961      0.000
    PHY_SCOR          27.975      2.063     13.562      0.000
    BIO_SCOR          23.487      1.957     12.001      0.000

 SCI_SCOR WITH
    PHY_SCOR          60.247      2.771     21.745      0.000
    BIO_SCOR          47.884      2.995     15.989      0.000

 PHY_SCOR WITH
    BIO_SCOR          40.120      2.476     16.203      0.000

 Means
    MTH_SCOR          59.316      0.358    165.825      0.000
    SCI_SCOR          58.651      0.440    133.343      0.000
    PHY_SCOR          57.599      0.493    116.891      0.000
    BIO_SCOR          56.633      0.401    141.084      0.000

 Variances
    MTH_SCOR          46.727      2.406     19.423      0.000
    SCI_SCOR          58.197      2.815     20.671      0.000
    PHY_SCOR          70.906      2.982     23.782      0.000
    BIO_SCOR          76.254      3.007     25.358      0.000

Latent Class 3

 MTH_SCOR WITH
    SCI_SCOR          28.736      1.800     15.961      0.000
    PHY_SCOR          27.975      2.063     13.562      0.000
    BIO_SCOR          23.487      1.957     12.001      0.000

 SCI_SCOR WITH
    PHY_SCOR          60.247      2.771     21.745      0.000
    BIO_SCOR          47.884      2.995     15.989      0.000

 PHY_SCOR WITH
    BIO_SCOR          40.120      2.476     16.203      0.000

 Means
    MTH_SCOR          43.810      0.626     70.008      0.000
    SCI_SCOR          48.608      0.732     66.420      0.000
    PHY_SCOR          46.897      0.811     57.826      0.000
    BIO_SCOR          47.939      1.174     40.847      0.000

 Variances
    MTH_SCOR          46.727      2.406     19.423      0.000
    SCI_SCOR          58.197      2.815     20.671      0.000
    PHY_SCOR          70.906      2.982     23.782      0.000
    BIO_SCOR          76.254      3.007     25.358      0.000

Latent Class 4

 MTH_SCOR WITH
    SCI_SCOR          28.736      1.800     15.961      0.000
    PHY_SCOR          27.975      2.063     13.562      0.000
    BIO_SCOR          23.487      1.957     12.001      0.000

 SCI_SCOR WITH
    PHY_SCOR          60.247      2.771     21.745      0.000
    BIO_SCOR          47.884      2.995     15.989      0.000

 PHY_SCOR WITH
    BIO_SCOR          40.120      2.476     16.203      0.000

 Means
    MTH_SCOR          55.529      0.956     58.071      0.000
    SCI_SCOR          45.720      0.834     54.803      0.000
    PHY_SCOR          49.289      0.816     60.401      0.000
    BIO_SCOR          47.130      1.180     39.933      0.000

 Variances
    MTH_SCOR          46.727      2.406     19.423      0.000
    SCI_SCOR          58.197      2.815     20.671      0.000
    PHY_SCOR          70.906      2.982     23.782      0.000
    BIO_SCOR          76.254      3.007     25.358      0.000

Categorical Latent Variables

 Means
    C#1                1.614      0.203      7.962      0.000
    C#2                1.749      0.191      9.172      0.000
    C#3                1.235      0.246      5.024      0.000


QUALITY OF NUMERICAL RESULTS

     Condition Number for the Information Matrix              0.210E-04
       (ratio of smallest to largest eigenvalue)


RESIDUAL OUTPUT


     ESTIMATED MODEL AND RESIDUALS (OBSERVED - ESTIMATED) FOR CLASS 1


           Model Estimated Means
              MTH_SCOR      SCI_SCOR      PHY_SCOR      BIO_SCOR
              ________      ________      ________      ________
               43.591        42.989        44.621        45.374


           Residuals for Means
              MTH_SCOR      SCI_SCOR      PHY_SCOR      BIO_SCOR
              ________      ________      ________      ________
                0.003         0.001         0.001         0.001


           Model Estimated Covariances
              MTH_SCOR      SCI_SCOR      PHY_SCOR      BIO_SCOR
              ________      ________      ________      ________
 MTH_SCOR      46.727
 SCI_SCOR      28.736        58.197
 PHY_SCOR      27.975        60.247        70.906
 BIO_SCOR      23.487        47.884        40.120        76.254


           Residuals for Covariances
              MTH_SCOR      SCI_SCOR      PHY_SCOR      BIO_SCOR
              ________      ________      ________      ________
 MTH_SCOR      -3.194
 SCI_SCOR      -2.776        -3.780
 PHY_SCOR      -3.924        -5.711        -7.176
 BIO_SCOR       0.403         0.136        -2.392         4.457


     ESTIMATED MODEL AND RESIDUALS (OBSERVED - ESTIMATED) FOR CLASS 2


           Model Estimated Means
              MTH_SCOR      SCI_SCOR      PHY_SCOR      BIO_SCOR
              ________      ________      ________      ________
               59.316        58.651        57.599        56.633


           Residuals for Means
              MTH_SCOR      SCI_SCOR      PHY_SCOR      BIO_SCOR
              ________      ________      ________      ________
                0.007         0.003         0.003         0.002


           Model Estimated Covariances
              MTH_SCOR      SCI_SCOR      PHY_SCOR      BIO_SCOR
              ________      ________      ________      ________
 MTH_SCOR      46.727
 SCI_SCOR      28.736        58.197
 PHY_SCOR      27.975        60.247        70.906
 BIO_SCOR      23.487        47.884        40.120        76.254


           Residuals for Covariances
              MTH_SCOR      SCI_SCOR      PHY_SCOR      BIO_SCOR
              ________      ________      ________      ________
 MTH_SCOR       2.850
 SCI_SCOR       5.286         3.367
 PHY_SCOR       6.801         4.925         5.779
 BIO_SCOR       1.562        -1.382         0.597        -6.220


     ESTIMATED MODEL AND RESIDUALS (OBSERVED - ESTIMATED) FOR CLASS 3


           Model Estimated Means
              MTH_SCOR      SCI_SCOR      PHY_SCOR      BIO_SCOR
              ________      ________      ________      ________
               43.810        48.608        46.897        47.939


           Residuals for Means
              MTH_SCOR      SCI_SCOR      PHY_SCOR      BIO_SCOR
              ________      ________      ________      ________
                0.005         0.001         0.001         0.001


           Model Estimated Covariances
              MTH_SCOR      SCI_SCOR      PHY_SCOR      BIO_SCOR
              ________      ________      ________      ________
 MTH_SCOR      46.727
 SCI_SCOR      28.736        58.197
 PHY_SCOR      27.975        60.247        70.906
 BIO_SCOR      23.487        47.884        40.120        76.254


           Residuals for Covariances
              MTH_SCOR      SCI_SCOR      PHY_SCOR      BIO_SCOR
              ________      ________      ________      ________
 MTH_SCOR       0.442
 SCI_SCOR      -1.448         1.642
 PHY_SCOR      -1.844         2.479         3.795
 BIO_SCOR      -1.383         2.702         3.602         4.768


     ESTIMATED MODEL AND RESIDUALS (OBSERVED - ESTIMATED) FOR CLASS 4


           Model Estimated Means
              MTH_SCOR      SCI_SCOR      PHY_SCOR      BIO_SCOR
              ________      ________      ________      ________
               55.529        45.720        49.289        47.130


           Residuals for Means
              MTH_SCOR      SCI_SCOR      PHY_SCOR      BIO_SCOR
              ________      ________      ________      ________
                0.011         0.004         0.004         0.003


           Model Estimated Covariances
              MTH_SCOR      SCI_SCOR      PHY_SCOR      BIO_SCOR
              ________      ________      ________      ________
 MTH_SCOR      46.727
 SCI_SCOR      28.736        58.197
 PHY_SCOR      27.975        60.247        70.906
 BIO_SCOR      23.487        47.884        40.120        76.254


           Residuals for Covariances
              MTH_SCOR      SCI_SCOR      PHY_SCOR      BIO_SCOR
              ________      ________      ________      ________
 MTH_SCOR      -1.864
 SCI_SCOR       0.222        -5.898
 PHY_SCOR      -0.933        -8.051       -10.130
 BIO_SCOR       3.009        -1.896        -3.685        -2.858


TECHNICAL 11 OUTPUT

     Random Starts Specifications for the k-1 Class Analysis Model
        Number of initial stage random starts                 200
        Number of final stage optimizations                    50



     VUONG-LO-MENDELL-RUBIN LIKELIHOOD RATIO TEST FOR 3 (H0) VERSUS 4 CLASSES

          H0 Loglikelihood Value                       -39776.461
          2 Times the Loglikelihood Difference             60.943
          Difference in the Number of Parameters                5
          Mean                                             -2.858
          Standard Deviation                               23.565
          P-Value                                          0.0030

     LO-MENDELL-RUBIN ADJUSTED LRT TEST

          Value                                            59.464
          P-Value                                          0.0034


TECHNICAL 14 OUTPUT

     Random Starts Specifications for the k-1 Class Analysis Model
        Number of initial stage random starts                 200
        Number of final stage optimizations                    50

     Random Starts Specification for the k-1 Class Model for Generated Data
        Number of initial stage random starts                   0
        Number of final stage optimizations for the
           initial stage random starts                          0
     Random Starts Specification for the k Class Model for Generated Data
        Number of initial stage random starts                  40
        Number of final stage optimizations                     8
     Number of bootstrap draws requested                   Varies


     PARAMETRIC BOOTSTRAPPED LIKELIHOOD RATIO TEST FOR 3 (H0) VERSUS 4 CLASSES

          H0 Loglikelihood Value                       -39776.461
          2 Times the Loglikelihood Difference             60.943
          Difference in the Number of Parameters                5
          Approximate P-Value                              0.0000
          Successful Bootstrap Draws                            5

     WARNING:  OF THE 5 BOOTSTRAP DRAWS, 5 DRAWS HAD BOTH A SMALLER LRT VALUE THAN THE
     OBSERVED LRT VALUE AND NOT A REPLICATED BEST LOGLIKELIHOOD VALUE FOR THE 4-CLASS MODEL.
     THIS MEANS THAT THE P-VALUE MAY NOT BE TRUSTWORTHY DUE TO LOCAL MAXIMA.
     INCREASE THE NUMBER OF RANDOM STARTS USING THE LRTSTARTS OPTION.



PLOT INFORMATION

The following plots are available:

  Histograms (sample values)
  Scatterplots (sample values)
  Sample means
  Estimated means, medians, modes, and percentiles
  Sample and estimated means
  Observed individual values
  Estimated means and observed individual values
  Estimated overall and class-specific distributions

     Beginning Time:  13:05:54
        Ending Time:  13:06:16
       Elapsed Time:  00:00:22



MUTHEN & MUTHEN
3463 Stoner Ave.
Los Angeles, CA  90066

Tel: (310) 391-9971
Fax: (310) 391-8971
Web: www.StatModel.com
Support: Support@StatModel.com

Copyright (c) 1998-2021 Muthen & Muthen
