Mplus VERSION 8.6 (Mac)
MUTHEN & MUTHEN
01/08/2024   9:58 AM

INPUT INSTRUCTIONS

  TITLE:
  M4: Class3
  DATA:
  FILE = "/Users/agarber/github/Intro_to_LPA/m4_enum/c_lpa_m4.dat";

  VARIABLE:
  NAMES = rural gender fathed mothed mth_scor sci_scor phy_scor bio_scor;
   MISSING=.;
   usevar = mth_scor-bio_scor;
  classes = c(3);
  ANALYSIS:
  estimator = mlr;
      type = mixture;
      starts = 200 50;
      processors = 10;
  MODEL:
  %c#1%
      [mth_scor-bio_scor];          !!! means are freely estimated
      mth_scor-bio_scor;            !!! variances are freely estimated
      mth_scor with sci_scor;       !!! covariances are freely estimated
      mth_scor with phy_scor;
      mth_scor with bio_scor;
      sci_scor with phy_scor;
      sci_scor with bio_scor;
      phy_scor with bio_scor;

   %c#2%
   [mth_scor-bio_scor];
   mth_scor-bio_scor;
   mth_scor with sci_scor;
   mth_scor with phy_scor;
   mth_scor with bio_scor;
   sci_scor with phy_scor;
   sci_scor with bio_scor;
   phy_scor with bio_scor;

   %c#3%
   [mth_scor-bio_scor];
   mth_scor-bio_scor;
   mth_scor with sci_scor;
   mth_scor with phy_scor;
   mth_scor with bio_scor;
   sci_scor with phy_scor;
   sci_scor with bio_scor;
   phy_scor with bio_scor;

  ! %c#4%
  ! [mth_scor-bio_scor];
  ! mth_scor-bio_scor;
  ! mth_scor with sci_scor;
  ! mth_scor with phy_scor;
  ! mth_scor with bio_scor;
  ! sci_scor with phy_scor;
  ! sci_scor with bio_scor;
  ! phy_scor with bio_scor;
  OUTPUT:
  sampstat residual tech11 tech14;
  PLOT:
  type = plot3;
       series = mth_scor-bio_scor(*);



*** WARNING in MODEL command
  All variables are uncorrelated with all other variables within class.
  Check that this is what is intended.
*** WARNING
  Data set contains cases with missing on all variables.
  These cases were not included in the analysis.
  Number of cases with missing on all variables:  2842
   2 WARNING(S) FOUND IN THE INPUT INSTRUCTIONS




M4: Class3

SUMMARY OF ANALYSIS

Number of groups                                                 1
Number of observations                                        3103

Number of dependent variables                                    4
Number of independent variables                                  0
Number of continuous latent variables                            0
Number of categorical latent variables                           1

Observed dependent variables

  Continuous
   MTH_SCOR    SCI_SCOR    PHY_SCOR    BIO_SCOR

Categorical latent variables
   C


Estimator                                                      MLR
Information matrix                                        OBSERVED
Optimization Specifications for the Quasi-Newton Algorithm for
Continuous Outcomes
  Maximum number of iterations                                 100
  Convergence criterion                                  0.100D-05
Optimization Specifications for the EM Algorithm
  Maximum number of iterations                                 500
  Convergence criteria
    Loglikelihood change                                 0.100D-06
    Relative loglikelihood change                        0.100D-06
    Derivative                                           0.100D-05
Optimization Specifications for the M step of the EM Algorithm for
Categorical Latent variables
  Number of M step iterations                                    1
  M step convergence criterion                           0.100D-05
  Basis for M step termination                           ITERATION
Optimization Specifications for the M step of the EM Algorithm for
Censored, Binary or Ordered Categorical (Ordinal), Unordered
Categorical (Nominal) and Count Outcomes
  Number of M step iterations                                    1
  M step convergence criterion                           0.100D-05
  Basis for M step termination                           ITERATION
  Maximum value for logit thresholds                            15
  Minimum value for logit thresholds                           -15
  Minimum expected cell size for chi-square              0.100D-01
Maximum number of iterations for H1                           2000
Convergence criterion for H1                             0.100D-03
Optimization algorithm                                         EMA
Random Starts Specifications
  Number of initial stage random starts                        200
  Number of final stage optimizations                           50
  Number of initial stage iterations                            10
  Initial stage convergence criterion                    0.100D+01
  Random starts scale                                    0.500D+01
  Random seed for generating random starts                       0

Input data file(s)
  /Users/agarber/github/Intro_to_LPA/m4_enum/c_lpa_m4.dat
Input data format  FREE


SUMMARY OF DATA

     Number of missing data patterns             3
     Number of y missing data patterns           3
     Number of u missing data patterns           0


COVARIANCE COVERAGE OF DATA

Minimum covariance coverage value   0.100


     PROPORTION OF DATA PRESENT FOR Y


           Covariance Coverage
              MTH_SCOR      SCI_SCOR      PHY_SCOR      BIO_SCOR
              ________      ________      ________      ________
 MTH_SCOR       0.995
 SCI_SCOR       0.994         0.998
 PHY_SCOR       0.994         0.998         0.998
 BIO_SCOR       0.994         0.998         0.998         0.998


SAMPLE STATISTICS


     ESTIMATED SAMPLE STATISTICS


           Means
              MTH_SCOR      SCI_SCOR      PHY_SCOR      BIO_SCOR
              ________      ________      ________      ________
               50.368        50.358        50.347        50.325


           Covariances
              MTH_SCOR      SCI_SCOR      PHY_SCOR      BIO_SCOR
              ________      ________      ________      ________
 MTH_SCOR     103.638
 SCI_SCOR      74.304       104.230
 PHY_SCOR      70.074        98.602       104.378
 BIO_SCOR      58.375        81.622        68.856       101.347


           Correlations
              MTH_SCOR      SCI_SCOR      PHY_SCOR      BIO_SCOR
              ________      ________      ________      ________
 MTH_SCOR       1.000
 SCI_SCOR       0.715         1.000
 PHY_SCOR       0.674         0.945         1.000
 BIO_SCOR       0.570         0.794         0.669         1.000


     MAXIMUM LOG-LIKELIHOOD VALUE FOR THE UNRESTRICTED (H1) MODEL IS -39883.582


UNIVARIATE SAMPLE STATISTICS


     UNIVARIATE HIGHER-ORDER MOMENT DESCRIPTIVE STATISTICS

         Variable/         Mean/     Skewness/   Minimum/ % with                Percentiles
        Sample Size      Variance    Kurtosis    Maximum  Min/Max      20%/60%    40%/80%    Median

     MTH_SCOR             50.381       0.205      27.360    0.03%      40.870     46.940     50.045
            3088.000     103.684      -0.572      85.070    0.03%      53.150     59.660
     SCI_SCOR             50.366       0.193      26.140    0.03%      40.910     47.150     50.020
            3098.000     104.263      -0.460      88.030    0.03%      52.940     59.270
     PHY_SCOR             50.354       0.246      25.500    0.03%      40.880     47.290     50.165
            3098.000     104.408      -0.238      87.290    0.06%      52.960     58.770
     BIO_SCOR             50.330      -0.036      24.750    0.16%      41.170     47.910     50.240
            3098.000     101.367      -0.358      70.580    5.75%      53.010     58.650

RANDOM STARTS RESULTS RANKED FROM THE BEST TO THE WORST LOGLIKELIHOOD VALUES


21 perturbed starting value run(s) did not converge or were rejected in the third stage.
Final stage loglikelihood values at local maxima, seeds, and initial stage start numbers:

          -39667.676  165853           105
          -39667.676  783110           72
          -39667.676  915107           54
          -39667.676  76974            16
          -39667.676  313407           132
          -39667.676  761633           50
          -39667.676  207896           25
          -39667.676  846194           93
          -39667.676  603842           61
          -39667.676  370466           41
          -39667.676  856536           144
          -39667.676  440841           118
          -39667.676  372176           23
          -39667.676  unperturbed      0
          -39667.676  674171           195
          -39667.676  341041           34
          -39667.676  648555           113
          -39667.676  12477            155
          -39667.676  303634           169
          -39667.676  794236           127
          -39673.686  124999           96
          -39673.686  609185           181
          -39673.686  437181           135
          -39673.686  931874           141
          -39673.686  963053           43
          -39673.686  863094           147
          -39673.686  215353           164
          -39680.465  587946           120
          -39680.465  526324           178
          -39680.465  928287           197
          -39680.465  462953           7
          -39680.465  260601           36
          -39680.465  321390           133
          -39680.465  991329           182
          -39680.465  967237           48
          -39680.465  860772           174
          -39680.465  939021           8
          -39680.465  411615           171
          -39680.465  436460           89
          -39680.465  329127           185
          -39714.965  751153           110

9 perturbed starting value run(s) did not converge or were rejected in the third stage.



THE BEST LOGLIKELIHOOD VALUE HAS BEEN REPLICATED.  RERUN WITH AT LEAST TWICE THE
RANDOM STARTS TO CHECK THAT THE BEST LOGLIKELIHOOD IS STILL OBTAINED AND REPLICATED.


THE MODEL ESTIMATION TERMINATED NORMALLY



MODEL FIT INFORMATION

Number of Free Parameters                       44

Loglikelihood

          H0 Value                      -39667.676
          H0 Scaling Correction Factor      1.0609
            for MLR

Information Criteria

          Akaike (AIC)                   79423.352
          Bayesian (BIC)                 79689.117
          Sample-Size Adjusted BIC       79549.311
            (n* = (n + 2) / 24)



FINAL CLASS COUNTS AND PROPORTIONS FOR THE LATENT CLASSES
BASED ON THE ESTIMATED MODEL

    Latent
   Classes

       1        794.62013          0.25608
       2       1134.52085          0.36562
       3       1173.85902          0.37830


FINAL CLASS COUNTS AND PROPORTIONS FOR THE LATENT CLASSES
BASED ON ESTIMATED POSTERIOR PROBABILITIES

    Latent
   Classes

       1        794.62013          0.25608
       2       1134.52085          0.36562
       3       1173.85902          0.37830


FINAL CLASS COUNTS AND PROPORTIONS FOR THE LATENT CLASSES
BASED ON THEIR MOST LIKELY LATENT CLASS MEMBERSHIP

Class Counts and Proportions

    Latent
   Classes

       1              852          0.27457
       2             1167          0.37609
       3             1084          0.34934


CLASSIFICATION QUALITY

     Entropy                         0.547


Average Latent Class Probabilities for Most Likely Latent Class Membership (Row)
by Latent Class (Column)

           1        2        3

    1   0.765    0.059    0.177
    2   0.023    0.813    0.164
    3   0.108    0.125    0.767


Classification Probabilities for the Most Likely Latent Class Membership (Column)
by Latent Class (Row)

           1        2        3

    1   0.820    0.033    0.147
    2   0.044    0.837    0.120
    3   0.128    0.163    0.708


Logits for the Classification Probabilities for the Most Likely Latent Class Membership (Column)
by Latent Class (Row)

              1        2        3

    1      1.719   -1.492    0.000
    2     -1.001    1.946    0.000
    3     -1.708   -1.468    0.000


MODEL RESULTS

                                                    Two-Tailed
                    Estimate       S.E.  Est./S.E.    P-Value

Latent Class 1

 MTH_SCOR WITH
    SCI_SCOR           9.672      1.955      4.947      0.000
    PHY_SCOR           8.188      1.574      5.201      0.000
    BIO_SCOR           9.590      2.829      3.389      0.001

 SCI_SCOR WITH
    PHY_SCOR          23.037      3.277      7.030      0.000
    BIO_SCOR          22.056      3.114      7.083      0.000

 PHY_SCOR WITH
    BIO_SCOR           7.071      3.377      2.094      0.036

 Means
    MTH_SCOR          40.707      0.680     59.885      0.000
    SCI_SCOR          39.769      0.593     67.022      0.000
    PHY_SCOR          39.709      0.775     51.268      0.000
    BIO_SCOR          41.747      0.693     60.252      0.000

 Variances
    MTH_SCOR          29.927      3.983      7.513      0.000
    SCI_SCOR          29.169      2.873     10.152      0.000
    PHY_SCOR          29.519      4.807      6.140      0.000
    BIO_SCOR          63.049      4.325     14.578      0.000

Latent Class 2

 MTH_SCOR WITH
    SCI_SCOR          41.836      4.063     10.297      0.000
    PHY_SCOR          45.436      4.448     10.215      0.000
    BIO_SCOR          31.824      4.273      7.448      0.000

 SCI_SCOR WITH
    PHY_SCOR          73.511      5.628     13.062      0.000
    BIO_SCOR          48.915      5.113      9.567      0.000

 PHY_SCOR WITH
    BIO_SCOR          45.782      5.026      9.109      0.000

 Means
    MTH_SCOR          58.485      0.777     75.225      0.000
    SCI_SCOR          58.405      0.799     73.139      0.000
    PHY_SCOR          56.916      0.797     71.392      0.000
    BIO_SCOR          56.201      0.771     72.940      0.000

 Variances
    MTH_SCOR          61.326      5.640     10.873      0.000
    SCI_SCOR          66.562      5.559     11.973      0.000
    PHY_SCOR          88.261      6.032     14.632      0.000
    BIO_SCOR          69.092      5.382     12.837      0.000

Latent Class 3

 MTH_SCOR WITH
    SCI_SCOR          16.261      5.092      3.193      0.001
    PHY_SCOR          15.809      3.796      4.164      0.000
    BIO_SCOR          14.999      6.562      2.286      0.022

 SCI_SCOR WITH
    PHY_SCOR          47.191      5.162      9.142      0.000
    BIO_SCOR          46.461      4.909      9.464      0.000

 PHY_SCOR WITH
    BIO_SCOR          33.810      3.960      8.539      0.000

 Means
    MTH_SCOR          49.062      0.709     69.182      0.000
    SCI_SCOR          49.749      0.832     59.759      0.000
    PHY_SCOR          51.199      0.850     60.226      0.000
    BIO_SCOR          50.450      0.649     77.700      0.000

 Variances
    MTH_SCOR          65.835      4.117     15.989      0.000
    SCI_SCOR          52.602      4.733     11.115      0.000
    PHY_SCOR          51.607      6.153      8.387      0.000
    BIO_SCOR          75.276      7.119     10.574      0.000

Categorical Latent Variables

 Means
    C#1               -0.390      0.270     -1.444      0.149
    C#2               -0.034      0.238     -0.143      0.886


QUALITY OF NUMERICAL RESULTS

     Condition Number for the Information Matrix              0.124E-05
       (ratio of smallest to largest eigenvalue)


RESIDUAL OUTPUT


     ESTIMATED MODEL AND RESIDUALS (OBSERVED - ESTIMATED) FOR CLASS 1


           Model Estimated Means
              MTH_SCOR      SCI_SCOR      PHY_SCOR      BIO_SCOR
              ________      ________      ________      ________
               40.707        39.769        39.709        41.747


           Residuals for Means
              MTH_SCOR      SCI_SCOR      PHY_SCOR      BIO_SCOR
              ________      ________      ________      ________
                0.002        -0.001        -0.001        -0.001


           Model Estimated Covariances
              MTH_SCOR      SCI_SCOR      PHY_SCOR      BIO_SCOR
              ________      ________      ________      ________
 MTH_SCOR      29.927
 SCI_SCOR       9.672        29.169
 PHY_SCOR       8.188        23.037        29.519
 BIO_SCOR       9.590        22.056         7.071        63.049


           Residuals for Covariances
              MTH_SCOR      SCI_SCOR      PHY_SCOR      BIO_SCOR
              ________      ________      ________      ________
 MTH_SCOR       0.006
 SCI_SCOR       0.204         0.006
 PHY_SCOR      -0.055         0.005         0.004
 BIO_SCOR       0.497         0.006         0.005         0.006


     ESTIMATED MODEL AND RESIDUALS (OBSERVED - ESTIMATED) FOR CLASS 2


           Model Estimated Means
              MTH_SCOR      SCI_SCOR      PHY_SCOR      BIO_SCOR
              ________      ________      ________      ________
               58.485        58.405        56.916        56.201


           Residuals for Means
              MTH_SCOR      SCI_SCOR      PHY_SCOR      BIO_SCOR
              ________      ________      ________      ________
                0.008         0.004         0.005         0.003


           Model Estimated Covariances
              MTH_SCOR      SCI_SCOR      PHY_SCOR      BIO_SCOR
              ________      ________      ________      ________
 MTH_SCOR      61.326
 SCI_SCOR      41.836        66.562
 PHY_SCOR      45.436        73.511        88.261
 BIO_SCOR      31.824        48.915        45.782        69.092


           Residuals for Covariances
              MTH_SCOR      SCI_SCOR      PHY_SCOR      BIO_SCOR
              ________      ________      ________      ________
 MTH_SCOR       0.020
 SCI_SCOR       1.167        -0.016
 PHY_SCOR       1.281        -0.018        -0.019
 BIO_SCOR       0.767        -0.012        -0.013        -0.009


     ESTIMATED MODEL AND RESIDUALS (OBSERVED - ESTIMATED) FOR CLASS 3


           Model Estimated Means
              MTH_SCOR      SCI_SCOR      PHY_SCOR      BIO_SCOR
              ________      ________      ________      ________
               49.062        49.749        51.199        50.450


           Residuals for Means
              MTH_SCOR      SCI_SCOR      PHY_SCOR      BIO_SCOR
              ________      ________      ________      ________
                0.003         0.002         0.002         0.002


           Model Estimated Covariances
              MTH_SCOR      SCI_SCOR      PHY_SCOR      BIO_SCOR
              ________      ________      ________      ________
 MTH_SCOR      65.835
 SCI_SCOR      16.261        52.602
 PHY_SCOR      15.809        47.191        51.607
 BIO_SCOR      14.999        46.461        33.810        75.276


           Residuals for Covariances
              MTH_SCOR      SCI_SCOR      PHY_SCOR      BIO_SCOR
              ________      ________      ________      ________
 MTH_SCOR       0.004
 SCI_SCOR       0.882         0.003
 PHY_SCOR       0.984         0.003         0.003
 BIO_SCOR       0.630         0.003         0.003         0.002


TECHNICAL 11 OUTPUT

     Random Starts Specifications for the k-1 Class Analysis Model
        Number of initial stage random starts                 200
        Number of final stage optimizations                    50



     VUONG-LO-MENDELL-RUBIN LIKELIHOOD RATIO TEST FOR 2 (H0) VERSUS 3 CLASSES

          H0 Loglikelihood Value                       -39750.046
          2 Times the Loglikelihood Difference            164.739
          Difference in the Number of Parameters               15
          Mean                                             24.984
          Standard Deviation                               15.394
          P-Value                                          0.0000

     LO-MENDELL-RUBIN ADJUSTED LRT TEST

          Value                                           163.385
          P-Value                                          0.0000


TECHNICAL 14 OUTPUT

     Random Starts Specifications for the k-1 Class Analysis Model
        Number of initial stage random starts                 200
        Number of final stage optimizations                    50

     Random Starts Specification for the k-1 Class Model for Generated Data
        Number of initial stage random starts                   0
        Number of final stage optimizations for the
           initial stage random starts                          0
     Random Starts Specification for the k Class Model for Generated Data
        Number of initial stage random starts                  40
        Number of final stage optimizations                     8
     Number of bootstrap draws requested                   Varies


     PARAMETRIC BOOTSTRAPPED LIKELIHOOD RATIO TEST FOR 2 (H0) VERSUS 3 CLASSES

          H0 Loglikelihood Value                       -39750.046
          2 Times the Loglikelihood Difference            164.739
          Difference in the Number of Parameters               15
          Approximate P-Value                              0.0000
          Successful Bootstrap Draws                           10

     WARNING:  OF THE 10 BOOTSTRAP DRAWS, 10 DRAWS HAD BOTH A SMALLER LRT VALUE THAN THE
     OBSERVED LRT VALUE AND NOT A REPLICATED BEST LOGLIKELIHOOD VALUE FOR THE 3-CLASS MODEL.
     THIS MEANS THAT THE P-VALUE MAY NOT BE TRUSTWORTHY DUE TO LOCAL MAXIMA.
     INCREASE THE NUMBER OF RANDOM STARTS USING THE LRTSTARTS OPTION.



PLOT INFORMATION

The following plots are available:

  Histograms (sample values)
  Scatterplots (sample values)
  Sample means
  Estimated means, medians, modes, and percentiles
  Sample and estimated means
  Observed individual values
  Estimated means and observed individual values
  Estimated overall and class-specific distributions

     Beginning Time:  09:58:41
        Ending Time:  09:59:06
       Elapsed Time:  00:00:25



MUTHEN & MUTHEN
3463 Stoner Ave.
Los Angeles, CA  90066

Tel: (310) 391-9971
Fax: (310) 391-8971
Web: www.StatModel.com
Support: Support@StatModel.com

Copyright (c) 1998-2021 Muthen & Muthen
