Mplus VERSION 8.6 (Mac)
MUTHEN & MUTHEN
10/24/2023   2:16 PM

INPUT INSTRUCTIONS

  TITLE:
  M4: Class4
  DATA:
  FILE = "/Users/agarber/github/Intro_to_LPA/m4_enum/c_lpa_m4.dat";

  VARIABLE:
  NAMES = rural gender fathed mothed mth_scor sci_scor phy_scor bio_scor;
   MISSING=.;
   usevar = mth_scor-bio_scor;
  classes = c(4);
  ANALYSIS:
  estimator = mlr;
      type = mixture;
      starts = 200 50;
      processors = 10;
  MODEL:
  %c#1%
      [mth_scor-bio_scor];          !!! means are freely estimated
      mth_scor-bio_scor;            !!! variances are freely estimated
      mth_scor with sci_scor(5);    !!! covariances are fixed to equality
      mth_scor with phy_scor(6);
      mth_scor with bio_scor(7);
      sci_scor with phy_scor(8);
      sci_scor with bio_scor(9);
      phy_scor with bio_scor(10);

   %c#2%
   [mth_scor-bio_scor];
   mth_scor-bio_scor;
   mth_scor with sci_scor(5);
   mth_scor with phy_scor(6);
   mth_scor with bio_scor(7);
   sci_scor with phy_scor(8);
   sci_scor with bio_scor(9);
   phy_scor with bio_scor(10);

   %c#3%
   [mth_scor-bio_scor];
   mth_scor-bio_scor;
   mth_scor with sci_scor(5);
   mth_scor with phy_scor(6);
   mth_scor with bio_scor(7);
   sci_scor with phy_scor(8);
   sci_scor with bio_scor(9);
   phy_scor with bio_scor(10);

   %c#4%
   [mth_scor-bio_scor];
   mth_scor-bio_scor;
   mth_scor with sci_scor(5);
   mth_scor with phy_scor(6);
   mth_scor with bio_scor(7);
   sci_scor with phy_scor(8);
   sci_scor with bio_scor(9);
   phy_scor with bio_scor(10);
  OUTPUT:
  sampstat residual tech11 tech14;
  PLOT:
  type = plot3;
       series = mth_scor-bio_scor(*);



*** WARNING in MODEL command
  All variables are uncorrelated with all other variables within class.
  Check that this is what is intended.
*** WARNING
  Data set contains cases with missing on all variables.
  These cases were not included in the analysis.
  Number of cases with missing on all variables:  2842
   2 WARNING(S) FOUND IN THE INPUT INSTRUCTIONS




M4: Class4

SUMMARY OF ANALYSIS

Number of groups                                                 1
Number of observations                                        3103

Number of dependent variables                                    4
Number of independent variables                                  0
Number of continuous latent variables                            0
Number of categorical latent variables                           1

Observed dependent variables

  Continuous
   MTH_SCOR    SCI_SCOR    PHY_SCOR    BIO_SCOR

Categorical latent variables
   C


Estimator                                                      MLR
Information matrix                                        OBSERVED
Optimization Specifications for the Quasi-Newton Algorithm for
Continuous Outcomes
  Maximum number of iterations                                 100
  Convergence criterion                                  0.100D-05
Optimization Specifications for the EM Algorithm
  Maximum number of iterations                                 500
  Convergence criteria
    Loglikelihood change                                 0.100D-06
    Relative loglikelihood change                        0.100D-06
    Derivative                                           0.100D-05
Optimization Specifications for the M step of the EM Algorithm for
Categorical Latent variables
  Number of M step iterations                                    1
  M step convergence criterion                           0.100D-05
  Basis for M step termination                           ITERATION
Optimization Specifications for the M step of the EM Algorithm for
Censored, Binary or Ordered Categorical (Ordinal), Unordered
Categorical (Nominal) and Count Outcomes
  Number of M step iterations                                    1
  M step convergence criterion                           0.100D-05
  Basis for M step termination                           ITERATION
  Maximum value for logit thresholds                            15
  Minimum value for logit thresholds                           -15
  Minimum expected cell size for chi-square              0.100D-01
Maximum number of iterations for H1                           2000
Convergence criterion for H1                             0.100D-03
Optimization algorithm                                         EMA
Random Starts Specifications
  Number of initial stage random starts                        200
  Number of final stage optimizations                           50
  Number of initial stage iterations                            10
  Initial stage convergence criterion                    0.100D+01
  Random starts scale                                    0.500D+01
  Random seed for generating random starts                       0

Input data file(s)
  /Users/agarber/github/Intro_to_LPA/m4_enum/c_lpa_m4.dat
Input data format  FREE


SUMMARY OF DATA

     Number of missing data patterns             3
     Number of y missing data patterns           3
     Number of u missing data patterns           0


COVARIANCE COVERAGE OF DATA

Minimum covariance coverage value   0.100


     PROPORTION OF DATA PRESENT FOR Y


           Covariance Coverage
              MTH_SCOR      SCI_SCOR      PHY_SCOR      BIO_SCOR
              ________      ________      ________      ________
 MTH_SCOR       0.995
 SCI_SCOR       0.994         0.998
 PHY_SCOR       0.994         0.998         0.998
 BIO_SCOR       0.994         0.998         0.998         0.998


SAMPLE STATISTICS


     ESTIMATED SAMPLE STATISTICS


           Means
              MTH_SCOR      SCI_SCOR      PHY_SCOR      BIO_SCOR
              ________      ________      ________      ________
               50.368        50.358        50.347        50.325


           Covariances
              MTH_SCOR      SCI_SCOR      PHY_SCOR      BIO_SCOR
              ________      ________      ________      ________
 MTH_SCOR     103.638
 SCI_SCOR      74.304       104.230
 PHY_SCOR      70.074        98.602       104.378
 BIO_SCOR      58.375        81.622        68.856       101.347


           Correlations
              MTH_SCOR      SCI_SCOR      PHY_SCOR      BIO_SCOR
              ________      ________      ________      ________
 MTH_SCOR       1.000
 SCI_SCOR       0.715         1.000
 PHY_SCOR       0.674         0.945         1.000
 BIO_SCOR       0.570         0.794         0.669         1.000


     MAXIMUM LOG-LIKELIHOOD VALUE FOR THE UNRESTRICTED (H1) MODEL IS -39883.582


UNIVARIATE SAMPLE STATISTICS


     UNIVARIATE HIGHER-ORDER MOMENT DESCRIPTIVE STATISTICS

         Variable/         Mean/     Skewness/   Minimum/ % with                Percentiles
        Sample Size      Variance    Kurtosis    Maximum  Min/Max      20%/60%    40%/80%    Median

     MTH_SCOR             50.381       0.205      27.360    0.03%      40.870     46.940     50.045
            3088.000     103.684      -0.572      85.070    0.03%      53.150     59.660
     SCI_SCOR             50.366       0.193      26.140    0.03%      40.910     47.150     50.020
            3098.000     104.263      -0.460      88.030    0.03%      52.940     59.270
     PHY_SCOR             50.354       0.246      25.500    0.03%      40.880     47.290     50.165
            3098.000     104.408      -0.238      87.290    0.06%      52.960     58.770
     BIO_SCOR             50.330      -0.036      24.750    0.16%      41.170     47.910     50.240
            3098.000     101.367      -0.358      70.580    5.75%      53.010     58.650

RANDOM STARTS RESULTS RANKED FROM THE BEST TO THE WORST LOGLIKELIHOOD VALUES


13 perturbed starting value run(s) did not converge or were rejected in the third stage.
Final stage loglikelihood values at local maxima, seeds, and initial stage start numbers:

          -39701.756  963053           43
          -39701.756  411615           171
          -39701.756  569833           85
          -39702.351  285380           1
          -39702.351  443917           60
          -39702.351  957392           79
          -39702.351  25127            107
          -39702.351  783110           72
          -39702.351  645664           39
          -39702.477  915642           40
          -39702.477  967902           52
          -39702.477  863094           147
          -39702.477  592219           119
          -39702.477  991329           182
          -39702.477  311214           64
          -39702.477  12477            155
          -39703.066  793035           187
          -39703.066  533738           11
          -39703.066  458181           189
          -39703.066  475420           71
          -39703.066  723775           97
          -39703.066  471398           74
          -39703.066  165853           105
          -39703.066  626891           32
          -39703.066  606576           151
          -39703.066  967237           48
          -39703.066  794236           127
          -39703.066  319144           176
          -39703.066  860772           174
          -39704.913  215353           164
          -39706.484  569131           26
          -39706.484  373505           88
          -39706.962  303634           169
          -39706.962  314084           81
          -39706.962  462953           7
          -39714.144  674171           195
          -39721.053  782200           84
          -39723.488  340112           126
          -39723.488  966014           37
          -39731.526  321390           133

Unperturbed starting value run did not converge or was rejected in the third stage.

9 perturbed starting value run(s) did not converge or were rejected in the third stage.



THE BEST LOGLIKELIHOOD VALUE HAS BEEN REPLICATED.  RERUN WITH AT LEAST TWICE THE
RANDOM STARTS TO CHECK THAT THE BEST LOGLIKELIHOOD IS STILL OBTAINED AND REPLICATED.


THE MODEL ESTIMATION TERMINATED NORMALLY



MODEL FIT INFORMATION

Number of Free Parameters                       41

Loglikelihood

          H0 Value                      -39701.756
          H0 Scaling Correction Factor      1.2134
            for MLR

Information Criteria

          Akaike (AIC)                   79485.513
          Bayesian (BIC)                 79733.158
          Sample-Size Adjusted BIC       79602.884
            (n* = (n + 2) / 24)



FINAL CLASS COUNTS AND PROPORTIONS FOR THE LATENT CLASSES
BASED ON THE ESTIMATED MODEL

    Latent
   Classes

       1        250.72274          0.08080
       2        720.27331          0.23212
       3       1408.95308          0.45406
       4        723.05087          0.23302


FINAL CLASS COUNTS AND PROPORTIONS FOR THE LATENT CLASSES
BASED ON ESTIMATED POSTERIOR PROBABILITIES

    Latent
   Classes

       1        250.72274          0.08080
       2        720.27331          0.23212
       3       1408.95308          0.45406
       4        723.05087          0.23302


FINAL CLASS COUNTS AND PROPORTIONS FOR THE LATENT CLASSES
BASED ON THEIR MOST LIKELY LATENT CLASS MEMBERSHIP

Class Counts and Proportions

    Latent
   Classes

       1              158          0.05092
       2              720          0.23203
       3             1518          0.48920
       4              707          0.22784


CLASSIFICATION QUALITY

     Entropy                         0.579


Average Latent Class Probabilities for Most Likely Latent Class Membership (Row)
by Latent Class (Column)

           1        2        3        4

    1   0.607    0.220    0.173    0.000
    2   0.113    0.719    0.168    0.000
    3   0.048    0.110    0.744    0.098
    4   0.000    0.001    0.186    0.813


Classification Probabilities for the Most Likely Latent Class Membership (Column)
by Latent Class (Row)

           1        2        3        4

    1   0.383    0.325    0.292    0.000
    2   0.048    0.719    0.232    0.001
    3   0.019    0.086    0.802    0.093
    4   0.000    0.000    0.205    0.795


Logits for the Classification Probabilities for the Most Likely Latent Class Membership (Column)
by Latent Class (Row)

              1        2        3        4

    1      6.733    6.569    6.463    0.000
    2      4.393    7.096    5.967    0.000
    3     -1.572   -0.088    2.149    0.000
    4    -10.687   -7.841   -1.356    0.000


MODEL RESULTS

                                                    Two-Tailed
                    Estimate       S.E.  Est./S.E.    P-Value

Latent Class 1

 MTH_SCOR WITH
    SCI_SCOR          18.479      5.023      3.679      0.000
    PHY_SCOR          20.607      6.308      3.267      0.001
    BIO_SCOR          10.395      3.550      2.928      0.003

 SCI_SCOR WITH
    PHY_SCOR          44.360      8.263      5.368      0.000
    BIO_SCOR          27.838      4.436      6.275      0.000

 PHY_SCOR WITH
    BIO_SCOR          22.095      5.518      4.004      0.000

 Means
    MTH_SCOR          46.597      1.194     39.037      0.000
    SCI_SCOR          41.578      0.986     42.175      0.000
    PHY_SCOR          44.853      1.296     34.597      0.000
    BIO_SCOR          44.431      2.077     21.395      0.000

 Variances
    MTH_SCOR          65.497      7.793      8.405      0.000
    SCI_SCOR          40.035      7.305      5.480      0.000
    PHY_SCOR          58.009      8.863      6.545      0.000
    BIO_SCOR          34.555      7.103      4.865      0.000

Latent Class 2

 MTH_SCOR WITH
    SCI_SCOR          18.479      5.023      3.679      0.000
    PHY_SCOR          20.607      6.308      3.267      0.001
    BIO_SCOR          10.395      3.550      2.928      0.003

 SCI_SCOR WITH
    PHY_SCOR          44.360      8.263      5.368      0.000
    BIO_SCOR          27.838      4.436      6.275      0.000

 PHY_SCOR WITH
    BIO_SCOR          22.095      5.518      4.004      0.000

 Means
    MTH_SCOR          40.865      0.936     43.670      0.000
    SCI_SCOR          40.416      0.712     56.751      0.000
    PHY_SCOR          41.479      0.532     77.997      0.000
    BIO_SCOR          40.353      2.397     16.836      0.000

 Variances
    MTH_SCOR          34.505      5.017      6.877      0.000
    SCI_SCOR          43.221      7.121      6.070      0.000
    PHY_SCOR          55.845      9.334      5.983      0.000
    BIO_SCOR          56.251      9.571      5.878      0.000

Latent Class 3

 MTH_SCOR WITH
    SCI_SCOR          18.479      5.023      3.679      0.000
    PHY_SCOR          20.607      6.308      3.267      0.001
    BIO_SCOR          10.395      3.550      2.928      0.003

 SCI_SCOR WITH
    PHY_SCOR          44.360      8.263      5.368      0.000
    BIO_SCOR          27.838      4.436      6.275      0.000

 PHY_SCOR WITH
    BIO_SCOR          22.095      5.518      4.004      0.000

 Means
    MTH_SCOR          50.106      1.833     27.331      0.000
    SCI_SCOR          50.866      1.877     27.100      0.000
    PHY_SCOR          50.356      1.908     26.396      0.000
    BIO_SCOR          51.646      1.307     39.529      0.000

 Variances
    MTH_SCOR          63.303      4.628     13.677      0.000
    SCI_SCOR          42.095      7.152      5.885      0.000
    PHY_SCOR          57.260      8.945      6.401      0.000
    BIO_SCOR          56.765      5.579     10.175      0.000

Latent Class 4

 MTH_SCOR WITH
    SCI_SCOR          18.479      5.023      3.679      0.000
    PHY_SCOR          20.607      6.308      3.267      0.001
    BIO_SCOR          10.395      3.550      2.928      0.003

 SCI_SCOR WITH
    PHY_SCOR          44.360      8.263      5.368      0.000
    BIO_SCOR          27.838      4.436      6.275      0.000

 PHY_SCOR WITH
    BIO_SCOR          22.095      5.518      4.004      0.000

 Means
    MTH_SCOR          61.650      1.052     58.592      0.000
    SCI_SCOR          62.316      1.291     48.258      0.000
    PHY_SCOR          61.067      1.439     42.425      0.000
    BIO_SCOR          59.723      0.906     65.931      0.000

 Variances
    MTH_SCOR          42.193      4.559      9.256      0.000
    SCI_SCOR          39.727      6.947      5.719      0.000
    PHY_SCOR          56.602      9.751      5.805      0.000
    BIO_SCOR          53.798      3.914     13.744      0.000

Categorical Latent Variables

 Means
    C#1               -1.059      0.353     -3.004      0.003
    C#2               -0.004      0.523     -0.007      0.994
    C#3                0.667      0.179      3.730      0.000


QUALITY OF NUMERICAL RESULTS

     Condition Number for the Information Matrix              0.141E-06
       (ratio of smallest to largest eigenvalue)


RESIDUAL OUTPUT


     ESTIMATED MODEL AND RESIDUALS (OBSERVED - ESTIMATED) FOR CLASS 1


           Model Estimated Means
              MTH_SCOR      SCI_SCOR      PHY_SCOR      BIO_SCOR
              ________      ________      ________      ________
               46.597        41.578        44.853        44.431


           Residuals for Means
              MTH_SCOR      SCI_SCOR      PHY_SCOR      BIO_SCOR
              ________      ________      ________      ________
                0.001         0.001         0.002         0.001


           Model Estimated Covariances
              MTH_SCOR      SCI_SCOR      PHY_SCOR      BIO_SCOR
              ________      ________      ________      ________
 MTH_SCOR      65.497
 SCI_SCOR      18.479        40.035
 PHY_SCOR      20.607        44.360        58.009
 BIO_SCOR      10.395        27.838        22.095        34.555


           Residuals for Covariances
              MTH_SCOR      SCI_SCOR      PHY_SCOR      BIO_SCOR
              ________      ________      ________      ________
 MTH_SCOR      -0.962
 SCI_SCOR      -1.192        -3.056
 PHY_SCOR      -1.298        -4.254        -5.040
 BIO_SCOR      -0.523        -1.270        -2.903         0.838


     ESTIMATED MODEL AND RESIDUALS (OBSERVED - ESTIMATED) FOR CLASS 2


           Model Estimated Means
              MTH_SCOR      SCI_SCOR      PHY_SCOR      BIO_SCOR
              ________      ________      ________      ________
               40.865        40.416        41.479        40.353


           Residuals for Means
              MTH_SCOR      SCI_SCOR      PHY_SCOR      BIO_SCOR
              ________      ________      ________      ________
                0.004        -0.001        -0.001        -0.001


           Model Estimated Covariances
              MTH_SCOR      SCI_SCOR      PHY_SCOR      BIO_SCOR
              ________      ________      ________      ________
 MTH_SCOR      34.505
 SCI_SCOR      18.479        43.221
 PHY_SCOR      20.607        44.360        55.845
 BIO_SCOR      10.395        27.838        22.095        56.251


           Residuals for Covariances
              MTH_SCOR      SCI_SCOR      PHY_SCOR      BIO_SCOR
              ________      ________      ________      ________
 MTH_SCOR      -2.489
 SCI_SCOR      -3.976        -6.893
 PHY_SCOR      -4.812        -8.618        -9.929
 BIO_SCOR      -2.077        -3.833        -6.547        -0.253


     ESTIMATED MODEL AND RESIDUALS (OBSERVED - ESTIMATED) FOR CLASS 3


           Model Estimated Means
              MTH_SCOR      SCI_SCOR      PHY_SCOR      BIO_SCOR
              ________      ________      ________      ________
               50.106        50.866        50.356        51.647


           Residuals for Means
              MTH_SCOR      SCI_SCOR      PHY_SCOR      BIO_SCOR
              ________      ________      ________      ________
                0.003         0.002         0.003         0.001


           Model Estimated Covariances
              MTH_SCOR      SCI_SCOR      PHY_SCOR      BIO_SCOR
              ________      ________      ________      ________
 MTH_SCOR      63.303
 SCI_SCOR      18.479        42.095
 PHY_SCOR      20.607        44.360        57.260
 BIO_SCOR      10.395        27.838        22.095        56.765


           Residuals for Covariances
              MTH_SCOR      SCI_SCOR      PHY_SCOR      BIO_SCOR
              ________      ________      ________      ________
 MTH_SCOR      -0.163
 SCI_SCOR       0.873         2.360
 PHY_SCOR       1.656         2.978         3.419
 BIO_SCOR      -0.474         2.153         3.319         0.963


     ESTIMATED MODEL AND RESIDUALS (OBSERVED - ESTIMATED) FOR CLASS 4


           Model Estimated Means
              MTH_SCOR      SCI_SCOR      PHY_SCOR      BIO_SCOR
              ________      ________      ________      ________
               61.650        62.316        61.067        59.723


           Residuals for Means
              MTH_SCOR      SCI_SCOR      PHY_SCOR      BIO_SCOR
              ________      ________      ________      ________
                0.005         0.001         0.001         0.001


           Model Estimated Covariances
              MTH_SCOR      SCI_SCOR      PHY_SCOR      BIO_SCOR
              ________      ________      ________      ________
 MTH_SCOR      42.193
 SCI_SCOR      18.479        39.727
 PHY_SCOR      20.607        44.360        56.602
 BIO_SCOR      10.395        27.838        22.095        53.798


           Residuals for Covariances
              MTH_SCOR      SCI_SCOR      PHY_SCOR      BIO_SCOR
              ________      ________      ________      ________
 MTH_SCOR       2.954
 SCI_SCOR       4.855         3.248
 PHY_SCOR       5.183         4.272         5.256
 BIO_SCOR       3.647         0.507         1.661        -2.189


TECHNICAL 11 OUTPUT

     Random Starts Specifications for the k-1 Class Analysis Model
        Number of initial stage random starts                 200
        Number of final stage optimizations                    50



     VUONG-LO-MENDELL-RUBIN LIKELIHOOD RATIO TEST FOR 3 (H0) VERSUS 4 CLASSES

          H0 Loglikelihood Value                       -39736.253
          2 Times the Loglikelihood Difference             68.993
          Difference in the Number of Parameters                9
          Mean                                              7.905
          Standard Deviation                               74.119
          P-Value                                          0.1402

     LO-MENDELL-RUBIN ADJUSTED LRT TEST

          Value                                            68.052
          P-Value                                          0.1432


TECHNICAL 14 OUTPUT

     Random Starts Specifications for the k-1 Class Analysis Model
        Number of initial stage random starts                 200
        Number of final stage optimizations                    50

     Random Starts Specification for the k-1 Class Model for Generated Data
        Number of initial stage random starts                   0
        Number of final stage optimizations for the
           initial stage random starts                          0
     Random Starts Specification for the k Class Model for Generated Data
        Number of initial stage random starts                  40
        Number of final stage optimizations                     8
     Number of bootstrap draws requested                   Varies


     PARAMETRIC BOOTSTRAPPED LIKELIHOOD RATIO TEST FOR 3 (H0) VERSUS 4 CLASSES

          H0 Loglikelihood Value                       -39736.253
          2 Times the Loglikelihood Difference             68.993
          Difference in the Number of Parameters                9
          Approximate P-Value                              0.0000
          Successful Bootstrap Draws                           20

     WARNING:  OF THE 20 BOOTSTRAP DRAWS, 19 DRAWS HAD BOTH A SMALLER LRT VALUE THAN THE
     OBSERVED LRT VALUE AND NOT A REPLICATED BEST LOGLIKELIHOOD VALUE FOR THE 4-CLASS MODEL.
     THIS MEANS THAT THE P-VALUE MAY NOT BE TRUSTWORTHY DUE TO LOCAL MAXIMA.
     INCREASE THE NUMBER OF RANDOM STARTS USING THE LRTSTARTS OPTION.



PLOT INFORMATION

The following plots are available:

  Histograms (sample values)
  Scatterplots (sample values)
  Sample means
  Estimated means, medians, modes, and percentiles
  Sample and estimated means
  Observed individual values
  Estimated means and observed individual values
  Estimated overall and class-specific distributions

     Beginning Time:  14:16:42
        Ending Time:  14:17:14
       Elapsed Time:  00:00:32



MUTHEN & MUTHEN
3463 Stoner Ave.
Los Angeles, CA  90066

Tel: (310) 391-9971
Fax: (310) 391-8971
Web: www.StatModel.com
Support: Support@StatModel.com

Copyright (c) 1998-2021 Muthen & Muthen
