Mplus VERSION 8.6 (Mac)
MUTHEN & MUTHEN
01/08/2024   9:45 AM

INPUT INSTRUCTIONS

  TITLE:
  M2a: Class1
  DATA:
  FILE = "/Users/agarber/github/Intro_to_LPA/m2a_enum/c_lpa_m2a.dat";

  VARIABLE:
  NAMES = rural gender fathed mothed mth_scor sci_scor phy_scor bio_scor;
   MISSING=.;
   usevar = mth_scor-bio_scor;
  classes = c(1);
  ANALYSIS:
  estimator = mlr;
      type = mixture;
      starts = 200 50;
      processors = 10;
  MODEL:
  %c#1%
      [mth_scor-bio_scor];          !!! means are freely estimated
      mth_scor-bio_scor;            !!! variances are freely estimated
      mth_scor with sci_scor(5);    !!! covariances are fixed to equality
      mth_scor with phy_scor(6);
      mth_scor with bio_scor(7);
      sci_scor with phy_scor(8);
      sci_scor with bio_scor(9);
      phy_scor with bio_scor(10);

  ! %c#2%
  ! [mth_scor-bio_scor];
  ! mth_scor-bio_scor;
  ! mth_scor with sci_scor(5);
  ! mth_scor with phy_scor(6);
  ! mth_scor with bio_scor(7);
  ! sci_scor with phy_scor(8);
  ! sci_scor with bio_scor(9);
  ! phy_scor with bio_scor(10);

  ! %c#3%
  ! [mth_scor-bio_scor];
  ! mth_scor-bio_scor;
  ! mth_scor with sci_scor(5);
  ! mth_scor with phy_scor(6);
  ! mth_scor with bio_scor(7);
  ! sci_scor with phy_scor(8);
  ! sci_scor with bio_scor(9);
  ! phy_scor with bio_scor(10);

  ! %c#4%
  ! [mth_scor-bio_scor];
  ! mth_scor-bio_scor;
  ! mth_scor with sci_scor(5);
  ! mth_scor with phy_scor(6);
  ! mth_scor with bio_scor(7);
  ! sci_scor with phy_scor(8);
  ! sci_scor with bio_scor(9);
  ! phy_scor with bio_scor(10);
  OUTPUT:
  sampstat residual tech11 tech14;
  PLOT:
  type = plot3;
       series = mth_scor-bio_scor(*);



*** WARNING in MODEL command
  All variables are uncorrelated with all other variables within class.
  Check that this is what is intended.
*** WARNING in OUTPUT command
  TECH11 option is not available for TYPE=MIXTURE with only one class.
  Request for TECH11 is ignored.
*** WARNING in OUTPUT command
  TECH14 option is not available for TYPE=MIXTURE with only one class.
  Request for TECH14 is ignored.
*** WARNING
  Data set contains cases with missing on all variables.
  These cases were not included in the analysis.
  Number of cases with missing on all variables:  2842
   4 WARNING(S) FOUND IN THE INPUT INSTRUCTIONS




M2a: Class1

SUMMARY OF ANALYSIS

Number of groups                                                 1
Number of observations                                        3103

Number of dependent variables                                    4
Number of independent variables                                  0
Number of continuous latent variables                            0
Number of categorical latent variables                           1

Observed dependent variables

  Continuous
   MTH_SCOR    SCI_SCOR    PHY_SCOR    BIO_SCOR

Categorical latent variables
   C


Estimator                                                      MLR
Information matrix                                        OBSERVED
Optimization Specifications for the Quasi-Newton Algorithm for
Continuous Outcomes
  Maximum number of iterations                                 100
  Convergence criterion                                  0.100D-05
Optimization Specifications for the EM Algorithm
  Maximum number of iterations                                 500
  Convergence criteria
    Loglikelihood change                                 0.100D-06
    Relative loglikelihood change                        0.100D-06
    Derivative                                           0.100D-05
Optimization Specifications for the M step of the EM Algorithm for
Categorical Latent variables
  Number of M step iterations                                    1
  M step convergence criterion                           0.100D-05
  Basis for M step termination                           ITERATION
Optimization Specifications for the M step of the EM Algorithm for
Censored, Binary or Ordered Categorical (Ordinal), Unordered
Categorical (Nominal) and Count Outcomes
  Number of M step iterations                                    1
  M step convergence criterion                           0.100D-05
  Basis for M step termination                           ITERATION
  Maximum value for logit thresholds                            15
  Minimum value for logit thresholds                           -15
  Minimum expected cell size for chi-square              0.100D-01
Maximum number of iterations for H1                           2000
Convergence criterion for H1                             0.100D-03
Optimization algorithm                                         EMA
Random Starts Specifications
  Number of initial stage random starts                        200
  Number of final stage optimizations                           50
  Number of initial stage iterations                            10
  Initial stage convergence criterion                    0.100D+01
  Random starts scale                                    0.500D+01
  Random seed for generating random starts                       0

Input data file(s)
  /Users/agarber/github/Intro_to_LPA/m2a_enum/c_lpa_m2a.dat
Input data format  FREE


SUMMARY OF DATA

     Number of missing data patterns             3
     Number of y missing data patterns           3
     Number of u missing data patterns           0


COVARIANCE COVERAGE OF DATA

Minimum covariance coverage value   0.100


     PROPORTION OF DATA PRESENT FOR Y


           Covariance Coverage
              MTH_SCOR      SCI_SCOR      PHY_SCOR      BIO_SCOR
              ________      ________      ________      ________
 MTH_SCOR       0.995
 SCI_SCOR       0.994         0.998
 PHY_SCOR       0.994         0.998         0.998
 BIO_SCOR       0.994         0.998         0.998         0.998


SAMPLE STATISTICS


     ESTIMATED SAMPLE STATISTICS


           Means
              MTH_SCOR      SCI_SCOR      PHY_SCOR      BIO_SCOR
              ________      ________      ________      ________
               50.368        50.358        50.347        50.325


           Covariances
              MTH_SCOR      SCI_SCOR      PHY_SCOR      BIO_SCOR
              ________      ________      ________      ________
 MTH_SCOR     103.638
 SCI_SCOR      74.304       104.230
 PHY_SCOR      70.074        98.602       104.378
 BIO_SCOR      58.375        81.622        68.856       101.347


           Correlations
              MTH_SCOR      SCI_SCOR      PHY_SCOR      BIO_SCOR
              ________      ________      ________      ________
 MTH_SCOR       1.000
 SCI_SCOR       0.715         1.000
 PHY_SCOR       0.674         0.945         1.000
 BIO_SCOR       0.570         0.794         0.669         1.000


     MAXIMUM LOG-LIKELIHOOD VALUE FOR THE UNRESTRICTED (H1) MODEL IS -39883.582


UNIVARIATE SAMPLE STATISTICS


     UNIVARIATE HIGHER-ORDER MOMENT DESCRIPTIVE STATISTICS

         Variable/         Mean/     Skewness/   Minimum/ % with                Percentiles
        Sample Size      Variance    Kurtosis    Maximum  Min/Max      20%/60%    40%/80%    Median

     MTH_SCOR             50.381       0.205      27.360    0.03%      40.870     46.940     50.045
            3088.000     103.684      -0.572      85.070    0.03%      53.150     59.660
     SCI_SCOR             50.366       0.193      26.140    0.03%      40.910     47.150     50.020
            3098.000     104.263      -0.460      88.030    0.03%      52.940     59.270
     PHY_SCOR             50.354       0.246      25.500    0.03%      40.880     47.290     50.165
            3098.000     104.408      -0.238      87.290    0.06%      52.960     58.770
     BIO_SCOR             50.330      -0.036      24.750    0.16%      41.170     47.910     50.240
            3098.000     101.367      -0.358      70.580    5.75%      53.010     58.650

RANDOM STARTS RESULTS RANKED FROM THE BEST TO THE WORST LOGLIKELIHOOD VALUES

Final stage loglikelihood values at local maxima, seeds, and initial stage start numbers:

          -39883.582  392418           28
          -39883.582  150531           154
          -39883.582  319144           176
          -39883.582  373505           88
          -39883.582  318230           46
          -39883.582  345070           114
          -39883.582  603842           61
          -39883.582  830392           35
          -39883.582  383986           159
          -39883.582  120506           45
          -39883.582  124999           96
          -39883.582  570782           193
          -39883.582  462953           7
          -39883.582  415931           10
          -39883.582  195873           6
          -39883.582  153942           31
          -39883.582  227563           63
          -39883.582  948615           140
          -39883.582  475420           71
          -39883.582  417035           149
          -39883.582  696773           80
          -39883.582  297518           166
          -39883.582  370466           41
          -39883.582  268217           83
          -39883.582  902278           21
          -39883.582  281558           184
          -39883.582  575700           100
          -39883.582  259507           53
          -39883.582  551639           55
          -39883.582  645664           39
          -39883.582  476498           179
          -39883.582  848969           173
          -39883.582  903369           134
          -39883.582  848331           137
          -39883.582  51375            148
          -39883.582  76337            76
          -39883.582  190339           102
          -39883.582  674171           195
          -39883.582  635245           121
          -39883.582  579995           183
          -39883.582  609185           181
          -39883.582  292884           103
          -39883.582  440841           118
          -39883.582  931874           141
          -39883.582  unperturbed      0
          -39883.582  821011           161
          -39883.582  314084           81
          -39883.582  371246           101

2 perturbed starting value run(s) did not converge or were rejected in the third stage.



THE MODEL ESTIMATION TERMINATED NORMALLY



MODEL FIT INFORMATION

Number of Free Parameters                       14

Loglikelihood

          H0 Value                      -39883.582
          H0 Scaling Correction Factor      0.9766
            for MLR

Information Criteria

          Akaike (AIC)                   79795.164
          Bayesian (BIC)                 79879.726
          Sample-Size Adjusted BIC       79835.242
            (n* = (n + 2) / 24)



FINAL CLASS COUNTS AND PROPORTIONS FOR THE LATENT CLASSES
BASED ON THE ESTIMATED MODEL

    Latent
   Classes

       1       3103.00000          1.00000


FINAL CLASS COUNTS AND PROPORTIONS FOR THE LATENT CLASSES
BASED ON ESTIMATED POSTERIOR PROBABILITIES

    Latent
   Classes

       1       3103.00000          1.00000


FINAL CLASS COUNTS AND PROPORTIONS FOR THE LATENT CLASSES
BASED ON THEIR MOST LIKELY LATENT CLASS MEMBERSHIP

Class Counts and Proportions

    Latent
   Classes

       1             3103          1.00000


Average Latent Class Probabilities for Most Likely Latent Class Membership (Row)
by Latent Class (Column)

           1

    1   1.000


Classification Probabilities for the Most Likely Latent Class Membership (Column)
by Latent Class (Row)

           1

    1   1.000


Logits for the Classification Probabilities for the Most Likely Latent Class Membership (Column)
by Latent Class (Row)

              1

    1      0.000


MODEL RESULTS

                                                    Two-Tailed
                    Estimate       S.E.  Est./S.E.    P-Value

Latent Class 1

 MTH_SCOR WITH
    SCI_SCOR          74.304      2.029     36.624      0.000
    PHY_SCOR          70.074      2.070     33.854      0.000
    BIO_SCOR          58.375      1.885     30.961      0.000

 SCI_SCOR WITH
    PHY_SCOR          98.602      2.350     41.962      0.000
    BIO_SCOR          81.622      2.019     40.435      0.000

 PHY_SCOR WITH
    BIO_SCOR          68.856      1.941     35.467      0.000

 Means
    MTH_SCOR          50.368      0.183    275.316      0.000
    SCI_SCOR          50.358      0.183    274.672      0.000
    PHY_SCOR          50.347      0.183    274.405      0.000
    BIO_SCOR          50.325      0.181    278.298      0.000

 Variances
    MTH_SCOR         103.638      2.227     46.528      0.000
    SCI_SCOR         104.230      2.324     44.855      0.000
    PHY_SCOR         104.378      2.489     41.940      0.000
    BIO_SCOR         101.347      2.333     43.437      0.000


QUALITY OF NUMERICAL RESULTS

     Condition Number for the Information Matrix              0.488E-04
       (ratio of smallest to largest eigenvalue)


RESIDUAL OUTPUT


     ESTIMATED MODEL AND RESIDUALS (OBSERVED - ESTIMATED) FOR CLASS 1


           Model Estimated Means
              MTH_SCOR      SCI_SCOR      PHY_SCOR      BIO_SCOR
              ________      ________      ________      ________
               50.368        50.358        50.347        50.325


           Residuals for Means
              MTH_SCOR      SCI_SCOR      PHY_SCOR      BIO_SCOR
              ________      ________      ________      ________
                0.014         0.007         0.007         0.006


           Model Estimated Covariances
              MTH_SCOR      SCI_SCOR      PHY_SCOR      BIO_SCOR
              ________      ________      ________      ________
 MTH_SCOR     103.638
 SCI_SCOR      74.304       104.230
 PHY_SCOR      70.074        98.602       104.378
 BIO_SCOR      58.375        81.622        68.856       101.347


           Residuals for Covariances
              MTH_SCOR      SCI_SCOR      PHY_SCOR      BIO_SCOR
              ________      ________      ________      ________
 MTH_SCOR       0.047
 SCI_SCOR       1.607         0.033
 PHY_SCOR       1.567         0.031         0.030
 BIO_SCOR       1.301         0.026         0.025         0.021


PLOT INFORMATION

The following plots are available:

  Histograms (sample values)
  Scatterplots (sample values)
  Sample means
  Estimated means, medians, modes, and percentiles
  Sample and estimated means
  Observed individual values
  Estimated means and observed individual values
  Estimated overall and class-specific distributions

     Beginning Time:  09:45:57
        Ending Time:  09:45:59
       Elapsed Time:  00:00:02



MUTHEN & MUTHEN
3463 Stoner Ave.
Los Angeles, CA  90066

Tel: (310) 391-9971
Fax: (310) 391-8971
Web: www.StatModel.com
Support: Support@StatModel.com

Copyright (c) 1998-2021 Muthen & Muthen
